trace: raft monitor started {"timestamp":"2026-05-31T05:01:30.267Z"}
trace: [TERM 0] no heartbeat for 8025ms – starting election {"timestamp":"2026-05-31T05:01:33.272Z"}
trace: [TERM 1] election timeout – transitioning to candidate {"timestamp":"2026-05-31T05:01:33.275Z"}
trace: [TERM 1] voted for self (dn1s2), votes=1 {"timestamp":"2026-05-31T05:01:33.276Z"}
trace: [TERM 1] sending RequestVote to http://dn1s1:9011 {"timestamp":"2026-05-31T05:01:33.276Z"}
trace: [TERM 1] vote granted by http://dn1s1:9011 – total votes=2 {"timestamp":"2026-05-31T05:01:33.390Z"}
trace: [TERM 1] sending RequestVote to http://dn1s3:9013 {"timestamp":"2026-05-31T05:01:33.391Z"}
trace: [TERM 1] vote granted by http://dn1s3:9013 – total votes=3 {"timestamp":"2026-05-31T05:01:33.435Z"}
trace: [TERM 1] election result: 3/3 votes (need 2) {"timestamp":"2026-05-31T05:01:33.436Z"}
trace: [TERM 1] won election – transitioning to LEADER {"timestamp":"2026-05-31T05:01:33.437Z"}
trace: [TERM 1] identity sent to RP: http://dn1s2:9012 {"timestamp":"2026-05-31T05:01:33.448Z"}
trace: [TERM 1] heartbeat sent to http://dn1s1:9011 {"timestamp":"2026-05-31T05:01:35.491Z"}
trace: [TERM 1] heartbeat sent to http://dn1s3:9013 {"timestamp":"2026-05-31T05:01:35.524Z"}
trace: [TERM 1] heartbeat sent to http://dn1s1:9011 {"timestamp":"2026-05-31T05:01:37.458Z"}
trace: [TERM 1] heartbeat sent to http://dn1s3:9013 {"timestamp":"2026-05-31T05:01:37.465Z"}
trace: [TERM 1] heartbeat sent to http://dn1s1:9011 {"timestamp":"2026-05-31T05:01:39.461Z"}
trace: [TERM 1] heartbeat sent to http://dn1s3:9013 {"timestamp":"2026-05-31T05:01:39.474Z"}
trace: [TERM 1] heartbeat sent to http://dn1s1:9011 {"timestamp":"2026-05-31T05:01:41.458Z"}
trace: [TERM 1] heartbeat sent to http://dn1s3:9013 {"timestamp":"2026-05-31T05:01:41.464Z"}
trace: [TERM 1] heartbeat sent to http://dn1s1:9011 {"timestamp":"2026-05-31T05:01:43.458Z"}
trace: [TERM 1] heartbeat sent to http://dn1s3:9013 {"timestamp":"2026-05-31T05:01:43.466Z"}
trace: [TERM 1] heartbeat sent to http://dn1s1:9011 {"timestamp":"2026-05-31T05:01:45.462Z"}
trace: [TERM 1] heartbeat sent to http://dn1s3:9013 {"timestamp":"2026-05-31T05:01:45.470Z"}
trace: [TERM 1] heartbeat sent to http://dn1s1:9011 {"timestamp":"2026-05-31T05:01:47.462Z"}
trace: [TERM 1] heartbeat sent to http://dn1s3:9013 {"timestamp":"2026-05-31T05:01:47.470Z"}
trace: [TERM 1] heartbeat sent to http://dn1s1:9011 {"timestamp":"2026-05-31T05:01:49.468Z"}
trace: [TERM 1] heartbeat sent to http://dn1s3:9013 {"timestamp":"2026-05-31T05:01:49.482Z"}
trace: [TERM 1] heartbeat sent to http://dn1s1:9011 {"timestamp":"2026-05-31T05:01:51.463Z"}
trace: [TERM 1] heartbeat sent to http://dn1s3:9013 {"timestamp":"2026-05-31T05:01:51.472Z"}
trace: [TERM 1] heartbeat sent to http://dn1s1:9011 {"timestamp":"2026-05-31T05:01:53.458Z"}
trace: [TERM 1] heartbeat sent to http://dn1s3:9013 {"timestamp":"2026-05-31T05:01:53.461Z"}
trace: [TERM 1] heartbeat sent to http://dn1s1:9011 {"timestamp":"2026-05-31T05:01:55.462Z"}
trace: [TERM 1] heartbeat sent to http://dn1s3:9013 {"timestamp":"2026-05-31T05:01:55.471Z"}
trace: [TERM 1] heartbeat sent to http://dn1s1:9011 {"timestamp":"2026-05-31T05:01:57.461Z"}
trace: [TERM 1] heartbeat sent to http://dn1s3:9013 {"timestamp":"2026-05-31T05:01:57.466Z"}
trace: [TERM 1] heartbeat sent to http://dn1s1:9011 {"timestamp":"2026-05-31T05:01:59.460Z"}
trace: [TERM 1] heartbeat sent to http://dn1s3:9013 {"timestamp":"2026-05-31T05:01:59.465Z"}
trace: [TERM 1] heartbeat sent to http://dn1s1:9011 {"timestamp":"2026-05-31T05:02:01.464Z"}
trace: [TERM 1] heartbeat sent to http://dn1s3:9013 {"timestamp":"2026-05-31T05:02:01.470Z"}
trace: [TERM 1] heartbeat sent to http://dn1s1:9011 {"timestamp":"2026-05-31T05:02:03.461Z"}
trace: [TERM 1] heartbeat sent to http://dn1s3:9013 {"timestamp":"2026-05-31T05:02:03.464Z"}
trace: [TERM 1] heartbeat sent to http://dn1s1:9011 {"timestamp":"2026-05-31T05:02:05.462Z"}
trace: [TERM 1] heartbeat sent to http://dn1s3:9013 {"timestamp":"2026-05-31T05:02:05.466Z"}
trace: [TERM 1] heartbeat sent to http://dn1s1:9011 {"timestamp":"2026-05-31T05:02:07.460Z"}
trace: [TERM 1] heartbeat sent to http://dn1s3:9013 {"timestamp":"2026-05-31T05:02:07.463Z"}
trace: [TERM 1] heartbeat sent to http://dn1s1:9011 {"timestamp":"2026-05-31T05:02:09.460Z"}
trace: [TERM 1] heartbeat sent to http://dn1s3:9013 {"timestamp":"2026-05-31T05:02:09.462Z"}
trace: [TERM 1] heartbeat sent to http://dn1s1:9011 {"timestamp":"2026-05-31T05:02:11.464Z"}
trace: [TERM 1] heartbeat sent to http://dn1s3:9013 {"timestamp":"2026-05-31T05:02:11.471Z"}
trace: [TERM 1] heartbeat sent to http://dn1s1:9011 {"timestamp":"2026-05-31T05:02:13.466Z"}
trace: [TERM 1] heartbeat sent to http://dn1s3:9013 {"timestamp":"2026-05-31T05:02:13.471Z"}
trace: [TERM 1] heartbeat sent to http://dn1s1:9011 {"timestamp":"2026-05-31T05:02:15.464Z"}
trace: [TERM 1] heartbeat sent to http://dn1s3:9013 {"timestamp":"2026-05-31T05:02:15.469Z"}
trace: [TERM 1] heartbeat sent to http://dn1s1:9011 {"timestamp":"2026-05-31T05:02:17.468Z"}
trace: [TERM 1] heartbeat sent to http://dn1s3:9013 {"timestamp":"2026-05-31T05:02:17.476Z"}
trace: [TERM 1] heartbeat sent to http://dn1s1:9011 {"timestamp":"2026-05-31T05:02:19.465Z"}
trace: [TERM 1] heartbeat sent to http://dn1s3:9013 {"timestamp":"2026-05-31T05:02:19.469Z"}
trace: [TERM 1] heartbeat sent to http://dn1s1:9011 {"timestamp":"2026-05-31T05:02:21.468Z"}
trace: [TERM 1] heartbeat sent to http://dn1s3:9013 {"timestamp":"2026-05-31T05:02:21.473Z"}
trace: [TERM 1] heartbeat sent to http://dn1s1:9011 {"timestamp":"2026-05-31T05:02:23.466Z"}
trace: [TERM 1] heartbeat sent to http://dn1s3:9013 {"timestamp":"2026-05-31T05:02:23.468Z"}
trace: [TERM 1] heartbeat sent to http://dn1s1:9011 {"timestamp":"2026-05-31T05:02:25.467Z"}
trace: [TERM 1] heartbeat sent to http://dn1s3:9013 {"timestamp":"2026-05-31T05:02:25.470Z"}
trace: [TERM 1] heartbeat sent to http://dn1s1:9011 {"timestamp":"2026-05-31T05:02:27.475Z"}
trace: [TERM 1] heartbeat sent to http://dn1s3:9013 {"timestamp":"2026-05-31T05:02:27.483Z"}
trace: [TERM 1] heartbeat sent to http://dn1s1:9011 {"timestamp":"2026-05-31T05:02:29.471Z"}
trace: [TERM 1] heartbeat sent to http://dn1s3:9013 {"timestamp":"2026-05-31T05:02:29.478Z"}
trace: [TERM 1] heartbeat sent to http://dn1s1:9011 {"timestamp":"2026-05-31T05:02:31.470Z"}
trace: [TERM 1] heartbeat sent to http://dn1s3:9013 {"timestamp":"2026-05-31T05:02:31.475Z"}
trace: [TERM 1] heartbeat sent to http://dn1s1:9011 {"timestamp":"2026-05-31T05:02:33.475Z"}
trace: [TERM 1] heartbeat sent to http://dn1s3:9013 {"timestamp":"2026-05-31T05:02:33.483Z"}
trace: [TERM 1] heartbeat sent to http://dn1s1:9011 {"timestamp":"2026-05-31T05:02:35.472Z"}
trace: [TERM 1] heartbeat sent to http://dn1s3:9013 {"timestamp":"2026-05-31T05:02:35.479Z"}
trace: [TERM 1] heartbeat sent to http://dn1s1:9011 {"timestamp":"2026-05-31T05:02:37.471Z"}
trace: [TERM 1] heartbeat sent to http://dn1s3:9013 {"timestamp":"2026-05-31T05:02:37.476Z"}
trace: [TERM 1] heartbeat sent to http://dn1s1:9011 {"timestamp":"2026-05-31T05:02:39.468Z"}
trace: [TERM 1] heartbeat sent to http://dn1s3:9013 {"timestamp":"2026-05-31T05:02:39.470Z"}
trace: [TERM 1] heartbeat sent to http://dn1s1:9011 {"timestamp":"2026-05-31T05:02:41.471Z"}
trace: [TERM 1] heartbeat sent to http://dn1s3:9013 {"timestamp":"2026-05-31T05:02:41.476Z"}
trace: [TERM 1] heartbeat sent to http://dn1s1:9011 {"timestamp":"2026-05-31T05:02:43.469Z"}
trace: [TERM 1] heartbeat sent to http://dn1s3:9013 {"timestamp":"2026-05-31T05:02:43.471Z"}
trace: [TERM 1] heartbeat sent to http://dn1s1:9011 {"timestamp":"2026-05-31T05:02:45.469Z"}
trace: [TERM 1] heartbeat sent to http://dn1s3:9013 {"timestamp":"2026-05-31T05:02:45.472Z"}
trace: [TERM 1] heartbeat sent to http://dn1s1:9011 {"timestamp":"2026-05-31T05:02:47.472Z"}
trace: [TERM 1] heartbeat sent to http://dn1s3:9013 {"timestamp":"2026-05-31T05:02:47.476Z"}
trace: [TERM 1] heartbeat sent to http://dn1s1:9011 {"timestamp":"2026-05-31T05:02:49.471Z"}
trace: [TERM 1] heartbeat sent to http://dn1s3:9013 {"timestamp":"2026-05-31T05:02:49.473Z"}
trace: [TERM 1] heartbeat sent to http://dn1s1:9011 {"timestamp":"2026-05-31T05:02:51.471Z"}
trace: [TERM 1] heartbeat sent to http://dn1s3:9013 {"timestamp":"2026-05-31T05:02:51.477Z"}
trace: [TERM 1] heartbeat sent to http://dn1s1:9011 {"timestamp":"2026-05-31T05:02:53.473Z"}
trace: [TERM 1] heartbeat sent to http://dn1s3:9013 {"timestamp":"2026-05-31T05:02:53.478Z"}
trace: [TERM 1] heartbeat sent to http://dn1s1:9011 {"timestamp":"2026-05-31T05:02:55.470Z"}
trace: [TERM 1] heartbeat sent to http://dn1s3:9013 {"timestamp":"2026-05-31T05:02:55.476Z"}
trace: [TERM 1] heartbeat sent to http://dn1s1:9011 {"timestamp":"2026-05-31T05:02:57.469Z"}
trace: [TERM 1] heartbeat sent to http://dn1s3:9013 {"timestamp":"2026-05-31T05:02:57.471Z"}
trace: [TERM 1] heartbeat sent to http://dn1s1:9011 {"timestamp":"2026-05-31T05:02:59.472Z"}
trace: [TERM 1] heartbeat sent to http://dn1s3:9013 {"timestamp":"2026-05-31T05:02:59.476Z"}
trace: [TERM 1] heartbeat sent to http://dn1s1:9011 {"timestamp":"2026-05-31T05:03:01.474Z"}
trace: [TERM 1] heartbeat sent to http://dn1s3:9013 {"timestamp":"2026-05-31T05:03:01.481Z"}
trace: [TERM 1] heartbeat sent to http://dn1s1:9011 {"timestamp":"2026-05-31T05:03:03.475Z"}
trace: [TERM 1] heartbeat sent to http://dn1s3:9013 {"timestamp":"2026-05-31T05:03:03.483Z"}
trace: [TERM 1] heartbeat sent to http://dn1s1:9011 {"timestamp":"2026-05-31T05:03:05.473Z"}
trace: [TERM 1] heartbeat sent to http://dn1s3:9013 {"timestamp":"2026-05-31T05:03:05.477Z"}
trace: [TERM 1] heartbeat sent to http://dn1s1:9011 {"timestamp":"2026-05-31T05:03:07.472Z"}
trace: [TERM 1] heartbeat sent to http://dn1s3:9013 {"timestamp":"2026-05-31T05:03:07.476Z"}
trace: [TERM 1] heartbeat sent to http://dn1s1:9011 {"timestamp":"2026-05-31T05:03:09.472Z"}
trace: [TERM 1] heartbeat sent to http://dn1s3:9013 {"timestamp":"2026-05-31T05:03:09.474Z"}
trace: [TERM 1] heartbeat sent to http://dn1s1:9011 {"timestamp":"2026-05-31T05:03:11.472Z"}
trace: [TERM 1] heartbeat sent to http://dn1s3:9013 {"timestamp":"2026-05-31T05:03:11.475Z"}
trace: [TERM 1] heartbeat sent to http://dn1s1:9011 {"timestamp":"2026-05-31T05:03:13.472Z"}
trace: [TERM 1] heartbeat sent to http://dn1s3:9013 {"timestamp":"2026-05-31T05:03:13.474Z"}
trace: [TERM 1] heartbeat sent to http://dn1s1:9011 {"timestamp":"2026-05-31T05:03:15.474Z"}
trace: [TERM 1] heartbeat sent to http://dn1s3:9013 {"timestamp":"2026-05-31T05:03:15.477Z"}
trace: [TERM 1] heartbeat sent to http://dn1s1:9011 {"timestamp":"2026-05-31T05:03:17.472Z"}
trace: [TERM 1] heartbeat sent to http://dn1s3:9013 {"timestamp":"2026-05-31T05:03:17.476Z"}
trace: [TERM 1] heartbeat sent to http://dn1s1:9011 {"timestamp":"2026-05-31T05:03:19.473Z"}
trace: [TERM 1] heartbeat sent to http://dn1s3:9013 {"timestamp":"2026-05-31T05:03:19.476Z"}
trace: [TERM 1] heartbeat sent to http://dn1s1:9011 {"timestamp":"2026-05-31T05:03:21.472Z"}
trace: [TERM 1] heartbeat sent to http://dn1s3:9013 {"timestamp":"2026-05-31T05:03:21.476Z"}
trace: [TERM 1] heartbeat sent to http://dn1s1:9011 {"timestamp":"2026-05-31T05:03:23.481Z"}
trace: [TERM 1] heartbeat sent to http://dn1s3:9013 {"timestamp":"2026-05-31T05:03:23.489Z"}
trace: [TERM 1] heartbeat sent to http://dn1s1:9011 {"timestamp":"2026-05-31T05:03:25.472Z"}
trace: [TERM 1] heartbeat sent to http://dn1s3:9013 {"timestamp":"2026-05-31T05:03:25.475Z"}
trace: [TERM 1] heartbeat sent to http://dn1s1:9011 {"timestamp":"2026-05-31T05:03:27.472Z"}
trace: [TERM 1] heartbeat sent to http://dn1s3:9013 {"timestamp":"2026-05-31T05:03:27.474Z"}
trace: [TERM 1] heartbeat sent to http://dn1s1:9011 {"timestamp":"2026-05-31T05:03:29.475Z"}
trace: [TERM 1] heartbeat sent to http://dn1s3:9013 {"timestamp":"2026-05-31T05:03:29.479Z"}
trace: [TERM 1] heartbeat sent to http://dn1s1:9011 {"timestamp":"2026-05-31T05:03:31.472Z"}
trace: [TERM 1] heartbeat sent to http://dn1s3:9013 {"timestamp":"2026-05-31T05:03:31.474Z"}
trace: [TERM 1] heartbeat sent to http://dn1s1:9011 {"timestamp":"2026-05-31T05:03:33.473Z"}
trace: [TERM 1] heartbeat sent to http://dn1s3:9013 {"timestamp":"2026-05-31T05:03:33.475Z"}
trace: [TERM 1] heartbeat sent to http://dn1s1:9011 {"timestamp":"2026-05-31T05:03:35.473Z"}
trace: [TERM 1] heartbeat sent to http://dn1s3:9013 {"timestamp":"2026-05-31T05:03:35.475Z"}
trace: [TERM 1] heartbeat sent to http://dn1s1:9011 {"timestamp":"2026-05-31T05:03:37.472Z"}
trace: [TERM 1] heartbeat sent to http://dn1s3:9013 {"timestamp":"2026-05-31T05:03:37.474Z"}
trace: [TERM 1] heartbeat sent to http://dn1s1:9011 {"timestamp":"2026-05-31T05:03:39.474Z"}
trace: [TERM 1] heartbeat sent to http://dn1s3:9013 {"timestamp":"2026-05-31T05:03:39.476Z"}
trace: [TERM 1] heartbeat sent to http://dn1s1:9011 {"timestamp":"2026-05-31T05:03:41.475Z"}
trace: [TERM 1] heartbeat sent to http://dn1s3:9013 {"timestamp":"2026-05-31T05:03:41.477Z"}
trace: [TERM 1] heartbeat sent to http://dn1s1:9011 {"timestamp":"2026-05-31T05:03:43.475Z"}
trace: [TERM 1] heartbeat sent to http://dn1s3:9013 {"timestamp":"2026-05-31T05:03:43.480Z"}
trace: [TERM 1] heartbeat sent to http://dn1s1:9011 {"timestamp":"2026-05-31T05:03:45.474Z"}
trace: [TERM 1] heartbeat sent to http://dn1s3:9013 {"timestamp":"2026-05-31T05:03:45.476Z"}
trace: [TERM 1] heartbeat sent to http://dn1s1:9011 {"timestamp":"2026-05-31T05:03:47.473Z"}
trace: [TERM 1] heartbeat sent to http://dn1s3:9013 {"timestamp":"2026-05-31T05:03:47.476Z"}
trace: [TERM 1] heartbeat sent to http://dn1s1:9011 {"timestamp":"2026-05-31T05:03:49.474Z"}
trace: [TERM 1] heartbeat sent to http://dn1s3:9013 {"timestamp":"2026-05-31T05:03:49.477Z"}
trace: [TERM 1] heartbeat sent to http://dn1s1:9011 {"timestamp":"2026-05-31T05:03:51.473Z"}
trace: [TERM 1] heartbeat sent to http://dn1s3:9013 {"timestamp":"2026-05-31T05:03:51.475Z"}
trace: [TERM 1] heartbeat sent to http://dn1s1:9011 {"timestamp":"2026-05-31T05:03:53.474Z"}
trace: [TERM 1] heartbeat sent to http://dn1s3:9013 {"timestamp":"2026-05-31T05:03:53.476Z"}
trace: [TERM 1] heartbeat sent to http://dn1s1:9011 {"timestamp":"2026-05-31T05:03:55.476Z"}
trace: [TERM 1] heartbeat sent to http://dn1s3:9013 {"timestamp":"2026-05-31T05:03:55.483Z"}
trace: [TERM 1] heartbeat sent to http://dn1s1:9011 {"timestamp":"2026-05-31T05:03:57.474Z"}
trace: [TERM 1] heartbeat sent to http://dn1s3:9013 {"timestamp":"2026-05-31T05:03:57.476Z"}
trace: [TERM 1] heartbeat sent to http://dn1s1:9011 {"timestamp":"2026-05-31T05:03:59.474Z"}
trace: [TERM 1] heartbeat sent to http://dn1s3:9013 {"timestamp":"2026-05-31T05:03:59.476Z"}
trace: [TERM 1] heartbeat sent to http://dn1s1:9011 {"timestamp":"2026-05-31T05:04:01.478Z"}
trace: [TERM 1] heartbeat sent to http://dn1s3:9013 {"timestamp":"2026-05-31T05:04:01.487Z"}
trace: [TERM 1] heartbeat sent to http://dn1s1:9011 {"timestamp":"2026-05-31T05:04:03.475Z"}
trace: [TERM 1] heartbeat sent to http://dn1s3:9013 {"timestamp":"2026-05-31T05:04:03.477Z"}
trace: [TERM 1] heartbeat sent to http://dn1s1:9011 {"timestamp":"2026-05-31T05:04:05.475Z"}
trace: [TERM 1] heartbeat sent to http://dn1s3:9013 {"timestamp":"2026-05-31T05:04:05.478Z"}
trace: [TERM 1] heartbeat sent to http://dn1s1:9011 {"timestamp":"2026-05-31T05:04:07.478Z"}
trace: [TERM 1] heartbeat sent to http://dn1s3:9013 {"timestamp":"2026-05-31T05:04:07.482Z"}
trace: [TERM 1] heartbeat sent to http://dn1s1:9011 {"timestamp":"2026-05-31T05:04:09.477Z"}
trace: [TERM 1] heartbeat sent to http://dn1s3:9013 {"timestamp":"2026-05-31T05:04:09.479Z"}
trace: [TERM 1] heartbeat sent to http://dn1s1:9011 {"timestamp":"2026-05-31T05:04:11.478Z"}
trace: [TERM 1] heartbeat sent to http://dn1s3:9013 {"timestamp":"2026-05-31T05:04:11.480Z"}
trace: [TERM 1] heartbeat sent to http://dn1s1:9011 {"timestamp":"2026-05-31T05:04:13.479Z"}
trace: [TERM 1] heartbeat sent to http://dn1s3:9013 {"timestamp":"2026-05-31T05:04:13.482Z"}
trace: [TERM 1] heartbeat sent to http://dn1s1:9011 {"timestamp":"2026-05-31T05:04:15.477Z"}
trace: [TERM 1] heartbeat sent to http://dn1s3:9013 {"timestamp":"2026-05-31T05:04:15.480Z"}
trace: [TERM 1] heartbeat sent to http://dn1s1:9011 {"timestamp":"2026-05-31T05:04:17.481Z"}
trace: [TERM 1] heartbeat sent to http://dn1s3:9013 {"timestamp":"2026-05-31T05:04:17.484Z"}
trace: [TERM 1] heartbeat sent to http://dn1s1:9011 {"timestamp":"2026-05-31T05:04:19.479Z"}
trace: [TERM 1] heartbeat sent to http://dn1s3:9013 {"timestamp":"2026-05-31T05:04:19.482Z"}
trace: [TERM 1] heartbeat sent to http://dn1s1:9011 {"timestamp":"2026-05-31T05:04:21.479Z"}
trace: [TERM 1] heartbeat sent to http://dn1s3:9013 {"timestamp":"2026-05-31T05:04:21.481Z"}
trace: [TERM 1] heartbeat sent to http://dn1s1:9011 {"timestamp":"2026-05-31T05:04:23.479Z"}
trace: [TERM 1] heartbeat sent to http://dn1s3:9013 {"timestamp":"2026-05-31T05:04:23.483Z"}
trace: [TERM 1] heartbeat sent to http://dn1s1:9011 {"timestamp":"2026-05-31T05:04:25.481Z"}
trace: [TERM 1] heartbeat sent to http://dn1s3:9013 {"timestamp":"2026-05-31T05:04:25.486Z"}
trace: [TERM 1] heartbeat sent to http://dn1s1:9011 {"timestamp":"2026-05-31T05:04:27.482Z"}
trace: [TERM 1] heartbeat sent to http://dn1s3:9013 {"timestamp":"2026-05-31T05:04:27.487Z"}
trace: [TERM 1] heartbeat sent to http://dn1s1:9011 {"timestamp":"2026-05-31T05:04:29.483Z"}
trace: [TERM 1] heartbeat sent to http://dn1s3:9013 {"timestamp":"2026-05-31T05:04:29.488Z"}
trace: [TERM 1] heartbeat sent to http://dn1s1:9011 {"timestamp":"2026-05-31T05:04:31.480Z"}
trace: [TERM 1] heartbeat sent to http://dn1s3:9013 {"timestamp":"2026-05-31T05:04:31.483Z"}
trace: [TERM 1] heartbeat sent to http://dn1s1:9011 {"timestamp":"2026-05-31T05:04:33.485Z"}
trace: [TERM 1] heartbeat sent to http://dn1s3:9013 {"timestamp":"2026-05-31T05:04:33.491Z"}
trace: [TERM 1] heartbeat sent to http://dn1s1:9011 {"timestamp":"2026-05-31T05:04:35.481Z"}
trace: [TERM 1] heartbeat sent to http://dn1s3:9013 {"timestamp":"2026-05-31T05:04:35.484Z"}
trace: [TERM 1] heartbeat sent to http://dn1s1:9011 {"timestamp":"2026-05-31T05:04:37.484Z"}
trace: [TERM 1] heartbeat sent to http://dn1s3:9013 {"timestamp":"2026-05-31T05:04:37.488Z"}
trace: [TERM 1] heartbeat sent to http://dn1s1:9011 {"timestamp":"2026-05-31T05:04:39.485Z"}
trace: [TERM 1] heartbeat sent to http://dn1s3:9013 {"timestamp":"2026-05-31T05:04:39.489Z"}
trace: [TERM 1] heartbeat sent to http://dn1s1:9011 {"timestamp":"2026-05-31T05:04:41.487Z"}
trace: [TERM 1] heartbeat sent to http://dn1s3:9013 {"timestamp":"2026-05-31T05:04:41.491Z"}
trace: [TERM 1] heartbeat sent to http://dn1s1:9011 {"timestamp":"2026-05-31T05:04:43.487Z"}
trace: [TERM 1] heartbeat sent to http://dn1s3:9013 {"timestamp":"2026-05-31T05:04:43.492Z"}
trace: [TERM 1] heartbeat sent to http://dn1s1:9011 {"timestamp":"2026-05-31T05:04:45.493Z"}
trace: [TERM 1] heartbeat sent to http://dn1s3:9013 {"timestamp":"2026-05-31T05:04:45.499Z"}
trace: [TERM 1] heartbeat sent to http://dn1s1:9011 {"timestamp":"2026-05-31T05:04:47.488Z"}
trace: [TERM 1] heartbeat sent to http://dn1s3:9013 {"timestamp":"2026-05-31T05:04:47.490Z"}
trace: [TERM 1] heartbeat sent to http://dn1s1:9011 {"timestamp":"2026-05-31T05:04:49.490Z"}
trace: [TERM 1] heartbeat sent to http://dn1s3:9013 {"timestamp":"2026-05-31T05:04:49.493Z"}
trace: [TERM 1] heartbeat sent to http://dn1s1:9011 {"timestamp":"2026-05-31T05:04:51.492Z"}
trace: [TERM 1] heartbeat sent to http://dn1s3:9013 {"timestamp":"2026-05-31T05:04:51.496Z"}
trace: [TERM 1] heartbeat sent to http://dn1s1:9011 {"timestamp":"2026-05-31T05:04:53.492Z"}
trace: [TERM 1] heartbeat sent to http://dn1s3:9013 {"timestamp":"2026-05-31T05:04:53.495Z"}
trace: [TERM 1] heartbeat sent to http://dn1s1:9011 {"timestamp":"2026-05-31T05:04:55.495Z"}
trace: [TERM 1] heartbeat sent to http://dn1s3:9013 {"timestamp":"2026-05-31T05:04:55.504Z"}
trace: [TERM 1] heartbeat sent to http://dn1s1:9011 {"timestamp":"2026-05-31T05:04:57.500Z"}
trace: [TERM 1] heartbeat sent to http://dn1s3:9013 {"timestamp":"2026-05-31T05:04:57.509Z"}
trace: [TERM 1] heartbeat sent to http://dn1s1:9011 {"timestamp":"2026-05-31T05:04:59.496Z"}
trace: [TERM 1] heartbeat sent to http://dn1s3:9013 {"timestamp":"2026-05-31T05:04:59.499Z"}
trace: [TERM 1] heartbeat sent to http://dn1s1:9011 {"timestamp":"2026-05-31T05:05:01.497Z"}
trace: [TERM 1] heartbeat sent to http://dn1s3:9013 {"timestamp":"2026-05-31T05:05:01.500Z"}
trace: [TERM 1] heartbeat sent to http://dn1s1:9011 {"timestamp":"2026-05-31T05:05:03.498Z"}
trace: [TERM 1] heartbeat sent to http://dn1s3:9013 {"timestamp":"2026-05-31T05:05:03.501Z"}
trace: [TERM 1] heartbeat sent to http://dn1s1:9011 {"timestamp":"2026-05-31T05:05:05.500Z"}
trace: [TERM 1] heartbeat sent to http://dn1s3:9013 {"timestamp":"2026-05-31T05:05:05.503Z"}
trace: [TERM 1] heartbeat sent to http://dn1s1:9011 {"timestamp":"2026-05-31T05:05:07.501Z"}
trace: [TERM 1] heartbeat sent to http://dn1s3:9013 {"timestamp":"2026-05-31T05:05:07.503Z"}
trace: [TERM 1] heartbeat sent to http://dn1s1:9011 {"timestamp":"2026-05-31T05:05:09.502Z"}
trace: [TERM 1] heartbeat sent to http://dn1s3:9013 {"timestamp":"2026-05-31T05:05:09.504Z"}
trace: [TERM 1] heartbeat sent to http://dn1s1:9011 {"timestamp":"2026-05-31T05:05:11.503Z"}
trace: [TERM 1] heartbeat sent to http://dn1s3:9013 {"timestamp":"2026-05-31T05:05:11.505Z"}
trace: [TERM 1] heartbeat sent to http://dn1s1:9011 {"timestamp":"2026-05-31T05:05:13.505Z"}
trace: [TERM 1] heartbeat sent to http://dn1s3:9013 {"timestamp":"2026-05-31T05:05:13.507Z"}
trace: [TERM 1] heartbeat sent to http://dn1s1:9011 {"timestamp":"2026-05-31T05:05:15.508Z"}
trace: [TERM 1] heartbeat sent to http://dn1s3:9013 {"timestamp":"2026-05-31T05:05:15.514Z"}
trace: [TERM 1] heartbeat sent to http://dn1s1:9011 {"timestamp":"2026-05-31T05:05:17.507Z"}
trace: [TERM 1] heartbeat sent to http://dn1s3:9013 {"timestamp":"2026-05-31T05:05:17.513Z"}
trace: [TERM 1] heartbeat sent to http://dn1s1:9011 {"timestamp":"2026-05-31T05:05:19.508Z"}
trace: [TERM 1] heartbeat sent to http://dn1s3:9013 {"timestamp":"2026-05-31T05:05:19.510Z"}
trace: [TERM 1] heartbeat sent to http://dn1s1:9011 {"timestamp":"2026-05-31T05:05:21.508Z"}
trace: [TERM 1] heartbeat sent to http://dn1s3:9013 {"timestamp":"2026-05-31T05:05:21.510Z"}
trace: [TERM 1] heartbeat sent to http://dn1s1:9011 {"timestamp":"2026-05-31T05:05:23.510Z"}
trace: [TERM 1] heartbeat sent to http://dn1s3:9013 {"timestamp":"2026-05-31T05:05:23.512Z"}
trace: [TERM 1] heartbeat sent to http://dn1s1:9011 {"timestamp":"2026-05-31T05:05:25.516Z"}
trace: [TERM 1] heartbeat sent to http://dn1s3:9013 {"timestamp":"2026-05-31T05:05:25.522Z"}
trace: [TERM 1] heartbeat sent to http://dn1s1:9011 {"timestamp":"2026-05-31T05:05:27.512Z"}
trace: [TERM 1] heartbeat sent to http://dn1s3:9013 {"timestamp":"2026-05-31T05:05:27.514Z"}
trace: [TERM 1] heartbeat sent to http://dn1s1:9011 {"timestamp":"2026-05-31T05:05:29.516Z"}
trace: [TERM 1] heartbeat sent to http://dn1s3:9013 {"timestamp":"2026-05-31T05:05:29.521Z"}
trace: [TERM 1] heartbeat sent to http://dn1s1:9011 {"timestamp":"2026-05-31T05:05:31.513Z"}
trace: [TERM 1] heartbeat sent to http://dn1s3:9013 {"timestamp":"2026-05-31T05:05:31.515Z"}
trace: [TERM 1] heartbeat sent to http://dn1s1:9011 {"timestamp":"2026-05-31T05:05:33.517Z"}
trace: [TERM 1] heartbeat sent to http://dn1s3:9013 {"timestamp":"2026-05-31T05:05:33.521Z"}
trace: [TERM 1] heartbeat sent to http://dn1s1:9011 {"timestamp":"2026-05-31T05:05:35.519Z"}
trace: [TERM 1] heartbeat sent to http://dn1s3:9013 {"timestamp":"2026-05-31T05:05:35.523Z"}
trace: [TERM 1] heartbeat sent to http://dn1s1:9011 {"timestamp":"2026-05-31T05:05:37.518Z"}
trace: [TERM 1] heartbeat sent to http://dn1s3:9013 {"timestamp":"2026-05-31T05:05:37.521Z"}
trace: [TERM 1] heartbeat sent to http://dn1s1:9011 {"timestamp":"2026-05-31T05:05:39.520Z"}
trace: [TERM 1] heartbeat sent to http://dn1s3:9013 {"timestamp":"2026-05-31T05:05:39.524Z"}
trace: [TERM 1] heartbeat sent to http://dn1s1:9011 {"timestamp":"2026-05-31T05:05:41.524Z"}
trace: [TERM 1] heartbeat sent to http://dn1s3:9013 {"timestamp":"2026-05-31T05:05:41.530Z"}
trace: [TERM 1] heartbeat sent to http://dn1s1:9011 {"timestamp":"2026-05-31T05:05:43.522Z"}
trace: [TERM 1] heartbeat sent to http://dn1s3:9013 {"timestamp":"2026-05-31T05:05:43.525Z"}
trace: [TERM 1] heartbeat sent to http://dn1s1:9011 {"timestamp":"2026-05-31T05:05:45.522Z"}
trace: [TERM 1] heartbeat sent to http://dn1s3:9013 {"timestamp":"2026-05-31T05:05:45.525Z"}
trace: [TERM 1] heartbeat sent to http://dn1s1:9011 {"timestamp":"2026-05-31T05:05:47.524Z"}
trace: [TERM 1] heartbeat sent to http://dn1s3:9013 {"timestamp":"2026-05-31T05:05:47.527Z"}
trace: [TERM 1] heartbeat sent to http://dn1s1:9011 {"timestamp":"2026-05-31T05:05:49.527Z"}
trace: [TERM 1] heartbeat sent to http://dn1s3:9013 {"timestamp":"2026-05-31T05:05:49.530Z"}
trace: [TERM 1] heartbeat sent to http://dn1s1:9011 {"timestamp":"2026-05-31T05:05:51.528Z"}
trace: [TERM 1] heartbeat sent to http://dn1s3:9013 {"timestamp":"2026-05-31T05:05:51.532Z"}
trace: [TERM 1] heartbeat sent to http://dn1s1:9011 {"timestamp":"2026-05-31T05:05:53.526Z"}
trace: [TERM 1] heartbeat sent to http://dn1s3:9013 {"timestamp":"2026-05-31T05:05:53.528Z"}
trace: [TERM 1] heartbeat sent to http://dn1s1:9011 {"timestamp":"2026-05-31T05:05:55.528Z"}
trace: [TERM 1] heartbeat sent to http://dn1s3:9013 {"timestamp":"2026-05-31T05:05:55.531Z"}
trace: [TERM 1] heartbeat sent to http://dn1s1:9011 {"timestamp":"2026-05-31T05:05:57.529Z"}
trace: [TERM 1] heartbeat sent to http://dn1s3:9013 {"timestamp":"2026-05-31T05:05:57.531Z"}
trace: [TERM 1] heartbeat sent to http://dn1s1:9011 {"timestamp":"2026-05-31T05:05:59.530Z"}
trace: [TERM 1] heartbeat sent to http://dn1s3:9013 {"timestamp":"2026-05-31T05:05:59.533Z"}
trace: [TERM 1] heartbeat sent to http://dn1s1:9011 {"timestamp":"2026-05-31T05:06:01.531Z"}
trace: [TERM 1] heartbeat sent to http://dn1s3:9013 {"timestamp":"2026-05-31T05:06:01.534Z"}
trace: [TERM 1] heartbeat sent to http://dn1s1:9011 {"timestamp":"2026-05-31T05:06:03.533Z"}
trace: [TERM 1] heartbeat sent to http://dn1s3:9013 {"timestamp":"2026-05-31T05:06:03.538Z"}
trace: [TERM 1] heartbeat sent to http://dn1s1:9011 {"timestamp":"2026-05-31T05:06:05.534Z"}
trace: [TERM 1] heartbeat sent to http://dn1s3:9013 {"timestamp":"2026-05-31T05:06:05.536Z"}
trace: [TERM 1] heartbeat sent to http://dn1s1:9011 {"timestamp":"2026-05-31T05:06:07.535Z"}
trace: [TERM 1] heartbeat sent to http://dn1s3:9013 {"timestamp":"2026-05-31T05:06:07.537Z"}
trace: [TERM 1] heartbeat sent to http://dn1s1:9011 {"timestamp":"2026-05-31T05:06:09.536Z"}
trace: [TERM 1] heartbeat sent to http://dn1s3:9013 {"timestamp":"2026-05-31T05:06:09.538Z"}
trace: [TERM 1] heartbeat sent to http://dn1s1:9011 {"timestamp":"2026-05-31T05:06:11.542Z"}
trace: [TERM 1] heartbeat sent to http://dn1s3:9013 {"timestamp":"2026-05-31T05:06:11.547Z"}
trace: [TERM 1] heartbeat sent to http://dn1s1:9011 {"timestamp":"2026-05-31T05:06:13.544Z"}
trace: [TERM 1] heartbeat sent to http://dn1s3:9013 {"timestamp":"2026-05-31T05:06:13.551Z"}
trace: [TERM 1] heartbeat sent to http://dn1s1:9011 {"timestamp":"2026-05-31T05:06:15.540Z"}
trace: [TERM 1] heartbeat sent to http://dn1s3:9013 {"timestamp":"2026-05-31T05:06:15.542Z"}
trace: [TERM 1] heartbeat sent to http://dn1s1:9011 {"timestamp":"2026-05-31T05:06:17.542Z"}
trace: [TERM 1] heartbeat sent to http://dn1s3:9013 {"timestamp":"2026-05-31T05:06:17.544Z"}
trace: [TERM 1] heartbeat sent to http://dn1s1:9011 {"timestamp":"2026-05-31T05:06:19.545Z"}
trace: [TERM 1] heartbeat sent to http://dn1s3:9013 {"timestamp":"2026-05-31T05:06:19.551Z"}
trace: [TERM 1] heartbeat sent to http://dn1s1:9011 {"timestamp":"2026-05-31T05:06:21.544Z"}
trace: [TERM 1] heartbeat sent to http://dn1s3:9013 {"timestamp":"2026-05-31T05:06:21.547Z"}
trace: [TERM 1] heartbeat sent to http://dn1s1:9011 {"timestamp":"2026-05-31T05:06:23.546Z"}
trace: [TERM 1] heartbeat sent to http://dn1s3:9013 {"timestamp":"2026-05-31T05:06:23.548Z"}
trace: [TERM 1] heartbeat sent to http://dn1s1:9011 {"timestamp":"2026-05-31T05:06:25.546Z"}
trace: [TERM 1] heartbeat sent to http://dn1s3:9013 {"timestamp":"2026-05-31T05:06:25.551Z"}
trace: [TERM 1] heartbeat sent to http://dn1s1:9011 {"timestamp":"2026-05-31T05:06:27.547Z"}
trace: [TERM 1] heartbeat sent to http://dn1s3:9013 {"timestamp":"2026-05-31T05:06:27.552Z"}
trace: [TERM 1] heartbeat sent to http://dn1s1:9011 {"timestamp":"2026-05-31T05:06:29.549Z"}
trace: [TERM 1] heartbeat sent to http://dn1s3:9013 {"timestamp":"2026-05-31T05:06:29.554Z"}
trace: [TERM 1] heartbeat sent to http://dn1s1:9011 {"timestamp":"2026-05-31T05:06:31.555Z"}
trace: [TERM 1] heartbeat sent to http://dn1s3:9013 {"timestamp":"2026-05-31T05:06:31.561Z"}
trace: [TERM 1] heartbeat sent to http://dn1s1:9011 {"timestamp":"2026-05-31T05:06:33.554Z"}
trace: [TERM 1] heartbeat sent to http://dn1s3:9013 {"timestamp":"2026-05-31T05:06:33.560Z"}
trace: [TERM 1] heartbeat sent to http://dn1s1:9011 {"timestamp":"2026-05-31T05:06:35.554Z"}
trace: [TERM 1] heartbeat sent to http://dn1s3:9013 {"timestamp":"2026-05-31T05:06:35.557Z"}
trace: [TERM 1] heartbeat sent to http://dn1s1:9011 {"timestamp":"2026-05-31T05:06:37.555Z"}
trace: [TERM 1] heartbeat sent to http://dn1s3:9013 {"timestamp":"2026-05-31T05:06:37.557Z"}
trace: [TERM 1] heartbeat sent to http://dn1s1:9011 {"timestamp":"2026-05-31T05:06:39.554Z"}
trace: [TERM 1] heartbeat sent to http://dn1s3:9013 {"timestamp":"2026-05-31T05:06:39.556Z"}
trace: [TERM 1] heartbeat sent to http://dn1s1:9011 {"timestamp":"2026-05-31T05:06:41.559Z"}
trace: [TERM 1] heartbeat sent to http://dn1s3:9013 {"timestamp":"2026-05-31T05:06:41.563Z"}
trace: [TERM 1] heartbeat sent to http://dn1s1:9011 {"timestamp":"2026-05-31T05:06:43.560Z"}
trace: [TERM 1] heartbeat sent to http://dn1s3:9013 {"timestamp":"2026-05-31T05:06:43.562Z"}
trace: [TERM 1] heartbeat sent to http://dn1s1:9011 {"timestamp":"2026-05-31T05:06:45.559Z"}
trace: [TERM 1] heartbeat sent to http://dn1s3:9013 {"timestamp":"2026-05-31T05:06:45.561Z"}
trace: [TERM 1] heartbeat sent to http://dn1s1:9011 {"timestamp":"2026-05-31T05:06:47.559Z"}
trace: [TERM 1] heartbeat sent to http://dn1s3:9013 {"timestamp":"2026-05-31T05:06:47.561Z"}
trace: [TERM 1] heartbeat sent to http://dn1s1:9011 {"timestamp":"2026-05-31T05:06:49.561Z"}
trace: [TERM 1] heartbeat sent to http://dn1s3:9013 {"timestamp":"2026-05-31T05:06:49.563Z"}
trace: [TERM 1] heartbeat sent to http://dn1s1:9011 {"timestamp":"2026-05-31T05:06:51.563Z"}
trace: [TERM 1] heartbeat sent to http://dn1s3:9013 {"timestamp":"2026-05-31T05:06:51.565Z"}
trace: [TERM 1] heartbeat sent to http://dn1s1:9011 {"timestamp":"2026-05-31T05:06:53.564Z"}
trace: [TERM 1] heartbeat sent to http://dn1s3:9013 {"timestamp":"2026-05-31T05:06:53.567Z"}
trace: [TERM 1] heartbeat sent to http://dn1s1:9011 {"timestamp":"2026-05-31T05:06:55.566Z"}
trace: [TERM 1] heartbeat sent to http://dn1s3:9013 {"timestamp":"2026-05-31T05:06:55.569Z"}
trace: [TERM 1] heartbeat sent to http://dn1s1:9011 {"timestamp":"2026-05-31T05:06:57.567Z"}
trace: [TERM 1] heartbeat sent to http://dn1s3:9013 {"timestamp":"2026-05-31T05:06:57.572Z"}
trace: [TERM 1] heartbeat sent to http://dn1s1:9011 {"timestamp":"2026-05-31T05:06:59.567Z"}
trace: [TERM 1] heartbeat sent to http://dn1s3:9013 {"timestamp":"2026-05-31T05:06:59.569Z"}
trace: [TERM 1] heartbeat sent to http://dn1s1:9011 {"timestamp":"2026-05-31T05:07:01.569Z"}
trace: [TERM 1] heartbeat sent to http://dn1s3:9013 {"timestamp":"2026-05-31T05:07:01.575Z"}
trace: [TERM 1] heartbeat sent to http://dn1s1:9011 {"timestamp":"2026-05-31T05:07:03.573Z"}
trace: [TERM 1] heartbeat sent to http://dn1s3:9013 {"timestamp":"2026-05-31T05:07:03.582Z"}
trace: [TERM 1] heartbeat sent to http://dn1s1:9011 {"timestamp":"2026-05-31T05:07:05.570Z"}
trace: [TERM 1] heartbeat sent to http://dn1s3:9013 {"timestamp":"2026-05-31T05:07:05.574Z"}
trace: [TERM 1] heartbeat sent to http://dn1s1:9011 {"timestamp":"2026-05-31T05:07:07.572Z"}
trace: [TERM 1] heartbeat sent to http://dn1s3:9013 {"timestamp":"2026-05-31T05:07:07.574Z"}
trace: [TERM 1] heartbeat sent to http://dn1s1:9011 {"timestamp":"2026-05-31T05:07:09.574Z"}
trace: [TERM 1] heartbeat sent to http://dn1s3:9013 {"timestamp":"2026-05-31T05:07:09.582Z"}
trace: [TERM 1] heartbeat sent to http://dn1s1:9011 {"timestamp":"2026-05-31T05:07:11.574Z"}
trace: [TERM 1] heartbeat sent to http://dn1s3:9013 {"timestamp":"2026-05-31T05:07:11.577Z"}
trace: [TERM 1] heartbeat sent to http://dn1s1:9011 {"timestamp":"2026-05-31T05:07:13.576Z"}
trace: [TERM 1] heartbeat sent to http://dn1s3:9013 {"timestamp":"2026-05-31T05:07:13.578Z"}
trace: [TERM 1] heartbeat sent to http://dn1s1:9011 {"timestamp":"2026-05-31T05:07:15.579Z"}
trace: [TERM 1] heartbeat sent to http://dn1s3:9013 {"timestamp":"2026-05-31T05:07:15.584Z"}
trace: [TERM 1] heartbeat sent to http://dn1s1:9011 {"timestamp":"2026-05-31T05:07:17.580Z"}
trace: [TERM 1] heartbeat sent to http://dn1s3:9013 {"timestamp":"2026-05-31T05:07:17.583Z"}
trace: [TERM 1] heartbeat sent to http://dn1s1:9011 {"timestamp":"2026-05-31T05:07:19.582Z"}
trace: [TERM 1] heartbeat sent to http://dn1s3:9013 {"timestamp":"2026-05-31T05:07:19.584Z"}
trace: [TERM 1] heartbeat sent to http://dn1s1:9011 {"timestamp":"2026-05-31T05:07:21.584Z"}
trace: [TERM 1] heartbeat sent to http://dn1s3:9013 {"timestamp":"2026-05-31T05:07:21.588Z"}
trace: [TERM 1] heartbeat sent to http://dn1s1:9011 {"timestamp":"2026-05-31T05:07:23.582Z"}
trace: [TERM 1] heartbeat sent to http://dn1s3:9013 {"timestamp":"2026-05-31T05:07:23.585Z"}
trace: [TERM 1] heartbeat sent to http://dn1s1:9011 {"timestamp":"2026-05-31T05:07:25.584Z"}
trace: [TERM 1] heartbeat sent to http://dn1s3:9013 {"timestamp":"2026-05-31T05:07:25.586Z"}
trace: [TERM 1] heartbeat sent to http://dn1s1:9011 {"timestamp":"2026-05-31T05:07:27.588Z"}
trace: [TERM 1] heartbeat sent to http://dn1s3:9013 {"timestamp":"2026-05-31T05:07:27.593Z"}
trace: [TERM 1] heartbeat sent to http://dn1s1:9011 {"timestamp":"2026-05-31T05:07:29.590Z"}
trace: [TERM 1] heartbeat sent to http://dn1s3:9013 {"timestamp":"2026-05-31T05:07:29.597Z"}
trace: [TERM 1] heartbeat sent to http://dn1s1:9011 {"timestamp":"2026-05-31T05:07:31.587Z"}
trace: [TERM 1] heartbeat sent to http://dn1s3:9013 {"timestamp":"2026-05-31T05:07:31.595Z"}
trace: [TERM 1] heartbeat sent to http://dn1s1:9011 {"timestamp":"2026-05-31T05:07:33.589Z"}
trace: [TERM 1] heartbeat sent to http://dn1s3:9013 {"timestamp":"2026-05-31T05:07:33.590Z"}
trace: [TERM 1] heartbeat sent to http://dn1s1:9011 {"timestamp":"2026-05-31T05:07:35.590Z"}
trace: [TERM 1] heartbeat sent to http://dn1s3:9013 {"timestamp":"2026-05-31T05:07:35.592Z"}
trace: [TERM 1] heartbeat sent to http://dn1s1:9011 {"timestamp":"2026-05-31T05:07:37.590Z"}
trace: [TERM 1] heartbeat sent to http://dn1s3:9013 {"timestamp":"2026-05-31T05:07:37.592Z"}
trace: [TERM 1] heartbeat sent to http://dn1s1:9011 {"timestamp":"2026-05-31T05:07:39.592Z"}
trace: [TERM 1] heartbeat sent to http://dn1s3:9013 {"timestamp":"2026-05-31T05:07:39.594Z"}
trace: [TERM 1] heartbeat sent to http://dn1s1:9011 {"timestamp":"2026-05-31T05:07:41.595Z"}
trace: [TERM 1] heartbeat sent to http://dn1s3:9013 {"timestamp":"2026-05-31T05:07:41.601Z"}
trace: [TERM 1] heartbeat sent to http://dn1s1:9011 {"timestamp":"2026-05-31T05:07:43.595Z"}
trace: [TERM 1] heartbeat sent to http://dn1s3:9013 {"timestamp":"2026-05-31T05:07:43.598Z"}
trace: [TERM 1] heartbeat sent to http://dn1s1:9011 {"timestamp":"2026-05-31T05:07:45.595Z"}
trace: [TERM 1] heartbeat sent to http://dn1s3:9013 {"timestamp":"2026-05-31T05:07:45.597Z"}
trace: [TERM 1] heartbeat sent to http://dn1s1:9011 {"timestamp":"2026-05-31T05:07:47.599Z"}
trace: [TERM 1] heartbeat sent to http://dn1s3:9013 {"timestamp":"2026-05-31T05:07:47.603Z"}
trace: [TERM 1] heartbeat sent to http://dn1s1:9011 {"timestamp":"2026-05-31T05:07:49.598Z"}
trace: [TERM 1] heartbeat sent to http://dn1s3:9013 {"timestamp":"2026-05-31T05:07:49.600Z"}
trace: [TERM 1] heartbeat sent to http://dn1s1:9011 {"timestamp":"2026-05-31T05:07:51.598Z"}
trace: [TERM 1] heartbeat sent to http://dn1s3:9013 {"timestamp":"2026-05-31T05:07:51.600Z"}
trace: [TERM 1] heartbeat sent to http://dn1s1:9011 {"timestamp":"2026-05-31T05:07:53.603Z"}
trace: [TERM 1] heartbeat sent to http://dn1s3:9013 {"timestamp":"2026-05-31T05:07:53.607Z"}
trace: [TERM 1] heartbeat sent to http://dn1s1:9011 {"timestamp":"2026-05-31T05:07:55.600Z"}
trace: [TERM 1] heartbeat sent to http://dn1s3:9013 {"timestamp":"2026-05-31T05:07:55.602Z"}
trace: [TERM 1] heartbeat sent to http://dn1s1:9011 {"timestamp":"2026-05-31T05:07:57.602Z"}
trace: [TERM 1] heartbeat sent to http://dn1s3:9013 {"timestamp":"2026-05-31T05:07:57.605Z"}
trace: [TERM 1] heartbeat sent to http://dn1s1:9011 {"timestamp":"2026-05-31T05:07:59.604Z"}
trace: [TERM 1] heartbeat sent to http://dn1s3:9013 {"timestamp":"2026-05-31T05:07:59.608Z"}
trace: [TERM 1] heartbeat sent to http://dn1s1:9011 {"timestamp":"2026-05-31T05:08:01.605Z"}
trace: [TERM 1] heartbeat sent to http://dn1s3:9013 {"timestamp":"2026-05-31T05:08:01.607Z"}
trace: [TERM 1] heartbeat sent to http://dn1s1:9011 {"timestamp":"2026-05-31T05:08:03.605Z"}
trace: [TERM 1] heartbeat sent to http://dn1s3:9013 {"timestamp":"2026-05-31T05:08:03.608Z"}
trace: [TERM 1] heartbeat sent to http://dn1s1:9011 {"timestamp":"2026-05-31T05:08:05.608Z"}
trace: [TERM 1] heartbeat sent to http://dn1s3:9013 {"timestamp":"2026-05-31T05:08:05.611Z"}
trace: [TERM 1] heartbeat sent to http://dn1s1:9011 {"timestamp":"2026-05-31T05:08:07.606Z"}
trace: [TERM 1] heartbeat sent to http://dn1s3:9013 {"timestamp":"2026-05-31T05:08:07.608Z"}
trace: [TERM 1] heartbeat sent to http://dn1s1:9011 {"timestamp":"2026-05-31T05:08:09.607Z"}
trace: [TERM 1] heartbeat sent to http://dn1s3:9013 {"timestamp":"2026-05-31T05:08:09.609Z"}
trace: [TERM 1] heartbeat sent to http://dn1s1:9011 {"timestamp":"2026-05-31T05:08:11.608Z"}
trace: [TERM 1] heartbeat sent to http://dn1s3:9013 {"timestamp":"2026-05-31T05:08:11.611Z"}
trace: [TERM 1] heartbeat sent to http://dn1s1:9011 {"timestamp":"2026-05-31T05:08:13.610Z"}
trace: [TERM 1] heartbeat sent to http://dn1s3:9013 {"timestamp":"2026-05-31T05:08:13.613Z"}
trace: [TERM 1] heartbeat sent to http://dn1s1:9011 {"timestamp":"2026-05-31T05:08:15.611Z"}
trace: [TERM 1] heartbeat sent to http://dn1s3:9013 {"timestamp":"2026-05-31T05:08:15.612Z"}
trace: [TERM 1] heartbeat sent to http://dn1s1:9011 {"timestamp":"2026-05-31T05:08:17.613Z"}
trace: [TERM 1] heartbeat sent to http://dn1s3:9013 {"timestamp":"2026-05-31T05:08:17.617Z"}
trace: [TERM 1] heartbeat sent to http://dn1s1:9011 {"timestamp":"2026-05-31T05:08:19.615Z"}
trace: [TERM 1] heartbeat sent to http://dn1s3:9013 {"timestamp":"2026-05-31T05:08:19.618Z"}
trace: [TERM 1] heartbeat sent to http://dn1s1:9011 {"timestamp":"2026-05-31T05:08:21.614Z"}
trace: [TERM 1] heartbeat sent to http://dn1s3:9013 {"timestamp":"2026-05-31T05:08:21.616Z"}
trace: [TERM 1] heartbeat sent to http://dn1s1:9011 {"timestamp":"2026-05-31T05:08:23.616Z"}
trace: [TERM 1] heartbeat sent to http://dn1s3:9013 {"timestamp":"2026-05-31T05:08:23.618Z"}
trace: [TERM 1] heartbeat sent to http://dn1s1:9011 {"timestamp":"2026-05-31T05:08:25.617Z"}
trace: [TERM 1] heartbeat sent to http://dn1s3:9013 {"timestamp":"2026-05-31T05:08:25.620Z"}
