trace: raft monitor started {"timestamp":"2026-05-31T05:01:30.410Z"}
trace: [TERM 0] no heartbeat for 6017ms – starting election {"timestamp":"2026-05-31T05:01:31.411Z"}
trace: [TERM 1] election timeout – transitioning to candidate {"timestamp":"2026-05-31T05:01:31.412Z"}
trace: [TERM 1] voted for self (dn2s3), votes=1 {"timestamp":"2026-05-31T05:01:31.413Z"}
trace: [TERM 1] sending RequestVote to http://dn2s1:9021 {"timestamp":"2026-05-31T05:01:31.413Z"}
trace: [TERM 1] vote granted by http://dn2s1:9021 – total votes=2 {"timestamp":"2026-05-31T05:01:31.510Z"}
trace: [TERM 1] sending RequestVote to http://dn2s2:9022 {"timestamp":"2026-05-31T05:01:31.511Z"}
trace: [TERM 1] vote granted by http://dn2s2:9022 – total votes=3 {"timestamp":"2026-05-31T05:01:31.555Z"}
trace: [TERM 1] election result: 3/3 votes (need 2) {"timestamp":"2026-05-31T05:01:31.556Z"}
trace: [TERM 1] won election – transitioning to LEADER {"timestamp":"2026-05-31T05:01:31.557Z"}
trace: [TERM 1] identity sent to RP: http://dn2s3:9023 {"timestamp":"2026-05-31T05:01:31.568Z"}
trace: [TERM 1] heartbeat sent to http://dn2s1:9021 {"timestamp":"2026-05-31T05:01:33.607Z"}
trace: [TERM 1] heartbeat sent to http://dn2s2:9022 {"timestamp":"2026-05-31T05:01:33.641Z"}
trace: [TERM 1] heartbeat sent to http://dn2s1:9021 {"timestamp":"2026-05-31T05:01:35.580Z"}
trace: [TERM 1] heartbeat sent to http://dn2s2:9022 {"timestamp":"2026-05-31T05:01:35.589Z"}
trace: [TERM 1] heartbeat sent to http://dn2s1:9021 {"timestamp":"2026-05-31T05:01:37.575Z"}
trace: [TERM 1] heartbeat sent to http://dn2s2:9022 {"timestamp":"2026-05-31T05:01:37.584Z"}
trace: [TERM 1] heartbeat sent to http://dn2s1:9021 {"timestamp":"2026-05-31T05:01:39.579Z"}
trace: [TERM 1] heartbeat sent to http://dn2s2:9022 {"timestamp":"2026-05-31T05:01:39.586Z"}
trace: [TERM 1] heartbeat sent to http://dn2s1:9021 {"timestamp":"2026-05-31T05:01:41.583Z"}
trace: [TERM 1] heartbeat sent to http://dn2s2:9022 {"timestamp":"2026-05-31T05:01:41.593Z"}
trace: [TERM 1] heartbeat sent to http://dn2s1:9021 {"timestamp":"2026-05-31T05:01:43.580Z"}
trace: [TERM 1] heartbeat sent to http://dn2s2:9022 {"timestamp":"2026-05-31T05:01:43.589Z"}
trace: [TERM 1] heartbeat sent to http://dn2s1:9021 {"timestamp":"2026-05-31T05:01:45.580Z"}
trace: [TERM 1] heartbeat sent to http://dn2s2:9022 {"timestamp":"2026-05-31T05:01:45.587Z"}
trace: [TERM 1] heartbeat sent to http://dn2s1:9021 {"timestamp":"2026-05-31T05:01:47.584Z"}
trace: [TERM 1] heartbeat sent to http://dn2s2:9022 {"timestamp":"2026-05-31T05:01:47.595Z"}
trace: [TERM 1] heartbeat sent to http://dn2s1:9021 {"timestamp":"2026-05-31T05:01:49.583Z"}
trace: [TERM 1] heartbeat sent to http://dn2s2:9022 {"timestamp":"2026-05-31T05:01:49.597Z"}
trace: [TERM 1] heartbeat sent to http://dn2s1:9021 {"timestamp":"2026-05-31T05:01:51.583Z"}
trace: [TERM 1] heartbeat sent to http://dn2s2:9022 {"timestamp":"2026-05-31T05:01:51.593Z"}
trace: [TERM 1] heartbeat sent to http://dn2s1:9021 {"timestamp":"2026-05-31T05:01:53.578Z"}
trace: [TERM 1] heartbeat sent to http://dn2s2:9022 {"timestamp":"2026-05-31T05:01:53.583Z"}
trace: [TERM 1] heartbeat sent to http://dn2s1:9021 {"timestamp":"2026-05-31T05:01:55.582Z"}
trace: [TERM 1] heartbeat sent to http://dn2s2:9022 {"timestamp":"2026-05-31T05:01:55.592Z"}
trace: [TERM 1] heartbeat sent to http://dn2s1:9021 {"timestamp":"2026-05-31T05:01:57.584Z"}
trace: [TERM 1] heartbeat sent to http://dn2s2:9022 {"timestamp":"2026-05-31T05:01:57.590Z"}
trace: [TERM 1] heartbeat sent to http://dn2s1:9021 {"timestamp":"2026-05-31T05:01:59.581Z"}
trace: [TERM 1] heartbeat sent to http://dn2s2:9022 {"timestamp":"2026-05-31T05:01:59.584Z"}
trace: [TERM 1] heartbeat sent to http://dn2s1:9021 {"timestamp":"2026-05-31T05:02:01.583Z"}
trace: [TERM 1] heartbeat sent to http://dn2s2:9022 {"timestamp":"2026-05-31T05:02:01.589Z"}
trace: [TERM 1] heartbeat sent to http://dn2s1:9021 {"timestamp":"2026-05-31T05:02:03.583Z"}
trace: [TERM 1] heartbeat sent to http://dn2s2:9022 {"timestamp":"2026-05-31T05:02:03.587Z"}
trace: [TERM 1] heartbeat sent to http://dn2s1:9021 {"timestamp":"2026-05-31T05:02:05.581Z"}
trace: [TERM 1] heartbeat sent to http://dn2s2:9022 {"timestamp":"2026-05-31T05:02:05.583Z"}
trace: [TERM 1] heartbeat sent to http://dn2s1:9021 {"timestamp":"2026-05-31T05:02:07.581Z"}
trace: [TERM 1] heartbeat sent to http://dn2s2:9022 {"timestamp":"2026-05-31T05:02:07.583Z"}
trace: [TERM 1] heartbeat sent to http://dn2s1:9021 {"timestamp":"2026-05-31T05:02:09.582Z"}
trace: [TERM 1] heartbeat sent to http://dn2s2:9022 {"timestamp":"2026-05-31T05:02:09.585Z"}
trace: [TERM 1] heartbeat sent to http://dn2s1:9021 {"timestamp":"2026-05-31T05:02:11.585Z"}
trace: [TERM 1] heartbeat sent to http://dn2s2:9022 {"timestamp":"2026-05-31T05:02:11.594Z"}
trace: [TERM 1] heartbeat sent to http://dn2s1:9021 {"timestamp":"2026-05-31T05:02:13.584Z"}
trace: [TERM 1] heartbeat sent to http://dn2s2:9022 {"timestamp":"2026-05-31T05:02:13.587Z"}
trace: [TERM 1] heartbeat sent to http://dn2s1:9021 {"timestamp":"2026-05-31T05:02:15.585Z"}
trace: [TERM 1] heartbeat sent to http://dn2s2:9022 {"timestamp":"2026-05-31T05:02:15.590Z"}
trace: [TERM 1] heartbeat sent to http://dn2s1:9021 {"timestamp":"2026-05-31T05:02:17.587Z"}
trace: [TERM 1] heartbeat sent to http://dn2s2:9022 {"timestamp":"2026-05-31T05:02:17.593Z"}
trace: [TERM 1] heartbeat sent to http://dn2s1:9021 {"timestamp":"2026-05-31T05:02:19.586Z"}
trace: [TERM 1] heartbeat sent to http://dn2s2:9022 {"timestamp":"2026-05-31T05:02:19.592Z"}
trace: [TERM 1] heartbeat sent to http://dn2s1:9021 {"timestamp":"2026-05-31T05:02:21.589Z"}
trace: [TERM 1] heartbeat sent to http://dn2s2:9022 {"timestamp":"2026-05-31T05:02:21.597Z"}
trace: [TERM 1] heartbeat sent to http://dn2s1:9021 {"timestamp":"2026-05-31T05:02:23.585Z"}
trace: [TERM 1] heartbeat sent to http://dn2s2:9022 {"timestamp":"2026-05-31T05:02:23.587Z"}
trace: [TERM 1] heartbeat sent to http://dn2s1:9021 {"timestamp":"2026-05-31T05:02:25.586Z"}
trace: [TERM 1] heartbeat sent to http://dn2s2:9022 {"timestamp":"2026-05-31T05:02:25.588Z"}
trace: [TERM 1] heartbeat sent to http://dn2s1:9021 {"timestamp":"2026-05-31T05:02:27.588Z"}
trace: [TERM 1] heartbeat sent to http://dn2s2:9022 {"timestamp":"2026-05-31T05:02:27.594Z"}
trace: [TERM 1] heartbeat sent to http://dn2s1:9021 {"timestamp":"2026-05-31T05:02:29.590Z"}
trace: [TERM 1] heartbeat sent to http://dn2s2:9022 {"timestamp":"2026-05-31T05:02:29.595Z"}
trace: [TERM 1] heartbeat sent to http://dn2s1:9021 {"timestamp":"2026-05-31T05:02:31.588Z"}
trace: [TERM 1] heartbeat sent to http://dn2s2:9022 {"timestamp":"2026-05-31T05:02:31.593Z"}
trace: [TERM 1] heartbeat sent to http://dn2s1:9021 {"timestamp":"2026-05-31T05:02:33.589Z"}
trace: [TERM 1] heartbeat sent to http://dn2s2:9022 {"timestamp":"2026-05-31T05:02:33.595Z"}
trace: [TERM 1] heartbeat sent to http://dn2s1:9021 {"timestamp":"2026-05-31T05:02:35.592Z"}
trace: [TERM 1] heartbeat sent to http://dn2s2:9022 {"timestamp":"2026-05-31T05:02:35.600Z"}
trace: [TERM 1] heartbeat sent to http://dn2s1:9021 {"timestamp":"2026-05-31T05:02:37.589Z"}
trace: [TERM 1] heartbeat sent to http://dn2s2:9022 {"timestamp":"2026-05-31T05:02:37.592Z"}
trace: [TERM 1] heartbeat sent to http://dn2s1:9021 {"timestamp":"2026-05-31T05:02:39.588Z"}
trace: [TERM 1] heartbeat sent to http://dn2s2:9022 {"timestamp":"2026-05-31T05:02:39.590Z"}
trace: [TERM 1] heartbeat sent to http://dn2s1:9021 {"timestamp":"2026-05-31T05:02:41.590Z"}
trace: [TERM 1] heartbeat sent to http://dn2s2:9022 {"timestamp":"2026-05-31T05:02:41.593Z"}
trace: [TERM 1] heartbeat sent to http://dn2s1:9021 {"timestamp":"2026-05-31T05:02:43.588Z"}
trace: [TERM 1] heartbeat sent to http://dn2s2:9022 {"timestamp":"2026-05-31T05:02:43.590Z"}
trace: [TERM 1] heartbeat sent to http://dn2s1:9021 {"timestamp":"2026-05-31T05:02:45.590Z"}
trace: [TERM 1] heartbeat sent to http://dn2s2:9022 {"timestamp":"2026-05-31T05:02:45.596Z"}
trace: [TERM 1] heartbeat sent to http://dn2s1:9021 {"timestamp":"2026-05-31T05:02:47.591Z"}
trace: [TERM 1] heartbeat sent to http://dn2s2:9022 {"timestamp":"2026-05-31T05:02:47.596Z"}
trace: [TERM 1] heartbeat sent to http://dn2s1:9021 {"timestamp":"2026-05-31T05:02:49.589Z"}
trace: [TERM 1] heartbeat sent to http://dn2s2:9022 {"timestamp":"2026-05-31T05:02:49.592Z"}
trace: [TERM 1] heartbeat sent to http://dn2s1:9021 {"timestamp":"2026-05-31T05:02:51.594Z"}
trace: [TERM 1] heartbeat sent to http://dn2s2:9022 {"timestamp":"2026-05-31T05:02:51.601Z"}
trace: [TERM 1] heartbeat sent to http://dn2s1:9021 {"timestamp":"2026-05-31T05:02:53.593Z"}
trace: [TERM 1] heartbeat sent to http://dn2s2:9022 {"timestamp":"2026-05-31T05:02:53.598Z"}
trace: [TERM 1] heartbeat sent to http://dn2s1:9021 {"timestamp":"2026-05-31T05:02:55.591Z"}
trace: [TERM 1] heartbeat sent to http://dn2s2:9022 {"timestamp":"2026-05-31T05:02:55.593Z"}
trace: [TERM 1] heartbeat sent to http://dn2s1:9021 {"timestamp":"2026-05-31T05:02:57.593Z"}
trace: [TERM 1] heartbeat sent to http://dn2s2:9022 {"timestamp":"2026-05-31T05:02:57.596Z"}
trace: [TERM 1] heartbeat sent to http://dn2s1:9021 {"timestamp":"2026-05-31T05:02:59.592Z"}
trace: [TERM 1] heartbeat sent to http://dn2s2:9022 {"timestamp":"2026-05-31T05:02:59.596Z"}
trace: [TERM 1] heartbeat sent to http://dn2s1:9021 {"timestamp":"2026-05-31T05:03:01.593Z"}
trace: [TERM 1] heartbeat sent to http://dn2s2:9022 {"timestamp":"2026-05-31T05:03:01.599Z"}
trace: [TERM 1] heartbeat sent to http://dn2s1:9021 {"timestamp":"2026-05-31T05:03:03.596Z"}
trace: [TERM 1] heartbeat sent to http://dn2s2:9022 {"timestamp":"2026-05-31T05:03:03.603Z"}
trace: [TERM 1] heartbeat sent to http://dn2s1:9021 {"timestamp":"2026-05-31T05:03:05.593Z"}
trace: [TERM 1] heartbeat sent to http://dn2s2:9022 {"timestamp":"2026-05-31T05:03:05.599Z"}
trace: [TERM 1] heartbeat sent to http://dn2s1:9021 {"timestamp":"2026-05-31T05:03:07.594Z"}
trace: [TERM 1] heartbeat sent to http://dn2s2:9022 {"timestamp":"2026-05-31T05:03:07.597Z"}
trace: [TERM 1] heartbeat sent to http://dn2s1:9021 {"timestamp":"2026-05-31T05:03:09.592Z"}
trace: [TERM 1] heartbeat sent to http://dn2s2:9022 {"timestamp":"2026-05-31T05:03:09.594Z"}
trace: [TERM 1] heartbeat sent to http://dn2s1:9021 {"timestamp":"2026-05-31T05:03:11.596Z"}
trace: [TERM 1] heartbeat sent to http://dn2s2:9022 {"timestamp":"2026-05-31T05:03:11.603Z"}
trace: [TERM 1] heartbeat sent to http://dn2s1:9021 {"timestamp":"2026-05-31T05:03:13.594Z"}
trace: [TERM 1] heartbeat sent to http://dn2s2:9022 {"timestamp":"2026-05-31T05:03:13.596Z"}
trace: [TERM 1] heartbeat sent to http://dn2s1:9021 {"timestamp":"2026-05-31T05:03:15.595Z"}
trace: [TERM 1] heartbeat sent to http://dn2s2:9022 {"timestamp":"2026-05-31T05:03:15.598Z"}
trace: [TERM 1] heartbeat sent to http://dn2s1:9021 {"timestamp":"2026-05-31T05:03:17.595Z"}
trace: [TERM 1] heartbeat sent to http://dn2s2:9022 {"timestamp":"2026-05-31T05:03:17.597Z"}
trace: [TERM 1] heartbeat sent to http://dn2s1:9021 {"timestamp":"2026-05-31T05:03:19.595Z"}
trace: [TERM 1] heartbeat sent to http://dn2s2:9022 {"timestamp":"2026-05-31T05:03:19.598Z"}
trace: [TERM 1] heartbeat sent to http://dn2s1:9021 {"timestamp":"2026-05-31T05:03:21.601Z"}
trace: [TERM 1] heartbeat sent to http://dn2s2:9022 {"timestamp":"2026-05-31T05:03:21.609Z"}
trace: [TERM 1] heartbeat sent to http://dn2s1:9021 {"timestamp":"2026-05-31T05:03:23.600Z"}
trace: [TERM 1] heartbeat sent to http://dn2s2:9022 {"timestamp":"2026-05-31T05:03:23.608Z"}
trace: [TERM 1] heartbeat sent to http://dn2s1:9021 {"timestamp":"2026-05-31T05:03:25.596Z"}
trace: [TERM 1] heartbeat sent to http://dn2s2:9022 {"timestamp":"2026-05-31T05:03:25.598Z"}
trace: [TERM 1] heartbeat sent to http://dn2s1:9021 {"timestamp":"2026-05-31T05:03:27.597Z"}
trace: [TERM 1] heartbeat sent to http://dn2s2:9022 {"timestamp":"2026-05-31T05:03:27.599Z"}
trace: [TERM 1] heartbeat sent to http://dn2s1:9021 {"timestamp":"2026-05-31T05:03:29.599Z"}
trace: [TERM 1] heartbeat sent to http://dn2s2:9022 {"timestamp":"2026-05-31T05:03:29.603Z"}
trace: [TERM 1] heartbeat sent to http://dn2s1:9021 {"timestamp":"2026-05-31T05:03:31.597Z"}
trace: [TERM 1] heartbeat sent to http://dn2s2:9022 {"timestamp":"2026-05-31T05:03:31.598Z"}
trace: [TERM 1] heartbeat sent to http://dn2s1:9021 {"timestamp":"2026-05-31T05:03:33.597Z"}
trace: [TERM 1] heartbeat sent to http://dn2s2:9022 {"timestamp":"2026-05-31T05:03:33.598Z"}
trace: [TERM 1] heartbeat sent to http://dn2s1:9021 {"timestamp":"2026-05-31T05:03:35.596Z"}
trace: [TERM 1] heartbeat sent to http://dn2s2:9022 {"timestamp":"2026-05-31T05:03:35.598Z"}
trace: [TERM 1] heartbeat sent to http://dn2s1:9021 {"timestamp":"2026-05-31T05:03:37.597Z"}
trace: [TERM 1] heartbeat sent to http://dn2s2:9022 {"timestamp":"2026-05-31T05:03:37.599Z"}
trace: [TERM 1] heartbeat sent to http://dn2s1:9021 {"timestamp":"2026-05-31T05:03:39.598Z"}
trace: [TERM 1] heartbeat sent to http://dn2s2:9022 {"timestamp":"2026-05-31T05:03:39.600Z"}
trace: [TERM 1] heartbeat sent to http://dn2s1:9021 {"timestamp":"2026-05-31T05:03:41.604Z"}
trace: [TERM 1] heartbeat sent to http://dn2s2:9022 {"timestamp":"2026-05-31T05:03:41.609Z"}
trace: [TERM 1] heartbeat sent to http://dn2s1:9021 {"timestamp":"2026-05-31T05:03:43.599Z"}
trace: [TERM 1] heartbeat sent to http://dn2s2:9022 {"timestamp":"2026-05-31T05:03:43.601Z"}
trace: [TERM 1] heartbeat sent to http://dn2s1:9021 {"timestamp":"2026-05-31T05:03:45.599Z"}
trace: [TERM 1] heartbeat sent to http://dn2s2:9022 {"timestamp":"2026-05-31T05:03:45.602Z"}
trace: [TERM 1] heartbeat sent to http://dn2s1:9021 {"timestamp":"2026-05-31T05:03:47.599Z"}
trace: [TERM 1] heartbeat sent to http://dn2s2:9022 {"timestamp":"2026-05-31T05:03:47.601Z"}
trace: [TERM 1] heartbeat sent to http://dn2s1:9021 {"timestamp":"2026-05-31T05:03:49.599Z"}
trace: [TERM 1] heartbeat sent to http://dn2s2:9022 {"timestamp":"2026-05-31T05:03:49.602Z"}
trace: [TERM 1] heartbeat sent to http://dn2s1:9021 {"timestamp":"2026-05-31T05:03:51.599Z"}
trace: [TERM 1] heartbeat sent to http://dn2s2:9022 {"timestamp":"2026-05-31T05:03:51.603Z"}
trace: [TERM 1] heartbeat sent to http://dn2s1:9021 {"timestamp":"2026-05-31T05:03:53.599Z"}
trace: [TERM 1] heartbeat sent to http://dn2s2:9022 {"timestamp":"2026-05-31T05:03:53.600Z"}
trace: [TERM 1] heartbeat sent to http://dn2s1:9021 {"timestamp":"2026-05-31T05:03:55.599Z"}
trace: [TERM 1] heartbeat sent to http://dn2s2:9022 {"timestamp":"2026-05-31T05:03:55.602Z"}
trace: [TERM 1] heartbeat sent to http://dn2s1:9021 {"timestamp":"2026-05-31T05:03:57.599Z"}
trace: [TERM 1] heartbeat sent to http://dn2s2:9022 {"timestamp":"2026-05-31T05:03:57.601Z"}
trace: [TERM 1] heartbeat sent to http://dn2s1:9021 {"timestamp":"2026-05-31T05:03:59.598Z"}
trace: [TERM 1] heartbeat sent to http://dn2s2:9022 {"timestamp":"2026-05-31T05:03:59.600Z"}
trace: [TERM 1] heartbeat sent to http://dn2s1:9021 {"timestamp":"2026-05-31T05:04:01.601Z"}
trace: [TERM 1] heartbeat sent to http://dn2s2:9022 {"timestamp":"2026-05-31T05:04:01.606Z"}
trace: [TERM 1] heartbeat sent to http://dn2s1:9021 {"timestamp":"2026-05-31T05:04:03.599Z"}
trace: [TERM 1] heartbeat sent to http://dn2s2:9022 {"timestamp":"2026-05-31T05:04:03.601Z"}
trace: [TERM 1] heartbeat sent to http://dn2s1:9021 {"timestamp":"2026-05-31T05:04:05.599Z"}
trace: [TERM 1] heartbeat sent to http://dn2s2:9022 {"timestamp":"2026-05-31T05:04:05.601Z"}
trace: [TERM 1] heartbeat sent to http://dn2s1:9021 {"timestamp":"2026-05-31T05:04:07.602Z"}
trace: [TERM 1] heartbeat sent to http://dn2s2:9022 {"timestamp":"2026-05-31T05:04:07.607Z"}
trace: [TERM 1] heartbeat sent to http://dn2s1:9021 {"timestamp":"2026-05-31T05:04:09.599Z"}
trace: [TERM 1] heartbeat sent to http://dn2s2:9022 {"timestamp":"2026-05-31T05:04:09.602Z"}
trace: [TERM 1] heartbeat sent to http://dn2s1:9021 {"timestamp":"2026-05-31T05:04:11.599Z"}
trace: [TERM 1] heartbeat sent to http://dn2s2:9022 {"timestamp":"2026-05-31T05:04:11.601Z"}
trace: [TERM 1] heartbeat sent to http://dn2s1:9021 {"timestamp":"2026-05-31T05:04:13.601Z"}
trace: [TERM 1] heartbeat sent to http://dn2s2:9022 {"timestamp":"2026-05-31T05:04:13.604Z"}
trace: [TERM 1] heartbeat sent to http://dn2s1:9021 {"timestamp":"2026-05-31T05:04:15.604Z"}
trace: [TERM 1] heartbeat sent to http://dn2s2:9022 {"timestamp":"2026-05-31T05:04:15.610Z"}
trace: [TERM 1] heartbeat sent to http://dn2s1:9021 {"timestamp":"2026-05-31T05:04:17.604Z"}
trace: [TERM 1] heartbeat sent to http://dn2s2:9022 {"timestamp":"2026-05-31T05:04:17.609Z"}
trace: [TERM 1] heartbeat sent to http://dn2s1:9021 {"timestamp":"2026-05-31T05:04:19.606Z"}
trace: [TERM 1] heartbeat sent to http://dn2s2:9022 {"timestamp":"2026-05-31T05:04:19.611Z"}
trace: [TERM 1] heartbeat sent to http://dn2s1:9021 {"timestamp":"2026-05-31T05:04:21.606Z"}
trace: [TERM 1] heartbeat sent to http://dn2s2:9022 {"timestamp":"2026-05-31T05:04:21.608Z"}
trace: [TERM 1] heartbeat sent to http://dn2s1:9021 {"timestamp":"2026-05-31T05:04:23.606Z"}
trace: [TERM 1] heartbeat sent to http://dn2s2:9022 {"timestamp":"2026-05-31T05:04:23.609Z"}
trace: [TERM 1] heartbeat sent to http://dn2s1:9021 {"timestamp":"2026-05-31T05:04:25.611Z"}
trace: [TERM 1] heartbeat sent to http://dn2s2:9022 {"timestamp":"2026-05-31T05:04:25.617Z"}
trace: [TERM 1] heartbeat sent to http://dn2s1:9021 {"timestamp":"2026-05-31T05:04:27.612Z"}
trace: [TERM 1] heartbeat sent to http://dn2s2:9022 {"timestamp":"2026-05-31T05:04:27.619Z"}
trace: [TERM 1] heartbeat sent to http://dn2s1:9021 {"timestamp":"2026-05-31T05:04:29.614Z"}
trace: [TERM 1] heartbeat sent to http://dn2s2:9022 {"timestamp":"2026-05-31T05:04:29.620Z"}
trace: [TERM 1] heartbeat sent to http://dn2s1:9021 {"timestamp":"2026-05-31T05:04:31.613Z"}
trace: [TERM 1] heartbeat sent to http://dn2s2:9022 {"timestamp":"2026-05-31T05:04:31.616Z"}
trace: [TERM 1] heartbeat sent to http://dn2s1:9021 {"timestamp":"2026-05-31T05:04:33.614Z"}
trace: [TERM 1] heartbeat sent to http://dn2s2:9022 {"timestamp":"2026-05-31T05:04:33.620Z"}
trace: [TERM 1] heartbeat sent to http://dn2s1:9021 {"timestamp":"2026-05-31T05:04:35.616Z"}
trace: [TERM 1] heartbeat sent to http://dn2s2:9022 {"timestamp":"2026-05-31T05:04:35.620Z"}
trace: [TERM 1] heartbeat sent to http://dn2s1:9021 {"timestamp":"2026-05-31T05:04:37.617Z"}
trace: [TERM 1] heartbeat sent to http://dn2s2:9022 {"timestamp":"2026-05-31T05:04:37.620Z"}
trace: [TERM 1] heartbeat sent to http://dn2s1:9021 {"timestamp":"2026-05-31T05:04:39.620Z"}
trace: [TERM 1] heartbeat sent to http://dn2s2:9022 {"timestamp":"2026-05-31T05:04:39.624Z"}
trace: [TERM 1] heartbeat sent to http://dn2s1:9021 {"timestamp":"2026-05-31T05:04:41.619Z"}
trace: [TERM 1] heartbeat sent to http://dn2s2:9022 {"timestamp":"2026-05-31T05:04:41.623Z"}
trace: [TERM 1] heartbeat sent to http://dn2s1:9021 {"timestamp":"2026-05-31T05:04:43.619Z"}
trace: [TERM 1] heartbeat sent to http://dn2s2:9022 {"timestamp":"2026-05-31T05:04:43.621Z"}
trace: [TERM 1] heartbeat sent to http://dn2s1:9021 {"timestamp":"2026-05-31T05:04:45.622Z"}
trace: [TERM 1] heartbeat sent to http://dn2s2:9022 {"timestamp":"2026-05-31T05:04:45.628Z"}
trace: [TERM 1] heartbeat sent to http://dn2s1:9021 {"timestamp":"2026-05-31T05:04:47.620Z"}
trace: [TERM 1] heartbeat sent to http://dn2s2:9022 {"timestamp":"2026-05-31T05:04:47.623Z"}
trace: [TERM 1] heartbeat sent to http://dn2s1:9021 {"timestamp":"2026-05-31T05:04:49.622Z"}
trace: [TERM 1] heartbeat sent to http://dn2s2:9022 {"timestamp":"2026-05-31T05:04:49.627Z"}
trace: [TERM 1] heartbeat sent to http://dn2s1:9021 {"timestamp":"2026-05-31T05:04:51.624Z"}
trace: [TERM 1] heartbeat sent to http://dn2s2:9022 {"timestamp":"2026-05-31T05:04:51.627Z"}
trace: [TERM 1] heartbeat sent to http://dn2s1:9021 {"timestamp":"2026-05-31T05:04:53.625Z"}
trace: [TERM 1] heartbeat sent to http://dn2s2:9022 {"timestamp":"2026-05-31T05:04:53.630Z"}
trace: [TERM 1] heartbeat sent to http://dn2s1:9021 {"timestamp":"2026-05-31T05:04:55.624Z"}
trace: [TERM 1] heartbeat sent to http://dn2s2:9022 {"timestamp":"2026-05-31T05:04:55.631Z"}
trace: [TERM 1] heartbeat sent to http://dn2s1:9021 {"timestamp":"2026-05-31T05:04:57.631Z"}
trace: [TERM 1] heartbeat sent to http://dn2s2:9022 {"timestamp":"2026-05-31T05:04:57.639Z"}
trace: [TERM 1] heartbeat sent to http://dn2s1:9021 {"timestamp":"2026-05-31T05:04:59.626Z"}
trace: [TERM 1] heartbeat sent to http://dn2s2:9022 {"timestamp":"2026-05-31T05:04:59.630Z"}
trace: [TERM 1] heartbeat sent to http://dn2s1:9021 {"timestamp":"2026-05-31T05:05:01.626Z"}
trace: [TERM 1] heartbeat sent to http://dn2s2:9022 {"timestamp":"2026-05-31T05:05:01.629Z"}
trace: [TERM 1] heartbeat sent to http://dn2s1:9021 {"timestamp":"2026-05-31T05:05:03.627Z"}
trace: [TERM 1] heartbeat sent to http://dn2s2:9022 {"timestamp":"2026-05-31T05:05:03.629Z"}
trace: [TERM 1] heartbeat sent to http://dn2s1:9021 {"timestamp":"2026-05-31T05:05:05.628Z"}
trace: [TERM 1] heartbeat sent to http://dn2s2:9022 {"timestamp":"2026-05-31T05:05:05.630Z"}
trace: [TERM 1] heartbeat sent to http://dn2s1:9021 {"timestamp":"2026-05-31T05:05:07.629Z"}
trace: [TERM 1] heartbeat sent to http://dn2s2:9022 {"timestamp":"2026-05-31T05:05:07.631Z"}
trace: [TERM 1] heartbeat sent to http://dn2s1:9021 {"timestamp":"2026-05-31T05:05:09.630Z"}
trace: [TERM 1] heartbeat sent to http://dn2s2:9022 {"timestamp":"2026-05-31T05:05:09.632Z"}
trace: [TERM 1] heartbeat sent to http://dn2s1:9021 {"timestamp":"2026-05-31T05:05:11.632Z"}
trace: [TERM 1] heartbeat sent to http://dn2s2:9022 {"timestamp":"2026-05-31T05:05:11.636Z"}
trace: [TERM 1] heartbeat sent to http://dn2s1:9021 {"timestamp":"2026-05-31T05:05:13.634Z"}
trace: [TERM 1] heartbeat sent to http://dn2s2:9022 {"timestamp":"2026-05-31T05:05:13.642Z"}
trace: [TERM 1] heartbeat sent to http://dn2s1:9021 {"timestamp":"2026-05-31T05:05:15.635Z"}
trace: [TERM 1] heartbeat sent to http://dn2s2:9022 {"timestamp":"2026-05-31T05:05:15.639Z"}
trace: [TERM 1] heartbeat sent to http://dn2s1:9021 {"timestamp":"2026-05-31T05:05:17.635Z"}
trace: [TERM 1] heartbeat sent to http://dn2s2:9022 {"timestamp":"2026-05-31T05:05:17.637Z"}
trace: [TERM 1] heartbeat sent to http://dn2s1:9021 {"timestamp":"2026-05-31T05:05:19.636Z"}
trace: [TERM 1] heartbeat sent to http://dn2s2:9022 {"timestamp":"2026-05-31T05:05:19.637Z"}
trace: [TERM 1] heartbeat sent to http://dn2s1:9021 {"timestamp":"2026-05-31T05:05:21.636Z"}
trace: [TERM 1] heartbeat sent to http://dn2s2:9022 {"timestamp":"2026-05-31T05:05:21.638Z"}
trace: [TERM 1] heartbeat sent to http://dn2s1:9021 {"timestamp":"2026-05-31T05:05:23.637Z"}
trace: [TERM 1] heartbeat sent to http://dn2s2:9022 {"timestamp":"2026-05-31T05:05:23.639Z"}
trace: [TERM 1] heartbeat sent to http://dn2s1:9021 {"timestamp":"2026-05-31T05:05:25.641Z"}
trace: [TERM 1] heartbeat sent to http://dn2s2:9022 {"timestamp":"2026-05-31T05:05:25.648Z"}
trace: [TERM 1] heartbeat sent to http://dn2s1:9021 {"timestamp":"2026-05-31T05:05:27.639Z"}
trace: [TERM 1] heartbeat sent to http://dn2s2:9022 {"timestamp":"2026-05-31T05:05:27.641Z"}
trace: [TERM 1] heartbeat sent to http://dn2s1:9021 {"timestamp":"2026-05-31T05:05:29.643Z"}
trace: [TERM 1] heartbeat sent to http://dn2s2:9022 {"timestamp":"2026-05-31T05:05:29.649Z"}
trace: [TERM 1] heartbeat sent to http://dn2s1:9021 {"timestamp":"2026-05-31T05:05:31.643Z"}
trace: [TERM 1] heartbeat sent to http://dn2s2:9022 {"timestamp":"2026-05-31T05:05:31.644Z"}
trace: [TERM 1] heartbeat sent to http://dn2s1:9021 {"timestamp":"2026-05-31T05:05:33.643Z"}
trace: [TERM 1] heartbeat sent to http://dn2s2:9022 {"timestamp":"2026-05-31T05:05:33.646Z"}
trace: [TERM 1] heartbeat sent to http://dn2s1:9021 {"timestamp":"2026-05-31T05:05:35.644Z"}
trace: [TERM 1] heartbeat sent to http://dn2s2:9022 {"timestamp":"2026-05-31T05:05:35.647Z"}
trace: [TERM 1] heartbeat sent to http://dn2s1:9021 {"timestamp":"2026-05-31T05:05:37.646Z"}
trace: [TERM 1] heartbeat sent to http://dn2s2:9022 {"timestamp":"2026-05-31T05:05:37.650Z"}
trace: [TERM 1] heartbeat sent to http://dn2s1:9021 {"timestamp":"2026-05-31T05:05:39.648Z"}
trace: [TERM 1] heartbeat sent to http://dn2s2:9022 {"timestamp":"2026-05-31T05:05:39.652Z"}
trace: [TERM 1] heartbeat sent to http://dn2s1:9021 {"timestamp":"2026-05-31T05:05:41.649Z"}
trace: [TERM 1] heartbeat sent to http://dn2s2:9022 {"timestamp":"2026-05-31T05:05:41.654Z"}
trace: [TERM 1] heartbeat sent to http://dn2s1:9021 {"timestamp":"2026-05-31T05:05:43.648Z"}
trace: [TERM 1] heartbeat sent to http://dn2s2:9022 {"timestamp":"2026-05-31T05:05:43.651Z"}
trace: [TERM 1] heartbeat sent to http://dn2s1:9021 {"timestamp":"2026-05-31T05:05:45.649Z"}
trace: [TERM 1] heartbeat sent to http://dn2s2:9022 {"timestamp":"2026-05-31T05:05:45.652Z"}
trace: [TERM 1] heartbeat sent to http://dn2s1:9021 {"timestamp":"2026-05-31T05:05:47.650Z"}
trace: [TERM 1] heartbeat sent to http://dn2s2:9022 {"timestamp":"2026-05-31T05:05:47.652Z"}
trace: [TERM 1] heartbeat sent to http://dn2s1:9021 {"timestamp":"2026-05-31T05:05:49.654Z"}
trace: [TERM 1] heartbeat sent to http://dn2s2:9022 {"timestamp":"2026-05-31T05:05:49.659Z"}
trace: [TERM 1] heartbeat sent to http://dn2s1:9021 {"timestamp":"2026-05-31T05:05:51.655Z"}
trace: [TERM 1] heartbeat sent to http://dn2s2:9022 {"timestamp":"2026-05-31T05:05:51.659Z"}
trace: [TERM 1] heartbeat sent to http://dn2s1:9021 {"timestamp":"2026-05-31T05:05:53.654Z"}
trace: [TERM 1] heartbeat sent to http://dn2s2:9022 {"timestamp":"2026-05-31T05:05:53.657Z"}
trace: [TERM 1] heartbeat sent to http://dn2s1:9021 {"timestamp":"2026-05-31T05:05:55.654Z"}
trace: [TERM 1] heartbeat sent to http://dn2s2:9022 {"timestamp":"2026-05-31T05:05:55.656Z"}
trace: [TERM 1] heartbeat sent to http://dn2s1:9021 {"timestamp":"2026-05-31T05:05:57.655Z"}
trace: [TERM 1] heartbeat sent to http://dn2s2:9022 {"timestamp":"2026-05-31T05:05:57.657Z"}
trace: [TERM 1] heartbeat sent to http://dn2s1:9021 {"timestamp":"2026-05-31T05:05:59.656Z"}
trace: [TERM 1] heartbeat sent to http://dn2s2:9022 {"timestamp":"2026-05-31T05:05:59.658Z"}
trace: [TERM 1] heartbeat sent to http://dn2s1:9021 {"timestamp":"2026-05-31T05:06:01.658Z"}
trace: [TERM 1] heartbeat sent to http://dn2s2:9022 {"timestamp":"2026-05-31T05:06:01.660Z"}
trace: [TERM 1] heartbeat sent to http://dn2s1:9021 {"timestamp":"2026-05-31T05:06:03.659Z"}
trace: [TERM 1] heartbeat sent to http://dn2s2:9022 {"timestamp":"2026-05-31T05:06:03.662Z"}
trace: [TERM 1] heartbeat sent to http://dn2s1:9021 {"timestamp":"2026-05-31T05:06:05.660Z"}
trace: [TERM 1] heartbeat sent to http://dn2s2:9022 {"timestamp":"2026-05-31T05:06:05.661Z"}
trace: [TERM 1] heartbeat sent to http://dn2s1:9021 {"timestamp":"2026-05-31T05:06:07.660Z"}
trace: [TERM 1] heartbeat sent to http://dn2s2:9022 {"timestamp":"2026-05-31T05:06:07.663Z"}
trace: [TERM 1] heartbeat sent to http://dn2s1:9021 {"timestamp":"2026-05-31T05:06:09.662Z"}
trace: [TERM 1] heartbeat sent to http://dn2s2:9022 {"timestamp":"2026-05-31T05:06:09.665Z"}
trace: [TERM 1] heartbeat sent to http://dn2s1:9021 {"timestamp":"2026-05-31T05:06:11.665Z"}
trace: [TERM 1] heartbeat sent to http://dn2s2:9022 {"timestamp":"2026-05-31T05:06:11.671Z"}
trace: [TERM 1] heartbeat sent to http://dn2s1:9021 {"timestamp":"2026-05-31T05:06:13.669Z"}
trace: [TERM 1] heartbeat sent to http://dn2s2:9022 {"timestamp":"2026-05-31T05:06:13.674Z"}
trace: [TERM 1] heartbeat sent to http://dn2s1:9021 {"timestamp":"2026-05-31T05:06:15.665Z"}
trace: [TERM 1] heartbeat sent to http://dn2s2:9022 {"timestamp":"2026-05-31T05:06:15.667Z"}
trace: [TERM 1] heartbeat sent to http://dn2s1:9021 {"timestamp":"2026-05-31T05:06:17.667Z"}
trace: [TERM 1] heartbeat sent to http://dn2s2:9022 {"timestamp":"2026-05-31T05:06:17.670Z"}
trace: [TERM 1] heartbeat sent to http://dn2s1:9021 {"timestamp":"2026-05-31T05:06:19.671Z"}
trace: [TERM 1] heartbeat sent to http://dn2s2:9022 {"timestamp":"2026-05-31T05:06:19.675Z"}
trace: [TERM 1] heartbeat sent to http://dn2s1:9021 {"timestamp":"2026-05-31T05:06:21.670Z"}
trace: [TERM 1] heartbeat sent to http://dn2s2:9022 {"timestamp":"2026-05-31T05:06:21.673Z"}
trace: [TERM 1] heartbeat sent to http://dn2s1:9021 {"timestamp":"2026-05-31T05:06:23.672Z"}
trace: [TERM 1] heartbeat sent to http://dn2s2:9022 {"timestamp":"2026-05-31T05:06:23.674Z"}
trace: [TERM 1] heartbeat sent to http://dn2s1:9021 {"timestamp":"2026-05-31T05:06:25.675Z"}
trace: [TERM 1] heartbeat sent to http://dn2s2:9022 {"timestamp":"2026-05-31T05:06:25.681Z"}
trace: [TERM 1] heartbeat sent to http://dn2s1:9021 {"timestamp":"2026-05-31T05:06:27.674Z"}
trace: [TERM 1] heartbeat sent to http://dn2s2:9022 {"timestamp":"2026-05-31T05:06:27.677Z"}
trace: [TERM 1] heartbeat sent to http://dn2s1:9021 {"timestamp":"2026-05-31T05:06:29.678Z"}
trace: [TERM 1] heartbeat sent to http://dn2s2:9022 {"timestamp":"2026-05-31T05:06:29.683Z"}
trace: [TERM 1] heartbeat sent to http://dn2s1:9021 {"timestamp":"2026-05-31T05:06:31.678Z"}
trace: [TERM 1] heartbeat sent to http://dn2s2:9022 {"timestamp":"2026-05-31T05:06:31.683Z"}
trace: [TERM 1] heartbeat sent to http://dn2s1:9021 {"timestamp":"2026-05-31T05:06:33.679Z"}
trace: [TERM 1] heartbeat sent to http://dn2s2:9022 {"timestamp":"2026-05-31T05:06:33.684Z"}
trace: [TERM 1] heartbeat sent to http://dn2s1:9021 {"timestamp":"2026-05-31T05:06:35.681Z"}
trace: [TERM 1] heartbeat sent to http://dn2s2:9022 {"timestamp":"2026-05-31T05:06:35.686Z"}
trace: [TERM 1] heartbeat sent to http://dn2s1:9021 {"timestamp":"2026-05-31T05:06:37.680Z"}
trace: [TERM 1] heartbeat sent to http://dn2s2:9022 {"timestamp":"2026-05-31T05:06:37.682Z"}
trace: [TERM 1] heartbeat sent to http://dn2s1:9021 {"timestamp":"2026-05-31T05:06:39.688Z"}
trace: [TERM 1] heartbeat sent to http://dn2s2:9022 {"timestamp":"2026-05-31T05:06:39.690Z"}
trace: [TERM 1] heartbeat sent to http://dn2s1:9021 {"timestamp":"2026-05-31T05:06:41.685Z"}
trace: [TERM 1] heartbeat sent to http://dn2s2:9022 {"timestamp":"2026-05-31T05:06:41.690Z"}
trace: [TERM 1] heartbeat sent to http://dn2s1:9021 {"timestamp":"2026-05-31T05:06:43.684Z"}
trace: [TERM 1] heartbeat sent to http://dn2s2:9022 {"timestamp":"2026-05-31T05:06:43.687Z"}
trace: [TERM 1] heartbeat sent to http://dn2s1:9021 {"timestamp":"2026-05-31T05:06:45.685Z"}
trace: [TERM 1] heartbeat sent to http://dn2s2:9022 {"timestamp":"2026-05-31T05:06:45.687Z"}
trace: [TERM 1] heartbeat sent to http://dn2s1:9021 {"timestamp":"2026-05-31T05:06:47.687Z"}
trace: [TERM 1] heartbeat sent to http://dn2s2:9022 {"timestamp":"2026-05-31T05:06:47.689Z"}
trace: [TERM 1] heartbeat sent to http://dn2s1:9021 {"timestamp":"2026-05-31T05:06:49.687Z"}
trace: [TERM 1] heartbeat sent to http://dn2s2:9022 {"timestamp":"2026-05-31T05:06:49.689Z"}
trace: [TERM 1] heartbeat sent to http://dn2s1:9021 {"timestamp":"2026-05-31T05:06:51.688Z"}
trace: [TERM 1] heartbeat sent to http://dn2s2:9022 {"timestamp":"2026-05-31T05:06:51.690Z"}
trace: [TERM 1] heartbeat sent to http://dn2s1:9021 {"timestamp":"2026-05-31T05:06:53.689Z"}
trace: [TERM 1] heartbeat sent to http://dn2s2:9022 {"timestamp":"2026-05-31T05:06:53.691Z"}
trace: [TERM 1] heartbeat sent to http://dn2s1:9021 {"timestamp":"2026-05-31T05:06:55.689Z"}
trace: [TERM 1] heartbeat sent to http://dn2s2:9022 {"timestamp":"2026-05-31T05:06:55.691Z"}
trace: [TERM 1] heartbeat sent to http://dn2s1:9021 {"timestamp":"2026-05-31T05:06:57.692Z"}
trace: [TERM 1] heartbeat sent to http://dn2s2:9022 {"timestamp":"2026-05-31T05:06:57.696Z"}
trace: [TERM 1] heartbeat sent to http://dn2s1:9021 {"timestamp":"2026-05-31T05:06:59.693Z"}
trace: [TERM 1] heartbeat sent to http://dn2s2:9022 {"timestamp":"2026-05-31T05:06:59.695Z"}
trace: [TERM 1] heartbeat sent to http://dn2s1:9021 {"timestamp":"2026-05-31T05:07:01.695Z"}
trace: [TERM 1] heartbeat sent to http://dn2s2:9022 {"timestamp":"2026-05-31T05:07:01.698Z"}
trace: [TERM 1] heartbeat sent to http://dn2s1:9021 {"timestamp":"2026-05-31T05:07:03.699Z"}
trace: [TERM 1] heartbeat sent to http://dn2s2:9022 {"timestamp":"2026-05-31T05:07:03.706Z"}
trace: [TERM 1] heartbeat sent to http://dn2s1:9021 {"timestamp":"2026-05-31T05:07:05.697Z"}
trace: [TERM 1] heartbeat sent to http://dn2s2:9022 {"timestamp":"2026-05-31T05:07:05.699Z"}
trace: [TERM 1] heartbeat sent to http://dn2s1:9021 {"timestamp":"2026-05-31T05:07:07.699Z"}
trace: [TERM 1] heartbeat sent to http://dn2s2:9022 {"timestamp":"2026-05-31T05:07:07.701Z"}
trace: [TERM 1] heartbeat sent to http://dn2s1:9021 {"timestamp":"2026-05-31T05:07:09.702Z"}
trace: [TERM 1] heartbeat sent to http://dn2s2:9022 {"timestamp":"2026-05-31T05:07:09.706Z"}
trace: [TERM 1] heartbeat sent to http://dn2s1:9021 {"timestamp":"2026-05-31T05:07:11.702Z"}
trace: [TERM 1] heartbeat sent to http://dn2s2:9022 {"timestamp":"2026-05-31T05:07:11.704Z"}
trace: [TERM 1] heartbeat sent to http://dn2s1:9021 {"timestamp":"2026-05-31T05:07:13.703Z"}
trace: [TERM 1] heartbeat sent to http://dn2s2:9022 {"timestamp":"2026-05-31T05:07:13.706Z"}
trace: [TERM 1] heartbeat sent to http://dn2s1:9021 {"timestamp":"2026-05-31T05:07:15.707Z"}
trace: [TERM 1] heartbeat sent to http://dn2s2:9022 {"timestamp":"2026-05-31T05:07:15.711Z"}
trace: [TERM 1] heartbeat sent to http://dn2s1:9021 {"timestamp":"2026-05-31T05:07:17.708Z"}
trace: [TERM 1] heartbeat sent to http://dn2s2:9022 {"timestamp":"2026-05-31T05:07:17.711Z"}
trace: [TERM 1] heartbeat sent to http://dn2s1:9021 {"timestamp":"2026-05-31T05:07:19.710Z"}
trace: [TERM 1] heartbeat sent to http://dn2s2:9022 {"timestamp":"2026-05-31T05:07:19.712Z"}
trace: [TERM 1] heartbeat sent to http://dn2s1:9021 {"timestamp":"2026-05-31T05:07:21.713Z"}
trace: [TERM 1] heartbeat sent to http://dn2s2:9022 {"timestamp":"2026-05-31T05:07:21.716Z"}
trace: [TERM 1] heartbeat sent to http://dn2s1:9021 {"timestamp":"2026-05-31T05:07:23.713Z"}
trace: [TERM 1] heartbeat sent to http://dn2s2:9022 {"timestamp":"2026-05-31T05:07:23.716Z"}
trace: [TERM 1] heartbeat sent to http://dn2s1:9021 {"timestamp":"2026-05-31T05:07:25.713Z"}
trace: [TERM 1] heartbeat sent to http://dn2s2:9022 {"timestamp":"2026-05-31T05:07:25.716Z"}
trace: [TERM 1] heartbeat sent to http://dn2s1:9021 {"timestamp":"2026-05-31T05:07:27.717Z"}
trace: [TERM 1] heartbeat sent to http://dn2s2:9022 {"timestamp":"2026-05-31T05:07:27.721Z"}
trace: [TERM 1] heartbeat sent to http://dn2s1:9021 {"timestamp":"2026-05-31T05:07:29.717Z"}
trace: [TERM 1] heartbeat sent to http://dn2s2:9022 {"timestamp":"2026-05-31T05:07:29.722Z"}
trace: [TERM 1] heartbeat sent to http://dn2s1:9021 {"timestamp":"2026-05-31T05:07:31.717Z"}
trace: [TERM 1] heartbeat sent to http://dn2s2:9022 {"timestamp":"2026-05-31T05:07:31.720Z"}
trace: [TERM 1] heartbeat sent to http://dn2s1:9021 {"timestamp":"2026-05-31T05:07:33.717Z"}
trace: [TERM 1] heartbeat sent to http://dn2s2:9022 {"timestamp":"2026-05-31T05:07:33.719Z"}
trace: [TERM 1] heartbeat sent to http://dn2s1:9021 {"timestamp":"2026-05-31T05:07:35.718Z"}
trace: [TERM 1] heartbeat sent to http://dn2s2:9022 {"timestamp":"2026-05-31T05:07:35.720Z"}
trace: [TERM 1] heartbeat sent to http://dn2s1:9021 {"timestamp":"2026-05-31T05:07:37.719Z"}
trace: [TERM 1] heartbeat sent to http://dn2s2:9022 {"timestamp":"2026-05-31T05:07:37.721Z"}
trace: [TERM 1] heartbeat sent to http://dn2s1:9021 {"timestamp":"2026-05-31T05:07:39.720Z"}
trace: [TERM 1] heartbeat sent to http://dn2s2:9022 {"timestamp":"2026-05-31T05:07:39.723Z"}
trace: [TERM 1] heartbeat sent to http://dn2s1:9021 {"timestamp":"2026-05-31T05:07:41.721Z"}
trace: [TERM 1] heartbeat sent to http://dn2s2:9022 {"timestamp":"2026-05-31T05:07:41.724Z"}
trace: [TERM 1] heartbeat sent to http://dn2s1:9021 {"timestamp":"2026-05-31T05:07:43.722Z"}
trace: [TERM 1] heartbeat sent to http://dn2s2:9022 {"timestamp":"2026-05-31T05:07:43.725Z"}
trace: [TERM 1] heartbeat sent to http://dn2s1:9021 {"timestamp":"2026-05-31T05:07:45.723Z"}
trace: [TERM 1] heartbeat sent to http://dn2s2:9022 {"timestamp":"2026-05-31T05:07:45.725Z"}
trace: [TERM 1] heartbeat sent to http://dn2s1:9021 {"timestamp":"2026-05-31T05:07:47.727Z"}
trace: [TERM 1] heartbeat sent to http://dn2s2:9022 {"timestamp":"2026-05-31T05:07:47.731Z"}
trace: [TERM 1] heartbeat sent to http://dn2s1:9021 {"timestamp":"2026-05-31T05:07:49.725Z"}
trace: [TERM 1] heartbeat sent to http://dn2s2:9022 {"timestamp":"2026-05-31T05:07:49.727Z"}
trace: [TERM 1] heartbeat sent to http://dn2s1:9021 {"timestamp":"2026-05-31T05:07:51.725Z"}
trace: [TERM 1] heartbeat sent to http://dn2s2:9022 {"timestamp":"2026-05-31T05:07:51.727Z"}
trace: [TERM 1] heartbeat sent to http://dn2s1:9021 {"timestamp":"2026-05-31T05:07:53.729Z"}
trace: [TERM 1] heartbeat sent to http://dn2s2:9022 {"timestamp":"2026-05-31T05:07:53.733Z"}
trace: [TERM 1] heartbeat sent to http://dn2s1:9021 {"timestamp":"2026-05-31T05:07:55.727Z"}
trace: [TERM 1] heartbeat sent to http://dn2s2:9022 {"timestamp":"2026-05-31T05:07:55.729Z"}
trace: [TERM 1] heartbeat sent to http://dn2s1:9021 {"timestamp":"2026-05-31T05:07:57.728Z"}
trace: [TERM 1] heartbeat sent to http://dn2s2:9022 {"timestamp":"2026-05-31T05:07:57.730Z"}
trace: [TERM 1] heartbeat sent to http://dn2s1:9021 {"timestamp":"2026-05-31T05:07:59.730Z"}
trace: [TERM 1] heartbeat sent to http://dn2s2:9022 {"timestamp":"2026-05-31T05:07:59.734Z"}
trace: [TERM 1] heartbeat sent to http://dn2s1:9021 {"timestamp":"2026-05-31T05:08:01.730Z"}
trace: [TERM 1] heartbeat sent to http://dn2s2:9022 {"timestamp":"2026-05-31T05:08:01.733Z"}
trace: [TERM 1] heartbeat sent to http://dn2s1:9021 {"timestamp":"2026-05-31T05:08:03.732Z"}
trace: [TERM 1] heartbeat sent to http://dn2s2:9022 {"timestamp":"2026-05-31T05:08:03.734Z"}
trace: [TERM 1] heartbeat sent to http://dn2s1:9021 {"timestamp":"2026-05-31T05:08:05.734Z"}
trace: [TERM 1] heartbeat sent to http://dn2s2:9022 {"timestamp":"2026-05-31T05:08:05.741Z"}
trace: [TERM 1] heartbeat sent to http://dn2s1:9021 {"timestamp":"2026-05-31T05:08:07.733Z"}
trace: [TERM 1] heartbeat sent to http://dn2s2:9022 {"timestamp":"2026-05-31T05:08:07.735Z"}
trace: [TERM 1] heartbeat sent to http://dn2s1:9021 {"timestamp":"2026-05-31T05:08:09.734Z"}
trace: [TERM 1] heartbeat sent to http://dn2s2:9022 {"timestamp":"2026-05-31T05:08:09.736Z"}
trace: [TERM 1] heartbeat sent to http://dn2s1:9021 {"timestamp":"2026-05-31T05:08:11.737Z"}
trace: [TERM 1] heartbeat sent to http://dn2s2:9022 {"timestamp":"2026-05-31T05:08:11.740Z"}
trace: [TERM 1] heartbeat sent to http://dn2s1:9021 {"timestamp":"2026-05-31T05:08:13.736Z"}
trace: [TERM 1] heartbeat sent to http://dn2s2:9022 {"timestamp":"2026-05-31T05:08:13.738Z"}
trace: [TERM 1] heartbeat sent to http://dn2s1:9021 {"timestamp":"2026-05-31T05:08:15.738Z"}
trace: [TERM 1] heartbeat sent to http://dn2s2:9022 {"timestamp":"2026-05-31T05:08:15.740Z"}
trace: [TERM 1] heartbeat sent to http://dn2s1:9021 {"timestamp":"2026-05-31T05:08:17.741Z"}
trace: [TERM 1] heartbeat sent to http://dn2s2:9022 {"timestamp":"2026-05-31T05:08:17.744Z"}
trace: [TERM 1] heartbeat sent to http://dn2s1:9021 {"timestamp":"2026-05-31T05:08:19.740Z"}
trace: [TERM 1] heartbeat sent to http://dn2s2:9022 {"timestamp":"2026-05-31T05:08:19.743Z"}
trace: [TERM 1] heartbeat sent to http://dn2s1:9021 {"timestamp":"2026-05-31T05:08:21.741Z"}
trace: [TERM 1] heartbeat sent to http://dn2s2:9022 {"timestamp":"2026-05-31T05:08:21.743Z"}
trace: [TERM 1] heartbeat sent to http://dn2s1:9021 {"timestamp":"2026-05-31T05:08:23.742Z"}
trace: [TERM 1] heartbeat sent to http://dn2s2:9022 {"timestamp":"2026-05-31T05:08:23.744Z"}
