trace: raft monitor started {"timestamp":"2026-05-31T05:01:30.357Z"}
trace: [TERM 0] no heartbeat for 6019ms – starting election {"timestamp":"2026-05-31T05:01:31.359Z"}
trace: [TERM 1] election timeout – transitioning to candidate {"timestamp":"2026-05-31T05:01:31.360Z"}
trace: [TERM 1] voted for self (dn0s2), votes=1 {"timestamp":"2026-05-31T05:01:31.361Z"}
trace: [TERM 1] sending RequestVote to http://dn0s1:9001 {"timestamp":"2026-05-31T05:01:31.362Z"}
trace: [TERM 1] vote granted by http://dn0s1:9001 – total votes=2 {"timestamp":"2026-05-31T05:01:31.451Z"}
trace: [TERM 1] sending RequestVote to http://dn0s3:9003 {"timestamp":"2026-05-31T05:01:31.452Z"}
trace: [TERM 1] vote granted by http://dn0s3:9003 – total votes=3 {"timestamp":"2026-05-31T05:01:31.487Z"}
trace: [TERM 1] election result: 3/3 votes (need 2) {"timestamp":"2026-05-31T05:01:31.488Z"}
trace: [TERM 1] won election – transitioning to LEADER {"timestamp":"2026-05-31T05:01:31.489Z"}
trace: [TERM 1] identity sent to RP: http://dn0s2:9002 {"timestamp":"2026-05-31T05:01:31.536Z"}
trace: [TERM 1] heartbeat sent to http://dn0s1:9001 {"timestamp":"2026-05-31T05:01:33.584Z"}
trace: [TERM 1] heartbeat sent to http://dn0s3:9003 {"timestamp":"2026-05-31T05:01:33.624Z"}
trace: [TERM 1] heartbeat sent to http://dn0s1:9001 {"timestamp":"2026-05-31T05:01:35.550Z"}
trace: [TERM 1] heartbeat sent to http://dn0s3:9003 {"timestamp":"2026-05-31T05:01:35.560Z"}
trace: [TERM 1] heartbeat sent to http://dn0s1:9001 {"timestamp":"2026-05-31T05:01:37.543Z"}
trace: [TERM 1] heartbeat sent to http://dn0s3:9003 {"timestamp":"2026-05-31T05:01:37.551Z"}
trace: [TERM 1] heartbeat sent to http://dn0s1:9001 {"timestamp":"2026-05-31T05:01:39.544Z"}
trace: [TERM 1] heartbeat sent to http://dn0s3:9003 {"timestamp":"2026-05-31T05:01:39.549Z"}
trace: [TERM 1] heartbeat sent to http://dn0s1:9001 {"timestamp":"2026-05-31T05:01:41.547Z"}
trace: [TERM 1] heartbeat sent to http://dn0s3:9003 {"timestamp":"2026-05-31T05:01:41.556Z"}
trace: [TERM 1] heartbeat sent to http://dn0s1:9001 {"timestamp":"2026-05-31T05:01:43.549Z"}
trace: [TERM 1] heartbeat sent to http://dn0s3:9003 {"timestamp":"2026-05-31T05:01:43.559Z"}
trace: [TERM 1] heartbeat sent to http://dn0s1:9001 {"timestamp":"2026-05-31T05:01:45.549Z"}
trace: [TERM 1] heartbeat sent to http://dn0s3:9003 {"timestamp":"2026-05-31T05:01:45.556Z"}
trace: [TERM 1] heartbeat sent to http://dn0s1:9001 {"timestamp":"2026-05-31T05:01:47.553Z"}
trace: [TERM 1] heartbeat sent to http://dn0s3:9003 {"timestamp":"2026-05-31T05:01:47.568Z"}
trace: [TERM 1] heartbeat sent to http://dn0s1:9001 {"timestamp":"2026-05-31T05:01:49.550Z"}
trace: [TERM 1] heartbeat sent to http://dn0s3:9003 {"timestamp":"2026-05-31T05:01:49.563Z"}
trace: [TERM 1] heartbeat sent to http://dn0s1:9001 {"timestamp":"2026-05-31T05:01:51.549Z"}
trace: [TERM 1] heartbeat sent to http://dn0s3:9003 {"timestamp":"2026-05-31T05:01:51.557Z"}
trace: [TERM 1] heartbeat sent to http://dn0s1:9001 {"timestamp":"2026-05-31T05:01:53.545Z"}
trace: [TERM 1] heartbeat sent to http://dn0s3:9003 {"timestamp":"2026-05-31T05:01:53.549Z"}
trace: [TERM 1] heartbeat sent to http://dn0s1:9001 {"timestamp":"2026-05-31T05:01:55.548Z"}
trace: [TERM 1] heartbeat sent to http://dn0s3:9003 {"timestamp":"2026-05-31T05:01:55.553Z"}
trace: [TERM 1] heartbeat sent to http://dn0s1:9001 {"timestamp":"2026-05-31T05:01:57.549Z"}
trace: [TERM 1] heartbeat sent to http://dn0s3:9003 {"timestamp":"2026-05-31T05:01:57.555Z"}
trace: [TERM 1] heartbeat sent to http://dn0s1:9001 {"timestamp":"2026-05-31T05:01:59.546Z"}
trace: [TERM 1] heartbeat sent to http://dn0s3:9003 {"timestamp":"2026-05-31T05:01:59.550Z"}
trace: [TERM 1] heartbeat sent to http://dn0s1:9001 {"timestamp":"2026-05-31T05:02:01.549Z"}
trace: [TERM 1] heartbeat sent to http://dn0s3:9003 {"timestamp":"2026-05-31T05:02:01.554Z"}
trace: [TERM 1] heartbeat sent to http://dn0s1:9001 {"timestamp":"2026-05-31T05:02:03.548Z"}
trace: [TERM 1] heartbeat sent to http://dn0s3:9003 {"timestamp":"2026-05-31T05:02:03.551Z"}
trace: [TERM 1] heartbeat sent to http://dn0s1:9001 {"timestamp":"2026-05-31T05:02:05.547Z"}
trace: [TERM 1] heartbeat sent to http://dn0s3:9003 {"timestamp":"2026-05-31T05:02:05.549Z"}
trace: [TERM 1] heartbeat sent to http://dn0s1:9001 {"timestamp":"2026-05-31T05:02:07.546Z"}
trace: [TERM 1] heartbeat sent to http://dn0s3:9003 {"timestamp":"2026-05-31T05:02:07.548Z"}
trace: [TERM 1] heartbeat sent to http://dn0s1:9001 {"timestamp":"2026-05-31T05:02:09.546Z"}
trace: [TERM 1] heartbeat sent to http://dn0s3:9003 {"timestamp":"2026-05-31T05:02:09.549Z"}
trace: [TERM 1] heartbeat sent to http://dn0s1:9001 {"timestamp":"2026-05-31T05:02:11.551Z"}
trace: [TERM 1] heartbeat sent to http://dn0s3:9003 {"timestamp":"2026-05-31T05:02:11.556Z"}
trace: [TERM 1] heartbeat sent to http://dn0s1:9001 {"timestamp":"2026-05-31T05:02:13.549Z"}
trace: [TERM 1] heartbeat sent to http://dn0s3:9003 {"timestamp":"2026-05-31T05:02:13.554Z"}
trace: [TERM 1] heartbeat sent to http://dn0s1:9001 {"timestamp":"2026-05-31T05:02:15.552Z"}
trace: [TERM 1] heartbeat sent to http://dn0s3:9003 {"timestamp":"2026-05-31T05:02:15.557Z"}
trace: [TERM 1] heartbeat sent to http://dn0s1:9001 {"timestamp":"2026-05-31T05:02:17.552Z"}
trace: [TERM 1] heartbeat sent to http://dn0s3:9003 {"timestamp":"2026-05-31T05:02:17.558Z"}
trace: [TERM 1] heartbeat sent to http://dn0s1:9001 {"timestamp":"2026-05-31T05:02:19.552Z"}
trace: [TERM 1] heartbeat sent to http://dn0s3:9003 {"timestamp":"2026-05-31T05:02:19.559Z"}
trace: [TERM 1] heartbeat sent to http://dn0s1:9001 {"timestamp":"2026-05-31T05:02:21.553Z"}
trace: [TERM 1] heartbeat sent to http://dn0s3:9003 {"timestamp":"2026-05-31T05:02:21.557Z"}
trace: [TERM 1] heartbeat sent to http://dn0s1:9001 {"timestamp":"2026-05-31T05:02:23.549Z"}
trace: [TERM 1] heartbeat sent to http://dn0s3:9003 {"timestamp":"2026-05-31T05:02:23.551Z"}
trace: [TERM 1] heartbeat sent to http://dn0s1:9001 {"timestamp":"2026-05-31T05:02:25.550Z"}
trace: [TERM 1] heartbeat sent to http://dn0s3:9003 {"timestamp":"2026-05-31T05:02:25.552Z"}
trace: [TERM 1] heartbeat sent to http://dn0s1:9001 {"timestamp":"2026-05-31T05:02:27.557Z"}
trace: [TERM 1] heartbeat sent to http://dn0s3:9003 {"timestamp":"2026-05-31T05:02:27.563Z"}
trace: [TERM 1] heartbeat sent to http://dn0s1:9001 {"timestamp":"2026-05-31T05:02:29.553Z"}
trace: [TERM 1] heartbeat sent to http://dn0s3:9003 {"timestamp":"2026-05-31T05:02:29.559Z"}
trace: [TERM 1] heartbeat sent to http://dn0s1:9001 {"timestamp":"2026-05-31T05:02:31.553Z"}
trace: [TERM 1] heartbeat sent to http://dn0s3:9003 {"timestamp":"2026-05-31T05:02:31.558Z"}
trace: [TERM 1] heartbeat sent to http://dn0s1:9001 {"timestamp":"2026-05-31T05:02:33.556Z"}
trace: [TERM 1] heartbeat sent to http://dn0s3:9003 {"timestamp":"2026-05-31T05:02:33.564Z"}
trace: [TERM 1] heartbeat sent to http://dn0s1:9001 {"timestamp":"2026-05-31T05:02:35.557Z"}
trace: [TERM 1] heartbeat sent to http://dn0s3:9003 {"timestamp":"2026-05-31T05:02:35.565Z"}
trace: [TERM 1] heartbeat sent to http://dn0s1:9001 {"timestamp":"2026-05-31T05:02:37.554Z"}
trace: [TERM 1] heartbeat sent to http://dn0s3:9003 {"timestamp":"2026-05-31T05:02:37.558Z"}
trace: [TERM 1] heartbeat sent to http://dn0s1:9001 {"timestamp":"2026-05-31T05:02:39.553Z"}
trace: [TERM 1] heartbeat sent to http://dn0s3:9003 {"timestamp":"2026-05-31T05:02:39.555Z"}
trace: [TERM 1] heartbeat sent to http://dn0s1:9001 {"timestamp":"2026-05-31T05:02:41.554Z"}
trace: [TERM 1] heartbeat sent to http://dn0s3:9003 {"timestamp":"2026-05-31T05:02:41.558Z"}
trace: [TERM 1] heartbeat sent to http://dn0s1:9001 {"timestamp":"2026-05-31T05:02:43.553Z"}
trace: [TERM 1] heartbeat sent to http://dn0s3:9003 {"timestamp":"2026-05-31T05:02:43.555Z"}
trace: [TERM 1] heartbeat sent to http://dn0s1:9001 {"timestamp":"2026-05-31T05:02:45.554Z"}
trace: [TERM 1] heartbeat sent to http://dn0s3:9003 {"timestamp":"2026-05-31T05:02:45.557Z"}
trace: [TERM 1] heartbeat sent to http://dn0s1:9001 {"timestamp":"2026-05-31T05:02:47.556Z"}
trace: [TERM 1] heartbeat sent to http://dn0s3:9003 {"timestamp":"2026-05-31T05:02:47.563Z"}
trace: [TERM 1] heartbeat sent to http://dn0s1:9001 {"timestamp":"2026-05-31T05:02:49.554Z"}
trace: [TERM 1] heartbeat sent to http://dn0s3:9003 {"timestamp":"2026-05-31T05:02:49.556Z"}
trace: [TERM 1] heartbeat sent to http://dn0s1:9001 {"timestamp":"2026-05-31T05:02:51.557Z"}
trace: [TERM 1] heartbeat sent to http://dn0s3:9003 {"timestamp":"2026-05-31T05:02:51.563Z"}
trace: [TERM 1] heartbeat sent to http://dn0s1:9001 {"timestamp":"2026-05-31T05:02:53.557Z"}
trace: [TERM 1] heartbeat sent to http://dn0s3:9003 {"timestamp":"2026-05-31T05:02:53.563Z"}
trace: [TERM 1] heartbeat sent to http://dn0s1:9001 {"timestamp":"2026-05-31T05:02:55.556Z"}
trace: [TERM 1] heartbeat sent to http://dn0s3:9003 {"timestamp":"2026-05-31T05:02:55.559Z"}
trace: [TERM 1] heartbeat sent to http://dn0s1:9001 {"timestamp":"2026-05-31T05:02:57.556Z"}
trace: [TERM 1] heartbeat sent to http://dn0s3:9003 {"timestamp":"2026-05-31T05:02:57.559Z"}
trace: [TERM 1] heartbeat sent to http://dn0s1:9001 {"timestamp":"2026-05-31T05:02:59.557Z"}
trace: [TERM 1] heartbeat sent to http://dn0s3:9003 {"timestamp":"2026-05-31T05:02:59.562Z"}
trace: [TERM 1] heartbeat sent to http://dn0s1:9001 {"timestamp":"2026-05-31T05:03:01.557Z"}
trace: [TERM 1] heartbeat sent to http://dn0s3:9003 {"timestamp":"2026-05-31T05:03:01.561Z"}
trace: [TERM 1] heartbeat sent to http://dn0s1:9001 {"timestamp":"2026-05-31T05:03:03.559Z"}
trace: [TERM 1] heartbeat sent to http://dn0s3:9003 {"timestamp":"2026-05-31T05:03:03.563Z"}
trace: [TERM 1] heartbeat sent to http://dn0s1:9001 {"timestamp":"2026-05-31T05:03:05.560Z"}
trace: [TERM 1] heartbeat sent to http://dn0s3:9003 {"timestamp":"2026-05-31T05:03:05.565Z"}
trace: [TERM 1] heartbeat sent to http://dn0s1:9001 {"timestamp":"2026-05-31T05:03:07.561Z"}
trace: [TERM 1] heartbeat sent to http://dn0s3:9003 {"timestamp":"2026-05-31T05:03:07.564Z"}
trace: [TERM 1] heartbeat sent to http://dn0s1:9001 {"timestamp":"2026-05-31T05:03:09.559Z"}
trace: [TERM 1] heartbeat sent to http://dn0s3:9003 {"timestamp":"2026-05-31T05:03:09.561Z"}
trace: [TERM 1] heartbeat sent to http://dn0s1:9001 {"timestamp":"2026-05-31T05:03:11.565Z"}
trace: [TERM 1] heartbeat sent to http://dn0s3:9003 {"timestamp":"2026-05-31T05:03:11.571Z"}
trace: [TERM 1] heartbeat sent to http://dn0s1:9001 {"timestamp":"2026-05-31T05:03:13.562Z"}
trace: [TERM 1] heartbeat sent to http://dn0s3:9003 {"timestamp":"2026-05-31T05:03:13.564Z"}
trace: [TERM 1] heartbeat sent to http://dn0s1:9001 {"timestamp":"2026-05-31T05:03:15.564Z"}
trace: [TERM 1] heartbeat sent to http://dn0s3:9003 {"timestamp":"2026-05-31T05:03:15.568Z"}
trace: [TERM 1] heartbeat sent to http://dn0s1:9001 {"timestamp":"2026-05-31T05:03:17.564Z"}
trace: [TERM 1] heartbeat sent to http://dn0s3:9003 {"timestamp":"2026-05-31T05:03:17.566Z"}
trace: [TERM 1] heartbeat sent to http://dn0s1:9001 {"timestamp":"2026-05-31T05:03:19.564Z"}
trace: [TERM 1] heartbeat sent to http://dn0s3:9003 {"timestamp":"2026-05-31T05:03:19.567Z"}
trace: [TERM 1] heartbeat sent to http://dn0s1:9001 {"timestamp":"2026-05-31T05:03:21.565Z"}
trace: [TERM 1] heartbeat sent to http://dn0s3:9003 {"timestamp":"2026-05-31T05:03:21.569Z"}
trace: [TERM 1] heartbeat sent to http://dn0s1:9001 {"timestamp":"2026-05-31T05:03:23.568Z"}
trace: [TERM 1] heartbeat sent to http://dn0s3:9003 {"timestamp":"2026-05-31T05:03:23.573Z"}
trace: [TERM 1] heartbeat sent to http://dn0s1:9001 {"timestamp":"2026-05-31T05:03:25.563Z"}
trace: [TERM 1] heartbeat sent to http://dn0s3:9003 {"timestamp":"2026-05-31T05:03:25.565Z"}
trace: [TERM 1] heartbeat sent to http://dn0s1:9001 {"timestamp":"2026-05-31T05:03:27.563Z"}
trace: [TERM 1] heartbeat sent to http://dn0s3:9003 {"timestamp":"2026-05-31T05:03:27.566Z"}
trace: [TERM 1] heartbeat sent to http://dn0s1:9001 {"timestamp":"2026-05-31T05:03:29.566Z"}
trace: [TERM 1] heartbeat sent to http://dn0s3:9003 {"timestamp":"2026-05-31T05:03:29.570Z"}
trace: [TERM 1] heartbeat sent to http://dn0s1:9001 {"timestamp":"2026-05-31T05:03:31.563Z"}
trace: [TERM 1] heartbeat sent to http://dn0s3:9003 {"timestamp":"2026-05-31T05:03:31.565Z"}
trace: [TERM 1] heartbeat sent to http://dn0s1:9001 {"timestamp":"2026-05-31T05:03:33.563Z"}
trace: [TERM 1] heartbeat sent to http://dn0s3:9003 {"timestamp":"2026-05-31T05:03:33.565Z"}
trace: [TERM 1] heartbeat sent to http://dn0s1:9001 {"timestamp":"2026-05-31T05:03:35.564Z"}
trace: [TERM 1] heartbeat sent to http://dn0s3:9003 {"timestamp":"2026-05-31T05:03:35.565Z"}
trace: [TERM 1] heartbeat sent to http://dn0s1:9001 {"timestamp":"2026-05-31T05:03:37.563Z"}
trace: [TERM 1] heartbeat sent to http://dn0s3:9003 {"timestamp":"2026-05-31T05:03:37.567Z"}
trace: [TERM 1] heartbeat sent to http://dn0s1:9001 {"timestamp":"2026-05-31T05:03:39.564Z"}
trace: [TERM 1] heartbeat sent to http://dn0s3:9003 {"timestamp":"2026-05-31T05:03:39.566Z"}
trace: [TERM 1] heartbeat sent to http://dn0s1:9001 {"timestamp":"2026-05-31T05:03:41.566Z"}
trace: [TERM 1] heartbeat sent to http://dn0s3:9003 {"timestamp":"2026-05-31T05:03:41.569Z"}
trace: [TERM 1] heartbeat sent to http://dn0s1:9001 {"timestamp":"2026-05-31T05:03:43.565Z"}
trace: [TERM 1] heartbeat sent to http://dn0s3:9003 {"timestamp":"2026-05-31T05:03:43.568Z"}
trace: [TERM 1] heartbeat sent to http://dn0s1:9001 {"timestamp":"2026-05-31T05:03:45.566Z"}
trace: [TERM 1] heartbeat sent to http://dn0s3:9003 {"timestamp":"2026-05-31T05:03:45.568Z"}
trace: [TERM 1] heartbeat sent to http://dn0s1:9001 {"timestamp":"2026-05-31T05:03:47.566Z"}
trace: [TERM 1] heartbeat sent to http://dn0s3:9003 {"timestamp":"2026-05-31T05:03:47.569Z"}
trace: [TERM 1] heartbeat sent to http://dn0s1:9001 {"timestamp":"2026-05-31T05:03:49.567Z"}
trace: [TERM 1] heartbeat sent to http://dn0s3:9003 {"timestamp":"2026-05-31T05:03:49.569Z"}
trace: [TERM 1] heartbeat sent to http://dn0s1:9001 {"timestamp":"2026-05-31T05:03:51.567Z"}
trace: [TERM 1] heartbeat sent to http://dn0s3:9003 {"timestamp":"2026-05-31T05:03:51.570Z"}
trace: [TERM 1] heartbeat sent to http://dn0s1:9001 {"timestamp":"2026-05-31T05:03:53.567Z"}
trace: [TERM 1] heartbeat sent to http://dn0s3:9003 {"timestamp":"2026-05-31T05:03:53.571Z"}
trace: [TERM 1] heartbeat sent to http://dn0s1:9001 {"timestamp":"2026-05-31T05:03:55.571Z"}
trace: [TERM 1] heartbeat sent to http://dn0s3:9003 {"timestamp":"2026-05-31T05:03:55.574Z"}
trace: [TERM 1] heartbeat sent to http://dn0s1:9001 {"timestamp":"2026-05-31T05:03:57.569Z"}
trace: [TERM 1] heartbeat sent to http://dn0s3:9003 {"timestamp":"2026-05-31T05:03:57.571Z"}
trace: [TERM 1] heartbeat sent to http://dn0s1:9001 {"timestamp":"2026-05-31T05:03:59.570Z"}
trace: [TERM 1] heartbeat sent to http://dn0s3:9003 {"timestamp":"2026-05-31T05:03:59.572Z"}
trace: [TERM 1] heartbeat sent to http://dn0s1:9001 {"timestamp":"2026-05-31T05:04:01.573Z"}
trace: [TERM 1] heartbeat sent to http://dn0s3:9003 {"timestamp":"2026-05-31T05:04:01.577Z"}
trace: [TERM 1] heartbeat sent to http://dn0s1:9001 {"timestamp":"2026-05-31T05:04:03.570Z"}
trace: [TERM 1] heartbeat sent to http://dn0s3:9003 {"timestamp":"2026-05-31T05:04:03.576Z"}
trace: [TERM 1] heartbeat sent to http://dn0s1:9001 {"timestamp":"2026-05-31T05:04:05.572Z"}
trace: [TERM 1] heartbeat sent to http://dn0s3:9003 {"timestamp":"2026-05-31T05:04:05.575Z"}
trace: [TERM 1] heartbeat sent to http://dn0s1:9001 {"timestamp":"2026-05-31T05:04:07.572Z"}
trace: [TERM 1] heartbeat sent to http://dn0s3:9003 {"timestamp":"2026-05-31T05:04:07.577Z"}
trace: [TERM 1] heartbeat sent to http://dn0s1:9001 {"timestamp":"2026-05-31T05:04:09.571Z"}
trace: [TERM 1] heartbeat sent to http://dn0s3:9003 {"timestamp":"2026-05-31T05:04:09.573Z"}
trace: [TERM 1] heartbeat sent to http://dn0s1:9001 {"timestamp":"2026-05-31T05:04:11.572Z"}
trace: [TERM 1] heartbeat sent to http://dn0s3:9003 {"timestamp":"2026-05-31T05:04:11.574Z"}
trace: [TERM 1] heartbeat sent to http://dn0s1:9001 {"timestamp":"2026-05-31T05:04:13.573Z"}
trace: [TERM 1] heartbeat sent to http://dn0s3:9003 {"timestamp":"2026-05-31T05:04:13.576Z"}
trace: [TERM 1] heartbeat sent to http://dn0s1:9001 {"timestamp":"2026-05-31T05:04:15.571Z"}
trace: [TERM 1] heartbeat sent to http://dn0s3:9003 {"timestamp":"2026-05-31T05:04:15.574Z"}
trace: [TERM 1] heartbeat sent to http://dn0s1:9001 {"timestamp":"2026-05-31T05:04:17.573Z"}
trace: [TERM 1] heartbeat sent to http://dn0s3:9003 {"timestamp":"2026-05-31T05:04:17.577Z"}
trace: [TERM 1] heartbeat sent to http://dn0s1:9001 {"timestamp":"2026-05-31T05:04:19.574Z"}
trace: [TERM 1] heartbeat sent to http://dn0s3:9003 {"timestamp":"2026-05-31T05:04:19.579Z"}
trace: [TERM 1] heartbeat sent to http://dn0s1:9001 {"timestamp":"2026-05-31T05:04:21.573Z"}
trace: [TERM 1] heartbeat sent to http://dn0s3:9003 {"timestamp":"2026-05-31T05:04:21.577Z"}
trace: [TERM 1] heartbeat sent to http://dn0s1:9001 {"timestamp":"2026-05-31T05:04:23.574Z"}
trace: [TERM 1] heartbeat sent to http://dn0s3:9003 {"timestamp":"2026-05-31T05:04:23.577Z"}
trace: [TERM 1] heartbeat sent to http://dn0s1:9001 {"timestamp":"2026-05-31T05:04:25.577Z"}
trace: [TERM 1] heartbeat sent to http://dn0s3:9003 {"timestamp":"2026-05-31T05:04:25.582Z"}
trace: [TERM 1] heartbeat sent to http://dn0s1:9001 {"timestamp":"2026-05-31T05:04:27.577Z"}
trace: [TERM 1] heartbeat sent to http://dn0s3:9003 {"timestamp":"2026-05-31T05:04:27.581Z"}
trace: [TERM 1] heartbeat sent to http://dn0s1:9001 {"timestamp":"2026-05-31T05:04:29.579Z"}
trace: [TERM 1] heartbeat sent to http://dn0s3:9003 {"timestamp":"2026-05-31T05:04:29.584Z"}
trace: [TERM 1] heartbeat sent to http://dn0s1:9001 {"timestamp":"2026-05-31T05:04:31.577Z"}
trace: [TERM 1] heartbeat sent to http://dn0s3:9003 {"timestamp":"2026-05-31T05:04:31.579Z"}
trace: [TERM 1] heartbeat sent to http://dn0s1:9001 {"timestamp":"2026-05-31T05:04:33.578Z"}
trace: [TERM 1] heartbeat sent to http://dn0s3:9003 {"timestamp":"2026-05-31T05:04:33.582Z"}
trace: [TERM 1] heartbeat sent to http://dn0s1:9001 {"timestamp":"2026-05-31T05:04:35.578Z"}
trace: [TERM 1] heartbeat sent to http://dn0s3:9003 {"timestamp":"2026-05-31T05:04:35.581Z"}
trace: [TERM 1] heartbeat sent to http://dn0s1:9001 {"timestamp":"2026-05-31T05:04:37.578Z"}
trace: [TERM 1] heartbeat sent to http://dn0s3:9003 {"timestamp":"2026-05-31T05:04:37.584Z"}
trace: [TERM 1] heartbeat sent to http://dn0s1:9001 {"timestamp":"2026-05-31T05:04:39.579Z"}
trace: [TERM 1] heartbeat sent to http://dn0s3:9003 {"timestamp":"2026-05-31T05:04:39.587Z"}
trace: [TERM 1] heartbeat sent to http://dn0s1:9001 {"timestamp":"2026-05-31T05:04:41.577Z"}
trace: [TERM 1] heartbeat sent to http://dn0s3:9003 {"timestamp":"2026-05-31T05:04:41.583Z"}
trace: [TERM 1] heartbeat sent to http://dn0s1:9001 {"timestamp":"2026-05-31T05:04:43.578Z"}
trace: [TERM 1] heartbeat sent to http://dn0s3:9003 {"timestamp":"2026-05-31T05:04:43.581Z"}
trace: [TERM 1] heartbeat sent to http://dn0s1:9001 {"timestamp":"2026-05-31T05:04:45.582Z"}
trace: [TERM 1] heartbeat sent to http://dn0s3:9003 {"timestamp":"2026-05-31T05:04:45.587Z"}
trace: [TERM 1] heartbeat sent to http://dn0s1:9001 {"timestamp":"2026-05-31T05:04:47.580Z"}
trace: [TERM 1] heartbeat sent to http://dn0s3:9003 {"timestamp":"2026-05-31T05:04:47.584Z"}
trace: [TERM 1] heartbeat sent to http://dn0s1:9001 {"timestamp":"2026-05-31T05:04:49.585Z"}
trace: [TERM 1] heartbeat sent to http://dn0s3:9003 {"timestamp":"2026-05-31T05:04:49.590Z"}
trace: [TERM 1] heartbeat sent to http://dn0s1:9001 {"timestamp":"2026-05-31T05:04:51.583Z"}
trace: [TERM 1] heartbeat sent to http://dn0s3:9003 {"timestamp":"2026-05-31T05:04:51.588Z"}
trace: [TERM 1] heartbeat sent to http://dn0s1:9001 {"timestamp":"2026-05-31T05:04:53.585Z"}
trace: [TERM 1] heartbeat sent to http://dn0s3:9003 {"timestamp":"2026-05-31T05:04:53.589Z"}
trace: [TERM 1] heartbeat sent to http://dn0s1:9001 {"timestamp":"2026-05-31T05:04:55.585Z"}
trace: [TERM 1] heartbeat sent to http://dn0s3:9003 {"timestamp":"2026-05-31T05:04:55.589Z"}
trace: [TERM 1] heartbeat sent to http://dn0s1:9001 {"timestamp":"2026-05-31T05:04:57.592Z"}
trace: [TERM 1] heartbeat sent to http://dn0s3:9003 {"timestamp":"2026-05-31T05:04:57.597Z"}
trace: [TERM 1] heartbeat sent to http://dn0s1:9001 {"timestamp":"2026-05-31T05:04:59.586Z"}
trace: [TERM 1] heartbeat sent to http://dn0s3:9003 {"timestamp":"2026-05-31T05:04:59.589Z"}
trace: [TERM 1] heartbeat sent to http://dn0s1:9001 {"timestamp":"2026-05-31T05:05:01.586Z"}
trace: [TERM 1] heartbeat sent to http://dn0s3:9003 {"timestamp":"2026-05-31T05:05:01.588Z"}
trace: [TERM 1] heartbeat sent to http://dn0s1:9001 {"timestamp":"2026-05-31T05:05:03.587Z"}
trace: [TERM 1] heartbeat sent to http://dn0s3:9003 {"timestamp":"2026-05-31T05:05:03.588Z"}
trace: [TERM 1] heartbeat sent to http://dn0s1:9001 {"timestamp":"2026-05-31T05:05:05.587Z"}
trace: [TERM 1] heartbeat sent to http://dn0s3:9003 {"timestamp":"2026-05-31T05:05:05.589Z"}
trace: [TERM 1] heartbeat sent to http://dn0s1:9001 {"timestamp":"2026-05-31T05:05:07.589Z"}
trace: [TERM 1] heartbeat sent to http://dn0s3:9003 {"timestamp":"2026-05-31T05:05:07.591Z"}
trace: [TERM 1] heartbeat sent to http://dn0s1:9001 {"timestamp":"2026-05-31T05:05:09.590Z"}
trace: [TERM 1] heartbeat sent to http://dn0s3:9003 {"timestamp":"2026-05-31T05:05:09.592Z"}
trace: [TERM 1] heartbeat sent to http://dn0s1:9001 {"timestamp":"2026-05-31T05:05:11.591Z"}
trace: [TERM 1] heartbeat sent to http://dn0s3:9003 {"timestamp":"2026-05-31T05:05:11.593Z"}
trace: [TERM 1] heartbeat sent to http://dn0s1:9001 {"timestamp":"2026-05-31T05:05:13.593Z"}
trace: [TERM 1] heartbeat sent to http://dn0s3:9003 {"timestamp":"2026-05-31T05:05:13.596Z"}
trace: [TERM 1] heartbeat sent to http://dn0s1:9001 {"timestamp":"2026-05-31T05:05:15.595Z"}
trace: [TERM 1] heartbeat sent to http://dn0s3:9003 {"timestamp":"2026-05-31T05:05:15.602Z"}
trace: [TERM 1] heartbeat sent to http://dn0s1:9001 {"timestamp":"2026-05-31T05:05:17.593Z"}
trace: [TERM 1] heartbeat sent to http://dn0s3:9003 {"timestamp":"2026-05-31T05:05:17.596Z"}
trace: [TERM 1] heartbeat sent to http://dn0s1:9001 {"timestamp":"2026-05-31T05:05:19.595Z"}
trace: [TERM 1] heartbeat sent to http://dn0s3:9003 {"timestamp":"2026-05-31T05:05:19.597Z"}
trace: [TERM 1] heartbeat sent to http://dn0s1:9001 {"timestamp":"2026-05-31T05:05:21.595Z"}
trace: [TERM 1] heartbeat sent to http://dn0s3:9003 {"timestamp":"2026-05-31T05:05:21.597Z"}
trace: [TERM 1] heartbeat sent to http://dn0s1:9001 {"timestamp":"2026-05-31T05:05:23.596Z"}
trace: [TERM 1] heartbeat sent to http://dn0s3:9003 {"timestamp":"2026-05-31T05:05:23.598Z"}
trace: [TERM 1] heartbeat sent to http://dn0s1:9001 {"timestamp":"2026-05-31T05:05:25.603Z"}
trace: [TERM 1] heartbeat sent to http://dn0s3:9003 {"timestamp":"2026-05-31T05:05:25.608Z"}
trace: [TERM 1] heartbeat sent to http://dn0s1:9001 {"timestamp":"2026-05-31T05:05:27.598Z"}
trace: [TERM 1] heartbeat sent to http://dn0s3:9003 {"timestamp":"2026-05-31T05:05:27.600Z"}
trace: [TERM 1] heartbeat sent to http://dn0s1:9001 {"timestamp":"2026-05-31T05:05:29.603Z"}
trace: [TERM 1] heartbeat sent to http://dn0s3:9003 {"timestamp":"2026-05-31T05:05:29.608Z"}
trace: [TERM 1] heartbeat sent to http://dn0s1:9001 {"timestamp":"2026-05-31T05:05:31.600Z"}
trace: [TERM 1] heartbeat sent to http://dn0s3:9003 {"timestamp":"2026-05-31T05:05:31.603Z"}
trace: [TERM 1] heartbeat sent to http://dn0s1:9001 {"timestamp":"2026-05-31T05:05:33.604Z"}
trace: [TERM 1] heartbeat sent to http://dn0s3:9003 {"timestamp":"2026-05-31T05:05:33.609Z"}
trace: [TERM 1] heartbeat sent to http://dn0s1:9001 {"timestamp":"2026-05-31T05:05:35.604Z"}
trace: [TERM 1] heartbeat sent to http://dn0s3:9003 {"timestamp":"2026-05-31T05:05:35.607Z"}
trace: [TERM 1] heartbeat sent to http://dn0s1:9001 {"timestamp":"2026-05-31T05:05:37.605Z"}
trace: [TERM 1] heartbeat sent to http://dn0s3:9003 {"timestamp":"2026-05-31T05:05:37.609Z"}
trace: [TERM 1] heartbeat sent to http://dn0s1:9001 {"timestamp":"2026-05-31T05:05:39.608Z"}
trace: [TERM 1] heartbeat sent to http://dn0s3:9003 {"timestamp":"2026-05-31T05:05:39.613Z"}
trace: [TERM 1] heartbeat sent to http://dn0s1:9001 {"timestamp":"2026-05-31T05:05:41.609Z"}
trace: [TERM 1] heartbeat sent to http://dn0s3:9003 {"timestamp":"2026-05-31T05:05:41.615Z"}
trace: [TERM 1] heartbeat sent to http://dn0s1:9001 {"timestamp":"2026-05-31T05:05:43.608Z"}
trace: [TERM 1] heartbeat sent to http://dn0s3:9003 {"timestamp":"2026-05-31T05:05:43.610Z"}
trace: [TERM 1] heartbeat sent to http://dn0s1:9001 {"timestamp":"2026-05-31T05:05:45.611Z"}
trace: [TERM 1] heartbeat sent to http://dn0s3:9003 {"timestamp":"2026-05-31T05:05:45.613Z"}
trace: [TERM 1] heartbeat sent to http://dn0s1:9001 {"timestamp":"2026-05-31T05:05:47.610Z"}
trace: [TERM 1] heartbeat sent to http://dn0s3:9003 {"timestamp":"2026-05-31T05:05:47.613Z"}
trace: [TERM 1] heartbeat sent to http://dn0s1:9001 {"timestamp":"2026-05-31T05:05:49.615Z"}
trace: [TERM 1] heartbeat sent to http://dn0s3:9003 {"timestamp":"2026-05-31T05:05:49.619Z"}
trace: [TERM 1] heartbeat sent to http://dn0s1:9001 {"timestamp":"2026-05-31T05:05:51.615Z"}
trace: [TERM 1] heartbeat sent to http://dn0s3:9003 {"timestamp":"2026-05-31T05:05:51.618Z"}
trace: [TERM 1] heartbeat sent to http://dn0s1:9001 {"timestamp":"2026-05-31T05:05:53.614Z"}
trace: [TERM 1] heartbeat sent to http://dn0s3:9003 {"timestamp":"2026-05-31T05:05:53.616Z"}
trace: [TERM 1] heartbeat sent to http://dn0s1:9001 {"timestamp":"2026-05-31T05:05:55.614Z"}
trace: [TERM 1] heartbeat sent to http://dn0s3:9003 {"timestamp":"2026-05-31T05:05:55.616Z"}
trace: [TERM 1] heartbeat sent to http://dn0s1:9001 {"timestamp":"2026-05-31T05:05:57.615Z"}
trace: [TERM 1] heartbeat sent to http://dn0s3:9003 {"timestamp":"2026-05-31T05:05:57.617Z"}
trace: [TERM 1] heartbeat sent to http://dn0s1:9001 {"timestamp":"2026-05-31T05:05:59.616Z"}
trace: [TERM 1] heartbeat sent to http://dn0s3:9003 {"timestamp":"2026-05-31T05:05:59.618Z"}
trace: [TERM 1] heartbeat sent to http://dn0s1:9001 {"timestamp":"2026-05-31T05:06:01.616Z"}
trace: [TERM 1] heartbeat sent to http://dn0s3:9003 {"timestamp":"2026-05-31T05:06:01.619Z"}
trace: [TERM 1] heartbeat sent to http://dn0s1:9001 {"timestamp":"2026-05-31T05:06:03.618Z"}
trace: [TERM 1] heartbeat sent to http://dn0s3:9003 {"timestamp":"2026-05-31T05:06:03.621Z"}
trace: [TERM 1] heartbeat sent to http://dn0s1:9001 {"timestamp":"2026-05-31T05:06:05.619Z"}
trace: [TERM 1] heartbeat sent to http://dn0s3:9003 {"timestamp":"2026-05-31T05:06:05.622Z"}
trace: [TERM 1] heartbeat sent to http://dn0s1:9001 {"timestamp":"2026-05-31T05:06:07.621Z"}
trace: [TERM 1] heartbeat sent to http://dn0s3:9003 {"timestamp":"2026-05-31T05:06:07.623Z"}
trace: [TERM 1] heartbeat sent to http://dn0s1:9001 {"timestamp":"2026-05-31T05:06:09.622Z"}
trace: [TERM 1] heartbeat sent to http://dn0s3:9003 {"timestamp":"2026-05-31T05:06:09.624Z"}
trace: [TERM 1] heartbeat sent to http://dn0s1:9001 {"timestamp":"2026-05-31T05:06:11.625Z"}
trace: [TERM 1] heartbeat sent to http://dn0s3:9003 {"timestamp":"2026-05-31T05:06:11.629Z"}
trace: [TERM 1] heartbeat sent to http://dn0s1:9001 {"timestamp":"2026-05-31T05:06:13.628Z"}
trace: [TERM 1] heartbeat sent to http://dn0s3:9003 {"timestamp":"2026-05-31T05:06:13.633Z"}
trace: [TERM 1] heartbeat sent to http://dn0s1:9001 {"timestamp":"2026-05-31T05:06:15.624Z"}
trace: [TERM 1] heartbeat sent to http://dn0s3:9003 {"timestamp":"2026-05-31T05:06:15.626Z"}
trace: [TERM 1] heartbeat sent to http://dn0s1:9001 {"timestamp":"2026-05-31T05:06:17.626Z"}
trace: [TERM 1] heartbeat sent to http://dn0s3:9003 {"timestamp":"2026-05-31T05:06:17.632Z"}
trace: [TERM 1] heartbeat sent to http://dn0s1:9001 {"timestamp":"2026-05-31T05:06:19.629Z"}
trace: [TERM 1] heartbeat sent to http://dn0s3:9003 {"timestamp":"2026-05-31T05:06:19.634Z"}
trace: [TERM 1] heartbeat sent to http://dn0s1:9001 {"timestamp":"2026-05-31T05:06:21.629Z"}
trace: [TERM 1] heartbeat sent to http://dn0s3:9003 {"timestamp":"2026-05-31T05:06:21.630Z"}
trace: [TERM 1] heartbeat sent to http://dn0s1:9001 {"timestamp":"2026-05-31T05:06:23.630Z"}
trace: [TERM 1] heartbeat sent to http://dn0s3:9003 {"timestamp":"2026-05-31T05:06:23.632Z"}
trace: [TERM 1] heartbeat sent to http://dn0s1:9001 {"timestamp":"2026-05-31T05:06:25.632Z"}
trace: [TERM 1] heartbeat sent to http://dn0s3:9003 {"timestamp":"2026-05-31T05:06:25.636Z"}
trace: [TERM 1] heartbeat sent to http://dn0s1:9001 {"timestamp":"2026-05-31T05:06:27.632Z"}
trace: [TERM 1] heartbeat sent to http://dn0s3:9003 {"timestamp":"2026-05-31T05:06:27.634Z"}
trace: [TERM 1] heartbeat sent to http://dn0s1:9001 {"timestamp":"2026-05-31T05:06:29.637Z"}
trace: [TERM 1] heartbeat sent to http://dn0s3:9003 {"timestamp":"2026-05-31T05:06:29.644Z"}
trace: [TERM 1] heartbeat sent to http://dn0s1:9001 {"timestamp":"2026-05-31T05:06:31.635Z"}
trace: [TERM 1] heartbeat sent to http://dn0s3:9003 {"timestamp":"2026-05-31T05:06:31.642Z"}
trace: [TERM 1] heartbeat sent to http://dn0s1:9001 {"timestamp":"2026-05-31T05:06:33.637Z"}
trace: [TERM 1] heartbeat sent to http://dn0s3:9003 {"timestamp":"2026-05-31T05:06:33.642Z"}
trace: [TERM 1] heartbeat sent to http://dn0s1:9001 {"timestamp":"2026-05-31T05:06:35.638Z"}
trace: [TERM 1] heartbeat sent to http://dn0s3:9003 {"timestamp":"2026-05-31T05:06:35.642Z"}
trace: [TERM 1] heartbeat sent to http://dn0s1:9001 {"timestamp":"2026-05-31T05:06:37.637Z"}
trace: [TERM 1] heartbeat sent to http://dn0s3:9003 {"timestamp":"2026-05-31T05:06:37.640Z"}
trace: [TERM 1] heartbeat sent to http://dn0s1:9001 {"timestamp":"2026-05-31T05:06:39.637Z"}
trace: [TERM 1] heartbeat sent to http://dn0s3:9003 {"timestamp":"2026-05-31T05:06:39.639Z"}
trace: [TERM 1] heartbeat sent to http://dn0s1:9001 {"timestamp":"2026-05-31T05:06:41.642Z"}
trace: [TERM 1] heartbeat sent to http://dn0s3:9003 {"timestamp":"2026-05-31T05:06:41.646Z"}
trace: [TERM 1] heartbeat sent to http://dn0s1:9001 {"timestamp":"2026-05-31T05:06:43.640Z"}
trace: [TERM 1] heartbeat sent to http://dn0s3:9003 {"timestamp":"2026-05-31T05:06:43.643Z"}
trace: [TERM 1] heartbeat sent to http://dn0s1:9001 {"timestamp":"2026-05-31T05:06:45.640Z"}
trace: [TERM 1] heartbeat sent to http://dn0s3:9003 {"timestamp":"2026-05-31T05:06:45.642Z"}
trace: [TERM 1] heartbeat sent to http://dn0s1:9001 {"timestamp":"2026-05-31T05:06:47.642Z"}
trace: [TERM 1] heartbeat sent to http://dn0s3:9003 {"timestamp":"2026-05-31T05:06:47.643Z"}
trace: [TERM 1] heartbeat sent to http://dn0s1:9001 {"timestamp":"2026-05-31T05:06:49.644Z"}
trace: [TERM 1] heartbeat sent to http://dn0s3:9003 {"timestamp":"2026-05-31T05:06:49.646Z"}
trace: [TERM 1] heartbeat sent to http://dn0s1:9001 {"timestamp":"2026-05-31T05:06:51.644Z"}
trace: [TERM 1] heartbeat sent to http://dn0s3:9003 {"timestamp":"2026-05-31T05:06:51.646Z"}
trace: [TERM 1] heartbeat sent to http://dn0s1:9001 {"timestamp":"2026-05-31T05:06:53.646Z"}
trace: [TERM 1] heartbeat sent to http://dn0s3:9003 {"timestamp":"2026-05-31T05:06:53.648Z"}
trace: [TERM 1] heartbeat sent to http://dn0s1:9001 {"timestamp":"2026-05-31T05:06:55.647Z"}
trace: [TERM 1] heartbeat sent to http://dn0s3:9003 {"timestamp":"2026-05-31T05:06:55.650Z"}
trace: [TERM 1] heartbeat sent to http://dn0s1:9001 {"timestamp":"2026-05-31T05:06:57.649Z"}
trace: [TERM 1] heartbeat sent to http://dn0s3:9003 {"timestamp":"2026-05-31T05:06:57.652Z"}
trace: [TERM 1] heartbeat sent to http://dn0s1:9001 {"timestamp":"2026-05-31T05:06:59.649Z"}
trace: [TERM 1] heartbeat sent to http://dn0s3:9003 {"timestamp":"2026-05-31T05:06:59.651Z"}
trace: [TERM 1] heartbeat sent to http://dn0s1:9001 {"timestamp":"2026-05-31T05:07:01.651Z"}
trace: [TERM 1] heartbeat sent to http://dn0s3:9003 {"timestamp":"2026-05-31T05:07:01.655Z"}
trace: [TERM 1] heartbeat sent to http://dn0s1:9001 {"timestamp":"2026-05-31T05:07:03.654Z"}
trace: [TERM 1] heartbeat sent to http://dn0s3:9003 {"timestamp":"2026-05-31T05:07:03.663Z"}
trace: [TERM 1] heartbeat sent to http://dn0s1:9001 {"timestamp":"2026-05-31T05:07:05.652Z"}
trace: [TERM 1] heartbeat sent to http://dn0s3:9003 {"timestamp":"2026-05-31T05:07:05.654Z"}
trace: [TERM 1] heartbeat sent to http://dn0s1:9001 {"timestamp":"2026-05-31T05:07:07.653Z"}
trace: [TERM 1] heartbeat sent to http://dn0s3:9003 {"timestamp":"2026-05-31T05:07:07.655Z"}
trace: [TERM 1] heartbeat sent to http://dn0s1:9001 {"timestamp":"2026-05-31T05:07:09.656Z"}
trace: [TERM 1] heartbeat sent to http://dn0s3:9003 {"timestamp":"2026-05-31T05:07:09.660Z"}
trace: [TERM 1] heartbeat sent to http://dn0s1:9001 {"timestamp":"2026-05-31T05:07:11.656Z"}
trace: [TERM 1] heartbeat sent to http://dn0s3:9003 {"timestamp":"2026-05-31T05:07:11.658Z"}
trace: [TERM 1] heartbeat sent to http://dn0s1:9001 {"timestamp":"2026-05-31T05:07:13.657Z"}
trace: [TERM 1] heartbeat sent to http://dn0s3:9003 {"timestamp":"2026-05-31T05:07:13.659Z"}
trace: [TERM 1] heartbeat sent to http://dn0s1:9001 {"timestamp":"2026-05-31T05:07:15.660Z"}
trace: [TERM 1] heartbeat sent to http://dn0s3:9003 {"timestamp":"2026-05-31T05:07:15.663Z"}
trace: [TERM 1] heartbeat sent to http://dn0s1:9001 {"timestamp":"2026-05-31T05:07:17.660Z"}
trace: [TERM 1] heartbeat sent to http://dn0s3:9003 {"timestamp":"2026-05-31T05:07:17.663Z"}
trace: [TERM 1] heartbeat sent to http://dn0s1:9001 {"timestamp":"2026-05-31T05:07:19.661Z"}
trace: [TERM 1] heartbeat sent to http://dn0s3:9003 {"timestamp":"2026-05-31T05:07:19.664Z"}
trace: [TERM 1] heartbeat sent to http://dn0s1:9001 {"timestamp":"2026-05-31T05:07:21.664Z"}
trace: [TERM 1] heartbeat sent to http://dn0s3:9003 {"timestamp":"2026-05-31T05:07:21.667Z"}
trace: [TERM 1] heartbeat sent to http://dn0s1:9001 {"timestamp":"2026-05-31T05:07:23.663Z"}
trace: [TERM 1] heartbeat sent to http://dn0s3:9003 {"timestamp":"2026-05-31T05:07:23.665Z"}
trace: [TERM 1] heartbeat sent to http://dn0s1:9001 {"timestamp":"2026-05-31T05:07:25.664Z"}
trace: [TERM 1] heartbeat sent to http://dn0s3:9003 {"timestamp":"2026-05-31T05:07:25.666Z"}
trace: [TERM 1] heartbeat sent to http://dn0s1:9001 {"timestamp":"2026-05-31T05:07:27.668Z"}
trace: [TERM 1] heartbeat sent to http://dn0s3:9003 {"timestamp":"2026-05-31T05:07:27.673Z"}
trace: [TERM 1] heartbeat sent to http://dn0s1:9001 {"timestamp":"2026-05-31T05:07:29.669Z"}
trace: [TERM 1] heartbeat sent to http://dn0s3:9003 {"timestamp":"2026-05-31T05:07:29.672Z"}
trace: [TERM 1] heartbeat sent to http://dn0s1:9001 {"timestamp":"2026-05-31T05:07:31.668Z"}
trace: [TERM 1] heartbeat sent to http://dn0s3:9003 {"timestamp":"2026-05-31T05:07:31.670Z"}
trace: [TERM 1] heartbeat sent to http://dn0s1:9001 {"timestamp":"2026-05-31T05:07:33.669Z"}
trace: [TERM 1] heartbeat sent to http://dn0s3:9003 {"timestamp":"2026-05-31T05:07:33.671Z"}
trace: [TERM 1] heartbeat sent to http://dn0s1:9001 {"timestamp":"2026-05-31T05:07:35.671Z"}
trace: [TERM 1] heartbeat sent to http://dn0s3:9003 {"timestamp":"2026-05-31T05:07:35.673Z"}
trace: [TERM 1] heartbeat sent to http://dn0s1:9001 {"timestamp":"2026-05-31T05:07:37.671Z"}
trace: [TERM 1] heartbeat sent to http://dn0s3:9003 {"timestamp":"2026-05-31T05:07:37.673Z"}
trace: [TERM 1] heartbeat sent to http://dn0s1:9001 {"timestamp":"2026-05-31T05:07:39.673Z"}
trace: [TERM 1] heartbeat sent to http://dn0s3:9003 {"timestamp":"2026-05-31T05:07:39.676Z"}
trace: [TERM 1] heartbeat sent to http://dn0s1:9001 {"timestamp":"2026-05-31T05:07:41.676Z"}
trace: [TERM 1] heartbeat sent to http://dn0s3:9003 {"timestamp":"2026-05-31T05:07:41.679Z"}
trace: [TERM 1] heartbeat sent to http://dn0s1:9001 {"timestamp":"2026-05-31T05:07:43.675Z"}
trace: [TERM 1] heartbeat sent to http://dn0s3:9003 {"timestamp":"2026-05-31T05:07:43.677Z"}
trace: [TERM 1] heartbeat sent to http://dn0s1:9001 {"timestamp":"2026-05-31T05:07:45.677Z"}
trace: [TERM 1] heartbeat sent to http://dn0s3:9003 {"timestamp":"2026-05-31T05:07:45.680Z"}
trace: [TERM 1] heartbeat sent to http://dn0s1:9001 {"timestamp":"2026-05-31T05:07:47.681Z"}
trace: [TERM 1] heartbeat sent to http://dn0s3:9003 {"timestamp":"2026-05-31T05:07:47.686Z"}
trace: [TERM 1] heartbeat sent to http://dn0s1:9001 {"timestamp":"2026-05-31T05:07:49.680Z"}
trace: [TERM 1] heartbeat sent to http://dn0s3:9003 {"timestamp":"2026-05-31T05:07:49.683Z"}
trace: [TERM 1] heartbeat sent to http://dn0s1:9001 {"timestamp":"2026-05-31T05:07:51.682Z"}
trace: [TERM 1] heartbeat sent to http://dn0s3:9003 {"timestamp":"2026-05-31T05:07:51.684Z"}
trace: [TERM 1] heartbeat sent to http://dn0s1:9001 {"timestamp":"2026-05-31T05:07:53.684Z"}
trace: [TERM 1] heartbeat sent to http://dn0s3:9003 {"timestamp":"2026-05-31T05:07:53.689Z"}
trace: [TERM 1] heartbeat sent to http://dn0s1:9001 {"timestamp":"2026-05-31T05:07:55.682Z"}
trace: [TERM 1] heartbeat sent to http://dn0s3:9003 {"timestamp":"2026-05-31T05:07:55.684Z"}
trace: [TERM 1] heartbeat sent to http://dn0s1:9001 {"timestamp":"2026-05-31T05:07:57.683Z"}
trace: [TERM 1] heartbeat sent to http://dn0s3:9003 {"timestamp":"2026-05-31T05:07:57.685Z"}
trace: [TERM 1] heartbeat sent to http://dn0s1:9001 {"timestamp":"2026-05-31T05:07:59.685Z"}
trace: [TERM 1] heartbeat sent to http://dn0s3:9003 {"timestamp":"2026-05-31T05:07:59.693Z"}
trace: [TERM 1] heartbeat sent to http://dn0s1:9001 {"timestamp":"2026-05-31T05:08:01.685Z"}
trace: [TERM 1] heartbeat sent to http://dn0s3:9003 {"timestamp":"2026-05-31T05:08:01.688Z"}
trace: [TERM 1] heartbeat sent to http://dn0s1:9001 {"timestamp":"2026-05-31T05:08:03.686Z"}
trace: [TERM 1] heartbeat sent to http://dn0s3:9003 {"timestamp":"2026-05-31T05:08:03.688Z"}
trace: [TERM 1] heartbeat sent to http://dn0s1:9001 {"timestamp":"2026-05-31T05:08:05.688Z"}
trace: [TERM 1] heartbeat sent to http://dn0s3:9003 {"timestamp":"2026-05-31T05:08:05.692Z"}
trace: [TERM 1] heartbeat sent to http://dn0s1:9001 {"timestamp":"2026-05-31T05:08:07.688Z"}
trace: [TERM 1] heartbeat sent to http://dn0s3:9003 {"timestamp":"2026-05-31T05:08:07.691Z"}
trace: [TERM 1] heartbeat sent to http://dn0s1:9001 {"timestamp":"2026-05-31T05:08:09.688Z"}
trace: [TERM 1] heartbeat sent to http://dn0s3:9003 {"timestamp":"2026-05-31T05:08:09.690Z"}
trace: [TERM 1] heartbeat sent to http://dn0s1:9001 {"timestamp":"2026-05-31T05:08:11.689Z"}
trace: [TERM 1] heartbeat sent to http://dn0s3:9003 {"timestamp":"2026-05-31T05:08:11.692Z"}
trace: [TERM 1] heartbeat sent to http://dn0s1:9001 {"timestamp":"2026-05-31T05:08:13.691Z"}
trace: [TERM 1] heartbeat sent to http://dn0s3:9003 {"timestamp":"2026-05-31T05:08:13.693Z"}
trace: [TERM 1] heartbeat sent to http://dn0s1:9001 {"timestamp":"2026-05-31T05:08:15.690Z"}
trace: [TERM 1] heartbeat sent to http://dn0s3:9003 {"timestamp":"2026-05-31T05:08:15.692Z"}
trace: [TERM 1] heartbeat sent to http://dn0s1:9001 {"timestamp":"2026-05-31T05:08:17.694Z"}
trace: [TERM 1] heartbeat sent to http://dn0s3:9003 {"timestamp":"2026-05-31T05:08:17.697Z"}
trace: [TERM 1] heartbeat sent to http://dn0s1:9001 {"timestamp":"2026-05-31T05:08:19.693Z"}
trace: [TERM 1] heartbeat sent to http://dn0s3:9003 {"timestamp":"2026-05-31T05:08:19.695Z"}
trace: [TERM 1] heartbeat sent to http://dn0s1:9001 {"timestamp":"2026-05-31T05:08:21.693Z"}
trace: [TERM 1] heartbeat sent to http://dn0s3:9003 {"timestamp":"2026-05-31T05:08:21.695Z"}
trace: [TERM 1] heartbeat sent to http://dn0s1:9001 {"timestamp":"2026-05-31T05:08:23.695Z"}
trace: [TERM 1] heartbeat sent to http://dn0s3:9003 {"timestamp":"2026-05-31T05:08:23.697Z"}
trace: [TERM 1] heartbeat sent to http://dn0s1:9001 {"timestamp":"2026-05-31T05:08:25.697Z"}
trace: [TERM 1] heartbeat sent to http://dn0s3:9003 {"timestamp":"2026-05-31T05:08:25.700Z"}
trace: [TERM 1] heartbeat sent to http://dn0s1:9001 {"timestamp":"2026-05-31T05:08:27.697Z"}
trace: [TERM 1] heartbeat sent to http://dn0s3:9003 {"timestamp":"2026-05-31T05:08:27.699Z"}
trace: [TERM 1] heartbeat sent to http://dn0s1:9001 {"timestamp":"2026-05-31T05:08:29.698Z"}
trace: [TERM 1] heartbeat sent to http://dn0s3:9003 {"timestamp":"2026-05-31T05:08:29.701Z"}
trace: [TERM 1] heartbeat sent to http://dn0s1:9001 {"timestamp":"2026-05-31T05:08:31.700Z"}
trace: [TERM 1] heartbeat sent to http://dn0s3:9003 {"timestamp":"2026-05-31T05:08:31.703Z"}
trace: [TERM 1] heartbeat sent to http://dn0s1:9001 {"timestamp":"2026-05-31T05:08:33.703Z"}
trace: [TERM 1] heartbeat sent to http://dn0s3:9003 {"timestamp":"2026-05-31T05:08:33.708Z"}
trace: [TERM 1] heartbeat sent to http://dn0s1:9001 {"timestamp":"2026-05-31T05:08:35.701Z"}
trace: [TERM 1] heartbeat sent to http://dn0s3:9003 {"timestamp":"2026-05-31T05:08:35.703Z"}
trace: [TERM 1] heartbeat sent to http://dn0s1:9001 {"timestamp":"2026-05-31T05:08:37.705Z"}
trace: [TERM 1] heartbeat sent to http://dn0s3:9003 {"timestamp":"2026-05-31T05:08:37.710Z"}
trace: [TERM 1] heartbeat sent to http://dn0s1:9001 {"timestamp":"2026-05-31T05:08:39.704Z"}
trace: [TERM 1] heartbeat sent to http://dn0s3:9003 {"timestamp":"2026-05-31T05:08:39.706Z"}
trace: [TERM 1] heartbeat sent to http://dn0s1:9001 {"timestamp":"2026-05-31T05:08:41.705Z"}
trace: [TERM 1] heartbeat sent to http://dn0s3:9003 {"timestamp":"2026-05-31T05:08:41.706Z"}
trace: [TERM 1] heartbeat sent to http://dn0s1:9001 {"timestamp":"2026-05-31T05:08:43.708Z"}
trace: [TERM 1] heartbeat sent to http://dn0s3:9003 {"timestamp":"2026-05-31T05:08:43.713Z"}
trace: [TERM 1] heartbeat sent to http://dn0s1:9001 {"timestamp":"2026-05-31T05:08:45.707Z"}
trace: [TERM 1] heartbeat sent to http://dn0s3:9003 {"timestamp":"2026-05-31T05:08:45.710Z"}
trace: [TERM 1] heartbeat sent to http://dn0s1:9001 {"timestamp":"2026-05-31T05:08:47.708Z"}
trace: [TERM 1] heartbeat sent to http://dn0s3:9003 {"timestamp":"2026-05-31T05:08:47.710Z"}
trace: [TERM 1] heartbeat sent to http://dn0s1:9001 {"timestamp":"2026-05-31T05:08:49.712Z"}
trace: [TERM 1] heartbeat sent to http://dn0s3:9003 {"timestamp":"2026-05-31T05:08:49.716Z"}
trace: [TERM 1] heartbeat sent to http://dn0s1:9001 {"timestamp":"2026-05-31T05:08:51.713Z"}
trace: [TERM 1] heartbeat sent to http://dn0s3:9003 {"timestamp":"2026-05-31T05:08:51.716Z"}
trace: [TERM 1] heartbeat sent to http://dn0s1:9001 {"timestamp":"2026-05-31T05:08:53.713Z"}
trace: [TERM 1] heartbeat sent to http://dn0s3:9003 {"timestamp":"2026-05-31T05:08:53.717Z"}
trace: [TERM 1] heartbeat sent to http://dn0s1:9001 {"timestamp":"2026-05-31T05:08:55.714Z"}
trace: [TERM 1] heartbeat sent to http://dn0s3:9003 {"timestamp":"2026-05-31T05:08:55.717Z"}
trace: [TERM 1] heartbeat sent to http://dn0s1:9001 {"timestamp":"2026-05-31T05:08:57.714Z"}
trace: [TERM 1] heartbeat sent to http://dn0s3:9003 {"timestamp":"2026-05-31T05:08:57.716Z"}
trace: [TERM 1] heartbeat sent to http://dn0s1:9001 {"timestamp":"2026-05-31T05:08:59.715Z"}
trace: [TERM 1] heartbeat sent to http://dn0s3:9003 {"timestamp":"2026-05-31T05:08:59.718Z"}
trace: [TERM 1] heartbeat sent to http://dn0s1:9001 {"timestamp":"2026-05-31T05:09:01.717Z"}
trace: [TERM 1] heartbeat sent to http://dn0s3:9003 {"timestamp":"2026-05-31T05:09:01.721Z"}
trace: [TERM 1] heartbeat sent to http://dn0s1:9001 {"timestamp":"2026-05-31T05:09:03.721Z"}
trace: [TERM 1] heartbeat sent to http://dn0s3:9003 {"timestamp":"2026-05-31T05:09:03.728Z"}
trace: [TERM 1] heartbeat sent to http://dn0s1:9001 {"timestamp":"2026-05-31T05:09:05.718Z"}
trace: [TERM 1] heartbeat sent to http://dn0s3:9003 {"timestamp":"2026-05-31T05:09:05.720Z"}
trace: [TERM 1] heartbeat sent to http://dn0s1:9001 {"timestamp":"2026-05-31T05:09:07.722Z"}
trace: [TERM 1] heartbeat sent to http://dn0s3:9003 {"timestamp":"2026-05-31T05:09:07.729Z"}
trace: [TERM 1] heartbeat sent to http://dn0s1:9001 {"timestamp":"2026-05-31T05:09:09.721Z"}
trace: [TERM 1] heartbeat sent to http://dn0s3:9003 {"timestamp":"2026-05-31T05:09:09.727Z"}
trace: [TERM 1] heartbeat sent to http://dn0s1:9001 {"timestamp":"2026-05-31T05:09:11.720Z"}
trace: [TERM 1] heartbeat sent to http://dn0s3:9003 {"timestamp":"2026-05-31T05:09:11.723Z"}
trace: [TERM 1] heartbeat sent to http://dn0s1:9001 {"timestamp":"2026-05-31T05:09:13.722Z"}
trace: [TERM 1] heartbeat sent to http://dn0s3:9003 {"timestamp":"2026-05-31T05:09:13.725Z"}
trace: [TERM 1] heartbeat sent to http://dn0s1:9001 {"timestamp":"2026-05-31T05:09:15.723Z"}
trace: [TERM 1] heartbeat sent to http://dn0s3:9003 {"timestamp":"2026-05-31T05:09:15.726Z"}
trace: [TERM 1] heartbeat sent to http://dn0s1:9001 {"timestamp":"2026-05-31T05:09:17.725Z"}
trace: [TERM 1] heartbeat sent to http://dn0s3:9003 {"timestamp":"2026-05-31T05:09:17.727Z"}
trace: [TERM 1] heartbeat sent to http://dn0s1:9001 {"timestamp":"2026-05-31T05:09:19.726Z"}
trace: [TERM 1] heartbeat sent to http://dn0s3:9003 {"timestamp":"2026-05-31T05:09:19.728Z"}
trace: [TERM 1] heartbeat sent to http://dn0s1:9001 {"timestamp":"2026-05-31T05:09:21.727Z"}
trace: [TERM 1] heartbeat sent to http://dn0s3:9003 {"timestamp":"2026-05-31T05:09:21.729Z"}
trace: [TERM 1] heartbeat sent to http://dn0s1:9001 {"timestamp":"2026-05-31T05:09:23.728Z"}
trace: [TERM 1] heartbeat sent to http://dn0s3:9003 {"timestamp":"2026-05-31T05:09:23.731Z"}
trace: [TERM 1] heartbeat sent to http://dn0s1:9001 {"timestamp":"2026-05-31T05:09:25.728Z"}
trace: [TERM 1] heartbeat sent to http://dn0s3:9003 {"timestamp":"2026-05-31T05:09:25.730Z"}
trace: [TERM 1] heartbeat sent to http://dn0s1:9001 {"timestamp":"2026-05-31T05:09:27.730Z"}
trace: [TERM 1] heartbeat sent to http://dn0s3:9003 {"timestamp":"2026-05-31T05:09:27.732Z"}
trace: [TERM 1] heartbeat sent to http://dn0s1:9001 {"timestamp":"2026-05-31T05:09:29.736Z"}
trace: [TERM 1] heartbeat sent to http://dn0s3:9003 {"timestamp":"2026-05-31T05:09:29.740Z"}
trace: [TERM 1] heartbeat sent to http://dn0s1:9001 {"timestamp":"2026-05-31T05:09:31.731Z"}
trace: [TERM 1] heartbeat sent to http://dn0s3:9003 {"timestamp":"2026-05-31T05:09:31.734Z"}
trace: [TERM 1] heartbeat sent to http://dn0s1:9001 {"timestamp":"2026-05-31T05:09:33.741Z"}
trace: [TERM 1] heartbeat sent to http://dn0s3:9003 {"timestamp":"2026-05-31T05:09:33.748Z"}
trace: [TERM 1] heartbeat sent to http://dn0s1:9001 {"timestamp":"2026-05-31T05:09:35.738Z"}
trace: [TERM 1] heartbeat sent to http://dn0s3:9003 {"timestamp":"2026-05-31T05:09:35.742Z"}
trace: [TERM 1] heartbeat sent to http://dn0s1:9001 {"timestamp":"2026-05-31T05:09:37.736Z"}
trace: [TERM 1] heartbeat sent to http://dn0s3:9003 {"timestamp":"2026-05-31T05:09:37.739Z"}
trace: [TERM 1] heartbeat sent to http://dn0s1:9001 {"timestamp":"2026-05-31T05:09:39.739Z"}
trace: [TERM 1] heartbeat sent to http://dn0s3:9003 {"timestamp":"2026-05-31T05:09:39.744Z"}
trace: [TERM 1] heartbeat sent to http://dn0s1:9001 {"timestamp":"2026-05-31T05:09:41.747Z"}
trace: [TERM 1] heartbeat sent to http://dn0s3:9003 {"timestamp":"2026-05-31T05:09:41.756Z"}
trace: [TERM 1] heartbeat sent to http://dn0s1:9001 {"timestamp":"2026-05-31T05:09:43.744Z"}
trace: [TERM 1] heartbeat sent to http://dn0s3:9003 {"timestamp":"2026-05-31T05:09:43.750Z"}
trace: [TERM 1] heartbeat sent to http://dn0s1:9001 {"timestamp":"2026-05-31T05:09:45.746Z"}
trace: [TERM 1] heartbeat sent to http://dn0s3:9003 {"timestamp":"2026-05-31T05:09:45.751Z"}
trace: [TERM 1] heartbeat sent to http://dn0s1:9001 {"timestamp":"2026-05-31T05:09:47.746Z"}
trace: [TERM 1] heartbeat sent to http://dn0s3:9003 {"timestamp":"2026-05-31T05:09:47.748Z"}
trace: [TERM 1] heartbeat sent to http://dn0s1:9001 {"timestamp":"2026-05-31T05:09:49.750Z"}
trace: [TERM 1] heartbeat sent to http://dn0s3:9003 {"timestamp":"2026-05-31T05:09:49.759Z"}
trace: [TERM 1] heartbeat sent to http://dn0s1:9001 {"timestamp":"2026-05-31T05:09:51.748Z"}
trace: [TERM 1] heartbeat sent to http://dn0s3:9003 {"timestamp":"2026-05-31T05:09:51.758Z"}
trace: [TERM 1] heartbeat sent to http://dn0s1:9001 {"timestamp":"2026-05-31T05:09:53.752Z"}
trace: [TERM 1] heartbeat sent to http://dn0s3:9003 {"timestamp":"2026-05-31T05:09:53.758Z"}
trace: [TERM 1] heartbeat sent to http://dn0s1:9001 {"timestamp":"2026-05-31T05:09:55.750Z"}
trace: [TERM 1] heartbeat sent to http://dn0s3:9003 {"timestamp":"2026-05-31T05:09:55.753Z"}
trace: [TERM 1] heartbeat sent to http://dn0s1:9001 {"timestamp":"2026-05-31T05:09:57.752Z"}
trace: [TERM 1] heartbeat sent to http://dn0s3:9003 {"timestamp":"2026-05-31T05:09:57.756Z"}
trace: [TERM 1] heartbeat sent to http://dn0s1:9001 {"timestamp":"2026-05-31T05:09:59.751Z"}
trace: [TERM 1] heartbeat sent to http://dn0s3:9003 {"timestamp":"2026-05-31T05:09:59.753Z"}
trace: [TERM 1] heartbeat sent to http://dn0s1:9001 {"timestamp":"2026-05-31T05:10:01.752Z"}
trace: [TERM 1] heartbeat sent to http://dn0s3:9003 {"timestamp":"2026-05-31T05:10:01.754Z"}
trace: [TERM 1] heartbeat sent to http://dn0s1:9001 {"timestamp":"2026-05-31T05:10:03.755Z"}
trace: [TERM 1] heartbeat sent to http://dn0s3:9003 {"timestamp":"2026-05-31T05:10:03.764Z"}
trace: [TERM 1] heartbeat sent to http://dn0s1:9001 {"timestamp":"2026-05-31T05:10:05.758Z"}
trace: [TERM 1] heartbeat sent to http://dn0s3:9003 {"timestamp":"2026-05-31T05:10:05.762Z"}
trace: [TERM 1] heartbeat sent to http://dn0s1:9001 {"timestamp":"2026-05-31T05:10:07.755Z"}
trace: [TERM 1] heartbeat sent to http://dn0s3:9003 {"timestamp":"2026-05-31T05:10:07.757Z"}
trace: [TERM 1] heartbeat sent to http://dn0s1:9001 {"timestamp":"2026-05-31T05:10:09.757Z"}
trace: [TERM 1] heartbeat sent to http://dn0s3:9003 {"timestamp":"2026-05-31T05:10:09.758Z"}
trace: [TERM 1] heartbeat sent to http://dn0s1:9001 {"timestamp":"2026-05-31T05:10:11.761Z"}
trace: [TERM 1] heartbeat sent to http://dn0s3:9003 {"timestamp":"2026-05-31T05:10:11.767Z"}
trace: [TERM 1] heartbeat sent to http://dn0s1:9001 {"timestamp":"2026-05-31T05:10:13.760Z"}
trace: [TERM 1] heartbeat sent to http://dn0s3:9003 {"timestamp":"2026-05-31T05:10:13.763Z"}
trace: [TERM 1] heartbeat sent to http://dn0s1:9001 {"timestamp":"2026-05-31T05:10:15.760Z"}
trace: [TERM 1] heartbeat sent to http://dn0s3:9003 {"timestamp":"2026-05-31T05:10:15.762Z"}
trace: [TERM 1] heartbeat sent to http://dn0s1:9001 {"timestamp":"2026-05-31T05:10:17.762Z"}
trace: [TERM 1] heartbeat sent to http://dn0s3:9003 {"timestamp":"2026-05-31T05:10:17.768Z"}
trace: [TERM 1] heartbeat sent to http://dn0s1:9001 {"timestamp":"2026-05-31T05:10:19.762Z"}
trace: [TERM 1] heartbeat sent to http://dn0s3:9003 {"timestamp":"2026-05-31T05:10:19.764Z"}
trace: [TERM 1] heartbeat sent to http://dn0s1:9001 {"timestamp":"2026-05-31T05:10:21.764Z"}
trace: [TERM 1] heartbeat sent to http://dn0s3:9003 {"timestamp":"2026-05-31T05:10:21.766Z"}
trace: [TERM 1] heartbeat sent to http://dn0s1:9001 {"timestamp":"2026-05-31T05:10:23.768Z"}
trace: [TERM 1] heartbeat sent to http://dn0s3:9003 {"timestamp":"2026-05-31T05:10:23.773Z"}
trace: [TERM 1] heartbeat sent to http://dn0s1:9001 {"timestamp":"2026-05-31T05:10:25.767Z"}
trace: [TERM 1] heartbeat sent to http://dn0s3:9003 {"timestamp":"2026-05-31T05:10:25.770Z"}
trace: [TERM 1] heartbeat sent to http://dn0s1:9001 {"timestamp":"2026-05-31T05:10:27.765Z"}
trace: [TERM 1] heartbeat sent to http://dn0s3:9003 {"timestamp":"2026-05-31T05:10:27.769Z"}
trace: [TERM 1] heartbeat sent to http://dn0s1:9001 {"timestamp":"2026-05-31T05:10:29.769Z"}
trace: [TERM 1] heartbeat sent to http://dn0s3:9003 {"timestamp":"2026-05-31T05:10:29.775Z"}
trace: [TERM 1] heartbeat sent to http://dn0s1:9001 {"timestamp":"2026-05-31T05:10:31.770Z"}
trace: [TERM 1] heartbeat sent to http://dn0s3:9003 {"timestamp":"2026-05-31T05:10:31.775Z"}
trace: [TERM 1] heartbeat sent to http://dn0s1:9001 {"timestamp":"2026-05-31T05:10:33.769Z"}
trace: [TERM 1] heartbeat sent to http://dn0s3:9003 {"timestamp":"2026-05-31T05:10:33.771Z"}
trace: [TERM 1] heartbeat sent to http://dn0s1:9001 {"timestamp":"2026-05-31T05:10:35.770Z"}
trace: [TERM 1] heartbeat sent to http://dn0s3:9003 {"timestamp":"2026-05-31T05:10:35.773Z"}
trace: [TERM 1] heartbeat sent to http://dn0s1:9001 {"timestamp":"2026-05-31T05:10:37.771Z"}
trace: [TERM 1] heartbeat sent to http://dn0s3:9003 {"timestamp":"2026-05-31T05:10:37.773Z"}
trace: [TERM 1] heartbeat sent to http://dn0s1:9001 {"timestamp":"2026-05-31T05:10:39.772Z"}
trace: [TERM 1] heartbeat sent to http://dn0s3:9003 {"timestamp":"2026-05-31T05:10:39.774Z"}
trace: [TERM 1] heartbeat sent to http://dn0s1:9001 {"timestamp":"2026-05-31T05:10:41.777Z"}
trace: [TERM 1] heartbeat sent to http://dn0s3:9003 {"timestamp":"2026-05-31T05:10:41.784Z"}
trace: [TERM 1] heartbeat sent to http://dn0s1:9001 {"timestamp":"2026-05-31T05:10:43.776Z"}
trace: [TERM 1] heartbeat sent to http://dn0s3:9003 {"timestamp":"2026-05-31T05:10:43.779Z"}
trace: [TERM 1] heartbeat sent to http://dn0s1:9001 {"timestamp":"2026-05-31T05:10:45.778Z"}
trace: [TERM 1] heartbeat sent to http://dn0s3:9003 {"timestamp":"2026-05-31T05:10:45.782Z"}
trace: [TERM 1] heartbeat sent to http://dn0s1:9001 {"timestamp":"2026-05-31T05:10:47.778Z"}
trace: [TERM 1] heartbeat sent to http://dn0s3:9003 {"timestamp":"2026-05-31T05:10:47.782Z"}
trace: [TERM 1] heartbeat sent to http://dn0s1:9001 {"timestamp":"2026-05-31T05:10:49.782Z"}
trace: [TERM 1] heartbeat sent to http://dn0s3:9003 {"timestamp":"2026-05-31T05:10:49.790Z"}
trace: [TERM 1] heartbeat sent to http://dn0s1:9001 {"timestamp":"2026-05-31T05:10:51.781Z"}
trace: [TERM 1] heartbeat sent to http://dn0s3:9003 {"timestamp":"2026-05-31T05:10:51.783Z"}
trace: [TERM 1] heartbeat sent to http://dn0s1:9001 {"timestamp":"2026-05-31T05:10:53.781Z"}
trace: [TERM 1] heartbeat sent to http://dn0s3:9003 {"timestamp":"2026-05-31T05:10:53.783Z"}
trace: [TERM 1] heartbeat sent to http://dn0s1:9001 {"timestamp":"2026-05-31T05:10:55.785Z"}
trace: [TERM 1] heartbeat sent to http://dn0s3:9003 {"timestamp":"2026-05-31T05:10:55.788Z"}
trace: [TERM 1] heartbeat sent to http://dn0s1:9001 {"timestamp":"2026-05-31T05:10:57.783Z"}
trace: [TERM 1] heartbeat sent to http://dn0s3:9003 {"timestamp":"2026-05-31T05:10:57.785Z"}
trace: [TERM 1] heartbeat sent to http://dn0s1:9001 {"timestamp":"2026-05-31T05:10:59.785Z"}
trace: [TERM 1] heartbeat sent to http://dn0s3:9003 {"timestamp":"2026-05-31T05:10:59.790Z"}
trace: [TERM 1] heartbeat sent to http://dn0s1:9001 {"timestamp":"2026-05-31T05:11:01.788Z"}
trace: [TERM 1] heartbeat sent to http://dn0s3:9003 {"timestamp":"2026-05-31T05:11:01.794Z"}
trace: [TERM 1] heartbeat sent to http://dn0s1:9001 {"timestamp":"2026-05-31T05:11:03.786Z"}
trace: [TERM 1] heartbeat sent to http://dn0s3:9003 {"timestamp":"2026-05-31T05:11:03.788Z"}
trace: [TERM 1] heartbeat sent to http://dn0s1:9001 {"timestamp":"2026-05-31T05:11:05.787Z"}
trace: [TERM 1] heartbeat sent to http://dn0s3:9003 {"timestamp":"2026-05-31T05:11:05.789Z"}
trace: [TERM 1] heartbeat sent to http://dn0s1:9001 {"timestamp":"2026-05-31T05:11:07.790Z"}
trace: [TERM 1] heartbeat sent to http://dn0s3:9003 {"timestamp":"2026-05-31T05:11:07.794Z"}
trace: [TERM 1] heartbeat sent to http://dn0s1:9001 {"timestamp":"2026-05-31T05:11:09.791Z"}
trace: [TERM 1] heartbeat sent to http://dn0s3:9003 {"timestamp":"2026-05-31T05:11:09.793Z"}
trace: [TERM 1] heartbeat sent to http://dn0s1:9001 {"timestamp":"2026-05-31T05:11:11.797Z"}
trace: [TERM 1] heartbeat sent to http://dn0s3:9003 {"timestamp":"2026-05-31T05:11:11.799Z"}
trace: [TERM 1] heartbeat sent to http://dn0s1:9001 {"timestamp":"2026-05-31T05:11:13.794Z"}
trace: [TERM 1] heartbeat sent to http://dn0s3:9003 {"timestamp":"2026-05-31T05:11:13.797Z"}
trace: [TERM 1] heartbeat sent to http://dn0s1:9001 {"timestamp":"2026-05-31T05:11:15.794Z"}
trace: [TERM 1] heartbeat sent to http://dn0s3:9003 {"timestamp":"2026-05-31T05:11:15.796Z"}
trace: [TERM 1] heartbeat sent to http://dn0s1:9001 {"timestamp":"2026-05-31T05:11:17.796Z"}
trace: [TERM 1] heartbeat sent to http://dn0s3:9003 {"timestamp":"2026-05-31T05:11:17.798Z"}
trace: [TERM 1] heartbeat sent to http://dn0s1:9001 {"timestamp":"2026-05-31T05:11:19.798Z"}
trace: [TERM 1] heartbeat sent to http://dn0s3:9003 {"timestamp":"2026-05-31T05:11:19.801Z"}
trace: [TERM 1] heartbeat sent to http://dn0s1:9001 {"timestamp":"2026-05-31T05:11:21.799Z"}
trace: [TERM 1] heartbeat sent to http://dn0s3:9003 {"timestamp":"2026-05-31T05:11:21.802Z"}
trace: [TERM 1] heartbeat sent to http://dn0s1:9001 {"timestamp":"2026-05-31T05:11:23.800Z"}
trace: [TERM 1] heartbeat sent to http://dn0s3:9003 {"timestamp":"2026-05-31T05:11:23.802Z"}
trace: [TERM 1] heartbeat sent to http://dn0s1:9001 {"timestamp":"2026-05-31T05:11:25.803Z"}
trace: [TERM 1] heartbeat sent to http://dn0s3:9003 {"timestamp":"2026-05-31T05:11:25.808Z"}
trace: [TERM 1] heartbeat sent to http://dn0s1:9001 {"timestamp":"2026-05-31T05:11:27.804Z"}
trace: [TERM 1] heartbeat sent to http://dn0s3:9003 {"timestamp":"2026-05-31T05:11:27.808Z"}
trace: [TERM 1] heartbeat sent to http://dn0s1:9001 {"timestamp":"2026-05-31T05:11:29.804Z"}
trace: [TERM 1] heartbeat sent to http://dn0s3:9003 {"timestamp":"2026-05-31T05:11:29.809Z"}
trace: [TERM 1] heartbeat sent to http://dn0s1:9001 {"timestamp":"2026-05-31T05:11:31.804Z"}
trace: [TERM 1] heartbeat sent to http://dn0s3:9003 {"timestamp":"2026-05-31T05:11:31.806Z"}
trace: [TERM 1] heartbeat sent to http://dn0s1:9001 {"timestamp":"2026-05-31T05:11:33.805Z"}
trace: [TERM 1] heartbeat sent to http://dn0s3:9003 {"timestamp":"2026-05-31T05:11:33.808Z"}
trace: [TERM 1] heartbeat sent to http://dn0s1:9001 {"timestamp":"2026-05-31T05:11:35.807Z"}
trace: [TERM 1] heartbeat sent to http://dn0s3:9003 {"timestamp":"2026-05-31T05:11:35.811Z"}
trace: [TERM 1] heartbeat sent to http://dn0s1:9001 {"timestamp":"2026-05-31T05:11:37.807Z"}
trace: [TERM 1] heartbeat sent to http://dn0s3:9003 {"timestamp":"2026-05-31T05:11:37.809Z"}
trace: [TERM 1] heartbeat sent to http://dn0s1:9001 {"timestamp":"2026-05-31T05:11:39.807Z"}
trace: [TERM 1] heartbeat sent to http://dn0s3:9003 {"timestamp":"2026-05-31T05:11:39.809Z"}
trace: [TERM 1] heartbeat sent to http://dn0s1:9001 {"timestamp":"2026-05-31T05:11:41.809Z"}
trace: [TERM 1] heartbeat sent to http://dn0s3:9003 {"timestamp":"2026-05-31T05:11:41.812Z"}
trace: [TERM 1] heartbeat sent to http://dn0s1:9001 {"timestamp":"2026-05-31T05:11:43.810Z"}
trace: [TERM 1] heartbeat sent to http://dn0s3:9003 {"timestamp":"2026-05-31T05:11:43.813Z"}
trace: [TERM 1] heartbeat sent to http://dn0s1:9001 {"timestamp":"2026-05-31T05:11:45.810Z"}
trace: [TERM 1] heartbeat sent to http://dn0s3:9003 {"timestamp":"2026-05-31T05:11:45.812Z"}
trace: [TERM 1] heartbeat sent to http://dn0s1:9001 {"timestamp":"2026-05-31T05:11:47.815Z"}
trace: [TERM 1] heartbeat sent to http://dn0s3:9003 {"timestamp":"2026-05-31T05:11:47.820Z"}
trace: [TERM 1] heartbeat sent to http://dn0s1:9001 {"timestamp":"2026-05-31T05:11:49.813Z"}
trace: [TERM 1] heartbeat sent to http://dn0s3:9003 {"timestamp":"2026-05-31T05:11:49.817Z"}
trace: [TERM 1] heartbeat sent to http://dn0s1:9001 {"timestamp":"2026-05-31T05:11:51.819Z"}
trace: [TERM 1] heartbeat sent to http://dn0s3:9003 {"timestamp":"2026-05-31T05:11:51.829Z"}
trace: [TERM 1] heartbeat sent to http://dn0s1:9001 {"timestamp":"2026-05-31T05:11:53.817Z"}
trace: [TERM 1] heartbeat sent to http://dn0s3:9003 {"timestamp":"2026-05-31T05:11:53.822Z"}
trace: [TERM 1] heartbeat sent to http://dn0s1:9001 {"timestamp":"2026-05-31T05:11:55.815Z"}
trace: [TERM 1] heartbeat sent to http://dn0s3:9003 {"timestamp":"2026-05-31T05:11:55.817Z"}
trace: [TERM 1] heartbeat sent to http://dn0s1:9001 {"timestamp":"2026-05-31T05:11:57.819Z"}
trace: [TERM 1] heartbeat sent to http://dn0s3:9003 {"timestamp":"2026-05-31T05:11:57.824Z"}
trace: [TERM 1] heartbeat sent to http://dn0s1:9001 {"timestamp":"2026-05-31T05:11:59.819Z"}
trace: [TERM 1] heartbeat sent to http://dn0s3:9003 {"timestamp":"2026-05-31T05:11:59.824Z"}
trace: [TERM 1] heartbeat sent to http://dn0s1:9001 {"timestamp":"2026-05-31T05:12:01.820Z"}
trace: [TERM 1] heartbeat sent to http://dn0s3:9003 {"timestamp":"2026-05-31T05:12:01.824Z"}
trace: [TERM 1] heartbeat sent to http://dn0s1:9001 {"timestamp":"2026-05-31T05:12:03.822Z"}
trace: [TERM 1] heartbeat sent to http://dn0s3:9003 {"timestamp":"2026-05-31T05:12:03.831Z"}
trace: [TERM 1] heartbeat sent to http://dn0s1:9001 {"timestamp":"2026-05-31T05:12:05.821Z"}
trace: [TERM 1] heartbeat sent to http://dn0s3:9003 {"timestamp":"2026-05-31T05:12:05.824Z"}
trace: [TERM 1] heartbeat sent to http://dn0s1:9001 {"timestamp":"2026-05-31T05:12:07.827Z"}
trace: [TERM 1] heartbeat sent to http://dn0s3:9003 {"timestamp":"2026-05-31T05:12:07.835Z"}
trace: [TERM 1] heartbeat sent to http://dn0s1:9001 {"timestamp":"2026-05-31T05:12:09.827Z"}
trace: [TERM 1] heartbeat sent to http://dn0s3:9003 {"timestamp":"2026-05-31T05:12:09.832Z"}
trace: [TERM 1] heartbeat sent to http://dn0s1:9001 {"timestamp":"2026-05-31T05:12:11.826Z"}
trace: [TERM 1] heartbeat sent to http://dn0s3:9003 {"timestamp":"2026-05-31T05:12:11.830Z"}
trace: [TERM 1] heartbeat sent to http://dn0s1:9001 {"timestamp":"2026-05-31T05:12:13.825Z"}
trace: [TERM 1] heartbeat sent to http://dn0s3:9003 {"timestamp":"2026-05-31T05:12:13.827Z"}
trace: [TERM 1] heartbeat sent to http://dn0s1:9001 {"timestamp":"2026-05-31T05:12:15.830Z"}
trace: [TERM 1] heartbeat sent to http://dn0s3:9003 {"timestamp":"2026-05-31T05:12:15.834Z"}
trace: [TERM 1] heartbeat sent to http://dn0s1:9001 {"timestamp":"2026-05-31T05:12:17.828Z"}
trace: [TERM 1] heartbeat sent to http://dn0s3:9003 {"timestamp":"2026-05-31T05:12:17.830Z"}
trace: [TERM 1] heartbeat sent to http://dn0s1:9001 {"timestamp":"2026-05-31T05:12:19.829Z"}
trace: [TERM 1] heartbeat sent to http://dn0s3:9003 {"timestamp":"2026-05-31T05:12:19.831Z"}
trace: [TERM 1] heartbeat sent to http://dn0s1:9001 {"timestamp":"2026-05-31T05:12:21.830Z"}
trace: [TERM 1] heartbeat sent to http://dn0s3:9003 {"timestamp":"2026-05-31T05:12:21.832Z"}
trace: [TERM 1] heartbeat sent to http://dn0s1:9001 {"timestamp":"2026-05-31T05:12:23.831Z"}
trace: [TERM 1] heartbeat sent to http://dn0s3:9003 {"timestamp":"2026-05-31T05:12:23.834Z"}
trace: [TERM 1] heartbeat sent to http://dn0s1:9001 {"timestamp":"2026-05-31T05:12:25.833Z"}
trace: [TERM 1] heartbeat sent to http://dn0s3:9003 {"timestamp":"2026-05-31T05:12:25.837Z"}
trace: [TERM 1] heartbeat sent to http://dn0s1:9001 {"timestamp":"2026-05-31T05:12:27.831Z"}
trace: [TERM 1] heartbeat sent to http://dn0s3:9003 {"timestamp":"2026-05-31T05:12:27.833Z"}
trace: [TERM 1] heartbeat sent to http://dn0s1:9001 {"timestamp":"2026-05-31T05:12:29.838Z"}
trace: [TERM 1] heartbeat sent to http://dn0s3:9003 {"timestamp":"2026-05-31T05:12:29.843Z"}
trace: [TERM 1] heartbeat sent to http://dn0s1:9001 {"timestamp":"2026-05-31T05:12:31.835Z"}
trace: [TERM 1] heartbeat sent to http://dn0s3:9003 {"timestamp":"2026-05-31T05:12:31.836Z"}
trace: [TERM 1] heartbeat sent to http://dn0s1:9001 {"timestamp":"2026-05-31T05:12:33.835Z"}
trace: [TERM 1] heartbeat sent to http://dn0s3:9003 {"timestamp":"2026-05-31T05:12:33.837Z"}
trace: [TERM 1] heartbeat sent to http://dn0s1:9001 {"timestamp":"2026-05-31T05:12:35.838Z"}
trace: [TERM 1] heartbeat sent to http://dn0s3:9003 {"timestamp":"2026-05-31T05:12:35.841Z"}
trace: [TERM 1] heartbeat sent to http://dn0s1:9001 {"timestamp":"2026-05-31T05:12:37.840Z"}
trace: [TERM 1] heartbeat sent to http://dn0s3:9003 {"timestamp":"2026-05-31T05:12:37.846Z"}
trace: [TERM 1] heartbeat sent to http://dn0s1:9001 {"timestamp":"2026-05-31T05:12:39.843Z"}
trace: [TERM 1] heartbeat sent to http://dn0s3:9003 {"timestamp":"2026-05-31T05:12:39.849Z"}
trace: [TERM 1] heartbeat sent to http://dn0s1:9001 {"timestamp":"2026-05-31T05:12:41.841Z"}
trace: [TERM 1] heartbeat sent to http://dn0s3:9003 {"timestamp":"2026-05-31T05:12:41.844Z"}
trace: [TERM 1] heartbeat sent to http://dn0s1:9001 {"timestamp":"2026-05-31T05:12:43.841Z"}
trace: [TERM 1] heartbeat sent to http://dn0s3:9003 {"timestamp":"2026-05-31T05:12:43.843Z"}
trace: [TERM 1] heartbeat sent to http://dn0s1:9001 {"timestamp":"2026-05-31T05:12:45.842Z"}
trace: [TERM 1] heartbeat sent to http://dn0s3:9003 {"timestamp":"2026-05-31T05:12:45.845Z"}
trace: [TERM 1] heartbeat sent to http://dn0s1:9001 {"timestamp":"2026-05-31T05:12:47.844Z"}
trace: [TERM 1] heartbeat sent to http://dn0s3:9003 {"timestamp":"2026-05-31T05:12:47.848Z"}
trace: [TERM 1] heartbeat sent to http://dn0s1:9001 {"timestamp":"2026-05-31T05:12:49.845Z"}
trace: [TERM 1] heartbeat sent to http://dn0s3:9003 {"timestamp":"2026-05-31T05:12:49.849Z"}
trace: [TERM 1] heartbeat sent to http://dn0s1:9001 {"timestamp":"2026-05-31T05:12:51.851Z"}
trace: [TERM 1] heartbeat sent to http://dn0s3:9003 {"timestamp":"2026-05-31T05:12:51.857Z"}
trace: [TERM 1] heartbeat sent to http://dn0s1:9001 {"timestamp":"2026-05-31T05:12:53.850Z"}
trace: [TERM 1] heartbeat sent to http://dn0s3:9003 {"timestamp":"2026-05-31T05:12:53.856Z"}
trace: [TERM 1] heartbeat sent to http://dn0s1:9001 {"timestamp":"2026-05-31T05:12:55.851Z"}
trace: [TERM 1] heartbeat sent to http://dn0s3:9003 {"timestamp":"2026-05-31T05:12:55.860Z"}
trace: [TERM 1] heartbeat sent to http://dn0s1:9001 {"timestamp":"2026-05-31T05:12:57.851Z"}
trace: [TERM 1] heartbeat sent to http://dn0s3:9003 {"timestamp":"2026-05-31T05:12:57.857Z"}
trace: [TERM 1] heartbeat sent to http://dn0s1:9001 {"timestamp":"2026-05-31T05:12:59.851Z"}
trace: [TERM 1] heartbeat sent to http://dn0s3:9003 {"timestamp":"2026-05-31T05:12:59.857Z"}
trace: [TERM 1] heartbeat sent to http://dn0s1:9001 {"timestamp":"2026-05-31T05:13:01.855Z"}
trace: [TERM 1] heartbeat sent to http://dn0s3:9003 {"timestamp":"2026-05-31T05:13:01.863Z"}
trace: [TERM 1] heartbeat sent to http://dn0s1:9001 {"timestamp":"2026-05-31T05:13:03.852Z"}
trace: [TERM 1] heartbeat sent to http://dn0s3:9003 {"timestamp":"2026-05-31T05:13:03.858Z"}
trace: [TERM 1] heartbeat sent to http://dn0s1:9001 {"timestamp":"2026-05-31T05:13:05.854Z"}
trace: [TERM 1] heartbeat sent to http://dn0s3:9003 {"timestamp":"2026-05-31T05:13:05.858Z"}
trace: [TERM 1] heartbeat sent to http://dn0s1:9001 {"timestamp":"2026-05-31T05:13:07.856Z"}
trace: [TERM 1] heartbeat sent to http://dn0s3:9003 {"timestamp":"2026-05-31T05:13:07.861Z"}
trace: [TERM 1] heartbeat sent to http://dn0s1:9001 {"timestamp":"2026-05-31T05:13:09.857Z"}
trace: [TERM 1] heartbeat sent to http://dn0s3:9003 {"timestamp":"2026-05-31T05:13:09.864Z"}
trace: [TERM 1] heartbeat sent to http://dn0s1:9001 {"timestamp":"2026-05-31T05:13:11.856Z"}
trace: [TERM 1] heartbeat sent to http://dn0s3:9003 {"timestamp":"2026-05-31T05:13:11.858Z"}
trace: [TERM 1] heartbeat sent to http://dn0s1:9001 {"timestamp":"2026-05-31T05:13:13.856Z"}
trace: [TERM 1] heartbeat sent to http://dn0s3:9003 {"timestamp":"2026-05-31T05:13:13.858Z"}
trace: [TERM 1] heartbeat sent to http://dn0s1:9001 {"timestamp":"2026-05-31T05:13:15.859Z"}
trace: [TERM 1] heartbeat sent to http://dn0s3:9003 {"timestamp":"2026-05-31T05:13:15.863Z"}
trace: [TERM 1] heartbeat sent to http://dn0s1:9001 {"timestamp":"2026-05-31T05:13:17.858Z"}
trace: [TERM 1] heartbeat sent to http://dn0s3:9003 {"timestamp":"2026-05-31T05:13:17.860Z"}
trace: [TERM 1] heartbeat sent to http://dn0s1:9001 {"timestamp":"2026-05-31T05:13:19.859Z"}
trace: [TERM 1] heartbeat sent to http://dn0s3:9003 {"timestamp":"2026-05-31T05:13:19.861Z"}
trace: [TERM 1] heartbeat sent to http://dn0s1:9001 {"timestamp":"2026-05-31T05:13:21.861Z"}
trace: [TERM 1] heartbeat sent to http://dn0s3:9003 {"timestamp":"2026-05-31T05:13:21.865Z"}
trace: [TERM 1] heartbeat sent to http://dn0s1:9001 {"timestamp":"2026-05-31T05:13:23.861Z"}
trace: [TERM 1] heartbeat sent to http://dn0s3:9003 {"timestamp":"2026-05-31T05:13:23.865Z"}
trace: [TERM 1] heartbeat sent to http://dn0s1:9001 {"timestamp":"2026-05-31T05:13:25.861Z"}
trace: [TERM 1] heartbeat sent to http://dn0s3:9003 {"timestamp":"2026-05-31T05:13:25.863Z"}
trace: [TERM 1] heartbeat sent to http://dn0s1:9001 {"timestamp":"2026-05-31T05:13:27.864Z"}
trace: [TERM 1] heartbeat sent to http://dn0s3:9003 {"timestamp":"2026-05-31T05:13:27.868Z"}
trace: [TERM 1] heartbeat sent to http://dn0s1:9001 {"timestamp":"2026-05-31T05:13:29.864Z"}
trace: [TERM 1] heartbeat sent to http://dn0s3:9003 {"timestamp":"2026-05-31T05:13:29.867Z"}
trace: [TERM 1] heartbeat sent to http://dn0s1:9001 {"timestamp":"2026-05-31T05:13:31.865Z"}
trace: [TERM 1] heartbeat sent to http://dn0s3:9003 {"timestamp":"2026-05-31T05:13:31.866Z"}
trace: [TERM 1] heartbeat sent to http://dn0s1:9001 {"timestamp":"2026-05-31T05:13:33.867Z"}
trace: [TERM 1] heartbeat sent to http://dn0s3:9003 {"timestamp":"2026-05-31T05:13:33.871Z"}
trace: [TERM 1] heartbeat sent to http://dn0s1:9001 {"timestamp":"2026-05-31T05:13:35.867Z"}
trace: [TERM 1] heartbeat sent to http://dn0s3:9003 {"timestamp":"2026-05-31T05:13:35.868Z"}
trace: [TERM 1] heartbeat sent to http://dn0s1:9001 {"timestamp":"2026-05-31T05:13:37.868Z"}
trace: [TERM 1] heartbeat sent to http://dn0s3:9003 {"timestamp":"2026-05-31T05:13:37.872Z"}
trace: [TERM 1] heartbeat sent to http://dn0s1:9001 {"timestamp":"2026-05-31T05:13:39.870Z"}
trace: [TERM 1] heartbeat sent to http://dn0s3:9003 {"timestamp":"2026-05-31T05:13:39.874Z"}
trace: [TERM 1] heartbeat sent to http://dn0s1:9001 {"timestamp":"2026-05-31T05:13:41.870Z"}
trace: [TERM 1] heartbeat sent to http://dn0s3:9003 {"timestamp":"2026-05-31T05:13:41.872Z"}
trace: [TERM 1] heartbeat sent to http://dn0s1:9001 {"timestamp":"2026-05-31T05:13:43.871Z"}
trace: [TERM 1] heartbeat sent to http://dn0s3:9003 {"timestamp":"2026-05-31T05:13:43.875Z"}
